{"C:\\Users\\demon\\Documents\\DVOPS_Projects\\Testing1\\restaurant-booking\\index.js":{"path":"C:\\Users\\demon\\Documents\\DVOPS_Projects\\Testing1\\restaurant-booking\\index.js","statementMap":{"0":{"start":{"line":1,"column":14},"end":{"line":1,"column":32}},"1":{"start":{"line":2,"column":17},"end":{"line":2,"column":39}},"2":{"start":{"line":3,"column":10},"end":{"line":3,"column":19}},"3":{"start":{"line":5,"column":13},"end":{"line":5,"column":37}},"4":{"start":{"line":6,"column":16},"end":{"line":6,"column":28}},"5":{"start":{"line":8,"column":0},"end":{"line":8,"column":51}},"6":{"start":{"line":9,"column":0},"end":{"line":9,"column":27}},"7":{"start":{"line":10,"column":0},"end":{"line":10,"column":36}},"8":{"start":{"line":12,"column":24},"end":{"line":12,"column":54}},"9":{"start":{"line":13,"column":23},"end":{"line":13,"column":56}},"10":{"start":{"line":14,"column":28},"end":{"line":14,"column":61}},"11":{"start":{"line":15,"column":21},"end":{"line":15,"column":48}},"12":{"start":{"line":16,"column":18},"end":{"line":16,"column":46}},"13":{"start":{"line":17,"column":24},"end":{"line":17,"column":58}},"14":{"start":{"line":18,"column":22},"end":{"line":18,"column":55}},"15":{"start":{"line":19,"column":26},"end":{"line":19,"column":62}},"16":{"start":{"line":22,"column":0},"end":{"line":22,"column":33}},"17":{"start":{"line":23,"column":0},"end":{"line":23,"column":34}},"18":{"start":{"line":26,"column":0},"end":{"line":26,"column":39}},"19":{"start":{"line":28,"column":0},"end":{"line":28,"column":32}},"20":{"start":{"line":30,"column":0},"end":{"line":30,"column":26}},"21":{"start":{"line":32,"column":0},"end":{"line":32,"column":38}},"22":{"start":{"line":33,"column":0},"end":{"line":33,"column":37}},"23":{"start":{"line":35,"column":0},"end":{"line":35,"column":49}},"24":{"start":{"line":37,"column":0},"end":{"line":39,"column":3}},"25":{"start":{"line":38,"column":2},"end":{"line":38,"column":51}},"26":{"start":{"line":41,"column":15},"end":{"line":42,"column":46}},"27":{"start":{"line":42,"column":2},"end":{"line":42,"column":43}},"28":{"start":{"line":44,"column":0},"end":{"line":44,"column":32}}},"fnMap":{"0":{"name":"(anonymous_0)","decl":{"start":{"line":37,"column":13},"end":{"line":37,"column":14}},"loc":{"start":{"line":37,"column":27},"end":{"line":39,"column":1}},"line":37},"1":{"name":"(anonymous_1)","decl":{"start":{"line":41,"column":32},"end":{"line":41,"column":33}},"loc":{"start":{"line":41,"column":44},"end":{"line":42,"column":45}},"line":41}},"branchMap":{"0":{"loc":{"start":{"line":5,"column":13},"end":{"line":5,"column":37}},"type":"binary-expr","locations":[{"start":{"line":5,"column":13},"end":{"line":5,"column":29}},{"start":{"line":5,"column":33},"end":{"line":5,"column":37}}],"line":5}},"s":{"0":0,"1":0,"2":0,"3":0,"4":0,"5":0,"6":0,"7":0,"8":0,"9":0,"10":0,"11":0,"12":0,"13":0,"14":0,"15":0,"16":0,"17":0,"18":0,"19":0,"20":0,"21":0,"22":0,"23":0,"24":0,"25":0,"26":0,"27":0,"28":0},"f":{"0":0,"1":0},"b":{"0":[0,0]},"all":true},"C:\\Users\\demon\\Documents\\DVOPS_Projects\\Testing1\\restaurant-booking\\public\\instrumented\\js\\account.js":{"path":"C:\\Users\\demon\\Documents\\DVOPS_Projects\\Testing1\\restaurant-booking\\public\\instrumented\\js\\account.js","statementMap":{"0":{"start":{"line":1,"column":34},"end":{"line":1,"column":133}},"1":{"start":{"line":1,"column":143},"end":{"line":1,"column":185}},"2":{"start":{"line":1,"column":197},"end":{"line":1,"column":226}},"3":{"start":{"line":1,"column":235},"end":{"line":1,"column":249}},"4":{"start":{"line":1,"column":267},"end":{"line":1,"column":2196}},"5":{"start":{"line":1,"column":2210},"end":{"line":1,"column":2239}},"6":{"start":{"line":1,"column":2240},"end":{"line":1,"column":2317}},"7":{"start":{"line":1,"column":2288},"end":{"line":1,"column":2316}},"8":{"start":{"line":1,"column":2336},"end":{"line":1,"column":2350}},"9":{"start":{"line":2,"column":0},"end":{"line":2,"column":49}},"10":{"start":{"line":2,"column":25},"end":{"line":2,"column":47}},"11":{"start":{"line":2,"column":50},"end":{"line":2,"column":72}},"12":{"start":{"line":2,"column":73},"end":{"line":2,"column":89}},"13":{"start":{"line":2,"column":89},"end":{"line":2,"column":112}},"14":{"start":{"line":2,"column":112},"end":{"line":2,"column":288}},"15":{"start":{"line":2,"column":141},"end":{"line":2,"column":164}},"16":{"start":{"line":2,"column":164},"end":{"line":2,"column":187}},"17":{"start":{"line":2,"column":187},"end":{"line":2,"column":218}},"18":{"start":{"line":2,"column":218},"end":{"line":2,"column":241}},"19":{"start":{"line":2,"column":241},"end":{"line":2,"column":285}},"20":{"start":{"line":2,"column":288},"end":{"line":2,"column":311}},"21":{"start":{"line":2,"column":311},"end":{"line":2,"column":1279}},"22":{"start":{"line":2,"column":376},"end":{"line":2,"column":399}},"23":{"start":{"line":2,"column":399},"end":{"line":2,"column":422}},"24":{"start":{"line":2,"column":422},"end":{"line":2,"column":1276}},"25":{"start":{"line":2,"column":462},"end":{"line":2,"column":488}},"26":{"start":{"line":2,"column":488},"end":{"line":2,"column":511}},"27":{"start":{"line":2,"column":511},"end":{"line":2,"column":545}},"28":{"start":{"line":2,"column":545},"end":{"line":2,"column":568}},"29":{"start":{"line":2,"column":568},"end":{"line":2,"column":598}},"30":{"start":{"line":2,"column":598},"end":{"line":2,"column":621}},"31":{"start":{"line":2,"column":621},"end":{"line":2,"column":661}},"32":{"start":{"line":2,"column":661},"end":{"line":2,"column":684}},"33":{"start":{"line":2,"column":684},"end":{"line":2,"column":731}},"34":{"start":{"line":2,"column":731},"end":{"line":2,"column":754}},"35":{"start":{"line":2,"column":754},"end":{"line":2,"column":801}},"36":{"start":{"line":2,"column":807},"end":{"line":2,"column":833}},"37":{"start":{"line":2,"column":833},"end":{"line":2,"column":857}},"38":{"start":{"line":2,"column":857},"end":{"line":2,"column":1275}},"39":{"start":{"line":2,"column":895},"end":{"line":2,"column":921}},"40":{"start":{"line":2,"column":921},"end":{"line":2,"column":945}},"41":{"start":{"line":2,"column":945},"end":{"line":2,"column":978}},"42":{"start":{"line":2,"column":978},"end":{"line":2,"column":1002}},"43":{"start":{"line":2,"column":1002},"end":{"line":2,"column":1033}},"44":{"start":{"line":2,"column":1033},"end":{"line":2,"column":1057}},"45":{"start":{"line":2,"column":1057},"end":{"line":2,"column":1100}},"46":{"start":{"line":2,"column":1100},"end":{"line":2,"column":1124}},"47":{"start":{"line":2,"column":1124},"end":{"line":2,"column":1168}},"48":{"start":{"line":2,"column":1168},"end":{"line":2,"column":1192}},"49":{"start":{"line":2,"column":1192},"end":{"line":2,"column":1242}},"50":{"start":{"line":2,"column":1248},"end":{"line":2,"column":1274}}},"fnMap":{"0":{"name":"cov_ag623dham","decl":{"start":{"line":1,"column":9},"end":{"line":1,"column":22}},"loc":{"start":{"line":1,"column":24},"end":{"line":2,"column":73}},"line":1},"1":{"name":"(anonymous_1)","decl":{"start":{"line":2,"column":14},"end":{"line":2,"column":15}},"loc":{"start":{"line":2,"column":24},"end":{"line":2,"column":48}},"line":2},"2":{"name":"(anonymous_2)","decl":{"start":{"line":2,"column":130},"end":{"line":2,"column":131}},"loc":{"start":{"line":2,"column":140},"end":{"line":2,"column":286}},"line":2},"3":{"name":"(anonymous_3)","decl":{"start":{"line":2,"column":365},"end":{"line":2,"column":366}},"loc":{"start":{"line":2,"column":375},"end":{"line":2,"column":1277}},"line":2}},"branchMap":{"0":{"loc":{"start":{"line":1,"column":2210},"end":{"line":1,"column":2239}},"type":"binary-expr","locations":[{"start":{"line":1,"column":2210},"end":{"line":1,"column":2221}},{"start":{"line":1,"column":2224},"end":{"line":1,"column":2238}}],"line":1},"1":{"loc":{"start":{"line":1,"column":2240},"end":{"line":1,"column":2317}},"type":"if","locations":[{"start":{"line":1,"column":2240},"end":{"line":1,"column":2317}},{"start":{"line":1,"column":2240},"end":{"line":1,"column":2317}}],"line":1},"2":{"loc":{"start":{"line":1,"column":2243},"end":{"line":1,"column":2286}},"type":"binary-expr","locations":[{"start":{"line":1,"column":2243},"end":{"line":1,"column":2258}},{"start":{"line":1,"column":2260},"end":{"line":1,"column":2286}}],"line":1},"3":{"loc":{"start":{"line":2,"column":422},"end":{"line":2,"column":1276}},"type":"if","locations":[{"start":{"line":2,"column":422},"end":{"line":2,"column":1276}},{"start":{"line":2,"column":422},"end":{"line":2,"column":1276}}],"line":2},"4":{"loc":{"start":{"line":2,"column":857},"end":{"line":2,"column":1275}},"type":"if","locations":[{"start":{"line":2,"column":857},"end":{"line":2,"column":1275}},{"start":{"line":2,"column":857},"end":{"line":2,"column":1275}}],"line":2}},"s":{"0":0,"1":0,"2":0,"3":0,"4":0,"5":0,"6":0,"7":0,"8":0,"9":0,"10":0,"11":0,"12":0,"13":0,"14":0,"15":0,"16":0,"17":0,"18":0,"19":0,"20":0,"21":0,"22":0,"23":0,"24":0,"25":0,"26":0,"27":0,"28":0,"29":0,"30":0,"31":0,"32":0,"33":0,"34":0,"35":0,"36":0,"37":0,"38":0,"39":0,"40":0,"41":0,"42":0,"43":0,"44":0,"45":0,"46":0,"47":0,"48":0,"49":0,"50":0},"f":{"0":0,"1":0,"2":0,"3":0},"b":{"0":[0,0],"1":[0,0],"2":[0,0],"3":[0,0],"4":[0,0]},"inputSourceMap":{"version":3,"names":["cov_ag623dham","actualCoverage","s","$","document","ready","f","fadeOut","addClass","on","is","b","fadeIn","removeClass"],"sources":["account.js"],"sourcesContent":["\r\n$(document).ready(function(){\r\n    $('.login-info-box').fadeOut();\r\n    $('.login-show').addClass('show-log-panel');\r\n});\r\n\r\n\r\n$('.login-reg-panel input[type=\"radio\"]').on('change', function() {\r\n    if($('#log-login-show').is(':checked')) {\r\n        $('.register-info-box').fadeOut(); \r\n        $('.login-info-box').fadeIn();\r\n        \r\n        $('.white-panel').addClass('right-log');\r\n        $('.register-show').addClass('show-log-panel');\r\n        $('.login-show').removeClass('show-log-panel');\r\n        \r\n    }\r\n    else if($('#log-reg-show').is(':checked')) {\r\n        $('.register-info-box').fadeIn();\r\n        $('.login-info-box').fadeOut();\r\n        \r\n        $('.white-panel').removeClass('right-log');\r\n        \r\n        $('.login-show').addClass('show-log-panel');\r\n        $('.register-show').removeClass('show-log-panel');\r\n    }\r\n});"],"mappings":"gzEAeY;AAAAA,aAAA,SAAAA,CAAA,SAAAC,cAAA,WAAAA,cAAA,EAAAD,aAAA,GAAAA,aAAA,GAAAE,CAAA,MAdZC,CAAC,CAACC,QAAQ,CAAC,CAACC,KAAK,CAAC,UAAU,CAAAL,aAAA,GAAAM,CAAA,MAAAN,aAAA,GAAAE,CAAA,MACxBC,CAAC,CAAC,iBAAiB,CAAC,CAACI,OAAO,CAAC,CAAC,CAACP,aAAA,GAAAE,CAAA,MAC/BC,CAAC,CAAC,aAAa,CAAC,CAACK,QAAQ,CAAC,gBAAgB,CAAC,CAC/C,CAAC,CAAC,CAACR,aAAA,GAAAE,CAAA,MAGHC,CAAC,CAAC,sCAAsC,CAAC,CAACM,EAAE,CAAC,QAAQ,CAAE,UAAW,CAAAT,aAAA,GAAAM,CAAA,MAAAN,aAAA,GAAAE,CAAA,MAC9D,GAAGC,CAAC,CAAC,iBAAiB,CAAC,CAACO,EAAE,CAAC,UAAU,CAAC,CAAE,CAAAV,aAAA,GAAAW,CAAA,SAAAX,aAAA,GAAAE,CAAA,MACpCC,CAAC,CAAC,oBAAoB,CAAC,CAACI,OAAO,CAAC,CAAC,CAACP,aAAA,GAAAE,CAAA,MAClCC,CAAC,CAAC,iBAAiB,CAAC,CAACS,MAAM,CAAC,CAAC,CAACZ,aAAA,GAAAE,CAAA,MAE9BC,CAAC,CAAC,cAAc,CAAC,CAACK,QAAQ,CAAC,WAAW,CAAC,CAACR,aAAA,GAAAE,CAAA,MACxCC,CAAC,CAAC,gBAAgB,CAAC,CAACK,QAAQ,CAAC,gBAAgB,CAAC,CAACR,aAAA,GAAAE,CAAA,MAC/CC,CAAC,CAAC,aAAa,CAAC,CAACU,WAAW,CAAC,gBAAgB,CAAC,CAElD,CAAC,IACI,CAAAb,aAAA,GAAAW,CAAA,SAAAX,aAAA,GAAAE,CAAA,UAAGC,CAAC,CAAC,eAAe,CAAC,CAACO,EAAE,CAAC,UAAU,CAAC,CAAE,CAAAV,aAAA,GAAAW,CAAA,SAAAX,aAAA,GAAAE,CAAA,OACvCC,CAAC,CAAC,oBAAoB,CAAC,CAACS,MAAM,CAAC,CAAC,CAACZ,aAAA,GAAAE,CAAA,OACjCC,CAAC,CAAC,iBAAiB,CAAC,CAACI,OAAO,CAAC,CAAC,CAACP,aAAA,GAAAE,CAAA,OAE/BC,CAAC,CAAC,cAAc,CAAC,CAACU,WAAW,CAAC,WAAW,CAAC,CAACb,aAAA,GAAAE,CAAA,OAE3CC,CAAC,CAAC,aAAa,CAAC,CAACK,QAAQ,CAAC,gBAAgB,CAAC,CAACR,aAAA,GAAAE,CAAA,OAC5CC,CAAC,CAAC,gBAAgB,CAAC,CAACU,WAAW,CAAC,gBAAgB,CAAC,CACrD,CAAC,KAAAb,aAAA,GAAAW,CAAA,UAAD,CACJ,CAAC,CAAC"},"all":true},"C:\\Users\\demon\\Documents\\DVOPS_Projects\\Testing1\\restaurant-booking\\public\\instrumented\\js\\booking.js":{"path":"C:\\Users\\demon\\Documents\\DVOPS_Projects\\Testing1\\restaurant-booking\\public\\instrumented\\js\\booking.js","statementMap":{"0":{"start":{"line":1,"column":35},"end":{"line":1,"column":134}},"1":{"start":{"line":1,"column":144},"end":{"line":1,"column":186}},"2":{"start":{"line":1,"column":198},"end":{"line":1,"column":227}},"3":{"start":{"line":1,"column":236},"end":{"line":1,"column":250}},"4":{"start":{"line":1,"column":268},"end":{"line":1,"column":5645}},"5":{"start":{"line":1,"column":5659},"end":{"line":1,"column":5688}},"6":{"start":{"line":1,"column":5689},"end":{"line":1,"column":5766}},"7":{"start":{"line":1,"column":5737},"end":{"line":1,"column":5765}},"8":{"start":{"line":1,"column":5785},"end":{"line":1,"column":5799}},"9":{"start":{"line":2,"column":0},"end":{"line":2,"column":50}},"10":{"start":{"line":2,"column":26},"end":{"line":2,"column":48}},"11":{"start":{"line":2,"column":51},"end":{"line":2,"column":73}},"12":{"start":{"line":2,"column":74},"end":{"line":2,"column":91}},"13":{"start":{"line":2,"column":115},"end":{"line":2,"column":139}},"14":{"start":{"line":2,"column":153},"end":{"line":2,"column":179}},"15":{"start":{"line":2,"column":194},"end":{"line":2,"column":238}},"16":{"start":{"line":2,"column":240},"end":{"line":2,"column":264}},"17":{"start":{"line":2,"column":264},"end":{"line":2,"column":305}},"18":{"start":{"line":2,"column":305},"end":{"line":2,"column":329}},"19":{"start":{"line":2,"column":329},"end":{"line":2,"column":389}},"20":{"start":{"line":2,"column":389},"end":{"line":2,"column":413}},"21":{"start":{"line":2,"column":413},"end":{"line":2,"column":1098}},"22":{"start":{"line":2,"column":439},"end":{"line":2,"column":463}},"23":{"start":{"line":2,"column":463},"end":{"line":2,"column":487}},"24":{"start":{"line":2,"column":487},"end":{"line":2,"column":529}},"25":{"start":{"line":2,"column":539},"end":{"line":2,"column":565}},"26":{"start":{"line":2,"column":567},"end":{"line":2,"column":591}},"27":{"start":{"line":2,"column":591},"end":{"line":2,"column":1016}},"28":{"start":{"line":2,"column":602},"end":{"line":2,"column":627}},"29":{"start":{"line":2,"column":652},"end":{"line":2,"column":676}},"30":{"start":{"line":2,"column":676},"end":{"line":2,"column":1015}},"31":{"start":{"line":2,"column":1016},"end":{"line":2,"column":1041}},"32":{"start":{"line":2,"column":1041},"end":{"line":2,"column":1096}},"33":{"start":{"line":2,"column":1098},"end":{"line":2,"column":1123}},"34":{"start":{"line":2,"column":1123},"end":{"line":2,"column":1138}},"35":{"start":{"line":2,"column":1161},"end":{"line":2,"column":1185}},"36":{"start":{"line":2,"column":1199},"end":{"line":2,"column":1226}},"37":{"start":{"line":2,"column":1242},"end":{"line":2,"column":1279}},"38":{"start":{"line":2,"column":1281},"end":{"line":2,"column":1306}},"39":{"start":{"line":2,"column":1306},"end":{"line":2,"column":1366}},"40":{"start":{"line":2,"column":1366},"end":{"line":2,"column":1391}},"41":{"start":{"line":2,"column":1391},"end":{"line":2,"column":1443}},"42":{"start":{"line":2,"column":1443},"end":{"line":2,"column":1468}},"43":{"start":{"line":2,"column":1468},"end":{"line":2,"column":1526}},"44":{"start":{"line":2,"column":1526},"end":{"line":2,"column":1551}},"45":{"start":{"line":2,"column":1551},"end":{"line":2,"column":1607}},"46":{"start":{"line":2,"column":1607},"end":{"line":2,"column":1632}},"47":{"start":{"line":2,"column":1632},"end":{"line":2,"column":1694}},"48":{"start":{"line":3,"column":0},"end":{"line":3,"column":25}},"49":{"start":{"line":3,"column":25},"end":{"line":3,"column":568}},"50":{"start":{"line":3,"column":282},"end":{"line":3,"column":309}},"51":{"start":{"line":3,"column":309},"end":{"line":3,"column":334}},"52":{"start":{"line":3,"column":334},"end":{"line":3,"column":406}},"53":{"start":{"line":3,"column":406},"end":{"line":3,"column":431}},"54":{"start":{"line":3,"column":431},"end":{"line":3,"column":502}},"55":{"start":{"line":3,"column":502},"end":{"line":3,"column":527}},"56":{"start":{"line":3,"column":527},"end":{"line":3,"column":534}},"57":{"start":{"line":3,"column":540},"end":{"line":3,"column":567}},"58":{"start":{"line":3,"column":581},"end":{"line":3,"column":626}},"59":{"start":{"line":3,"column":628},"end":{"line":3,"column":653}},"60":{"start":{"line":3,"column":653},"end":{"line":3,"column":694}},"61":{"start":{"line":3,"column":694},"end":{"line":3,"column":719}},"62":{"start":{"line":3,"column":719},"end":{"line":3,"column":779}},"63":{"start":{"line":3,"column":779},"end":{"line":3,"column":804}},"64":{"start":{"line":3,"column":804},"end":{"line":3,"column":1992}},"65":{"start":{"line":3,"column":830},"end":{"line":3,"column":854}},"66":{"start":{"line":3,"column":854},"end":{"line":3,"column":879}},"67":{"start":{"line":3,"column":879},"end":{"line":3,"column":921}},"68":{"start":{"line":3,"column":921},"end":{"line":3,"column":946}},"69":{"start":{"line":3,"column":946},"end":{"line":3,"column":968}},"70":{"start":{"line":3,"column":968},"end":{"line":3,"column":993}},"71":{"start":{"line":3,"column":993},"end":{"line":3,"column":1990}},"72":{"start":{"line":3,"column":1025},"end":{"line":3,"column":1052}},"73":{"start":{"line":3,"column":1052},"end":{"line":3,"column":1077}},"74":{"start":{"line":3,"column":1077},"end":{"line":3,"column":1166}},"75":{"start":{"line":3,"column":1166},"end":{"line":3,"column":1191}},"76":{"start":{"line":3,"column":1191},"end":{"line":3,"column":1227}},"77":{"start":{"line":3,"column":1227},"end":{"line":3,"column":1252}},"78":{"start":{"line":3,"column":1252},"end":{"line":3,"column":1324}},"79":{"start":{"line":3,"column":1324},"end":{"line":3,"column":1349}},"80":{"start":{"line":3,"column":1349},"end":{"line":3,"column":1394}},"81":{"start":{"line":3,"column":1394},"end":{"line":3,"column":1419}},"82":{"start":{"line":3,"column":1419},"end":{"line":3,"column":1460}},"83":{"start":{"line":3,"column":1460},"end":{"line":3,"column":1485}},"84":{"start":{"line":3,"column":1485},"end":{"line":3,"column":1529}},"85":{"start":{"line":3,"column":1529},"end":{"line":3,"column":1554}},"86":{"start":{"line":3,"column":1554},"end":{"line":3,"column":1597}},"87":{"start":{"line":3,"column":1597},"end":{"line":3,"column":1622}},"88":{"start":{"line":3,"column":1622},"end":{"line":3,"column":1668}},"89":{"start":{"line":3,"column":1674},"end":{"line":3,"column":1701}},"90":{"start":{"line":3,"column":1701},"end":{"line":3,"column":1726}},"91":{"start":{"line":3,"column":1726},"end":{"line":3,"column":1797}},"92":{"start":{"line":3,"column":1797},"end":{"line":3,"column":1822}},"93":{"start":{"line":3,"column":1822},"end":{"line":3,"column":1893}},"94":{"start":{"line":3,"column":1893},"end":{"line":3,"column":1918}},"95":{"start":{"line":3,"column":1918},"end":{"line":3,"column":1989}},"96":{"start":{"line":3,"column":1992},"end":{"line":3,"column":2017}},"97":{"start":{"line":3,"column":2017},"end":{"line":3,"column":2056}},"98":{"start":{"line":3,"column":2092},"end":{"line":3,"column":2116}},"99":{"start":{"line":3,"column":2130},"end":{"line":3,"column":2157}},"100":{"start":{"line":3,"column":2172},"end":{"line":3,"column":2217}},"101":{"start":{"line":3,"column":2219},"end":{"line":3,"column":2244}},"102":{"start":{"line":3,"column":2244},"end":{"line":3,"column":2302}},"103":{"start":{"line":3,"column":2302},"end":{"line":3,"column":2327}},"104":{"start":{"line":3,"column":2327},"end":{"line":3,"column":2387}},"105":{"start":{"line":3,"column":2387},"end":{"line":3,"column":2412}},"106":{"start":{"line":3,"column":2412},"end":{"line":3,"column":2794}},"107":{"start":{"line":3,"column":2438},"end":{"line":3,"column":2462}},"108":{"start":{"line":3,"column":2462},"end":{"line":3,"column":2487}},"109":{"start":{"line":3,"column":2487},"end":{"line":3,"column":2529}},"110":{"start":{"line":3,"column":2529},"end":{"line":3,"column":2554}},"111":{"start":{"line":3,"column":2554},"end":{"line":3,"column":2792}},"112":{"start":{"line":3,"column":2609},"end":{"line":3,"column":2636}},"113":{"start":{"line":3,"column":2636},"end":{"line":3,"column":2661}},"114":{"start":{"line":3,"column":2661},"end":{"line":3,"column":2697}},"115":{"start":{"line":3,"column":2703},"end":{"line":3,"column":2730}},"116":{"start":{"line":3,"column":2730},"end":{"line":3,"column":2755}},"117":{"start":{"line":3,"column":2755},"end":{"line":3,"column":2791}},"118":{"start":{"line":3,"column":2794},"end":{"line":3,"column":2819}},"119":{"start":{"line":3,"column":2819},"end":{"line":3,"column":2834}}},"fnMap":{"0":{"name":"cov_1c5njyi18a","decl":{"start":{"line":1,"column":9},"end":{"line":1,"column":23}},"loc":{"start":{"line":1,"column":25},"end":{"line":2,"column":74}},"line":1},"1":{"name":"(anonymous_1)","decl":{"start":{"line":2,"column":15},"end":{"line":2,"column":16}},"loc":{"start":{"line":2,"column":25},"end":{"line":2,"column":49}},"line":2},"2":{"name":"viewBookings","decl":{"start":{"line":2,"column":100},"end":{"line":2,"column":112}},"loc":{"start":{"line":2,"column":114},"end":{"line":2,"column":1139}},"line":2},"3":{"name":"(anonymous_3)","decl":{"start":{"line":2,"column":428},"end":{"line":2,"column":429}},"loc":{"start":{"line":2,"column":438},"end":{"line":2,"column":1097}},"line":2},"4":{"name":"addBooking","decl":{"start":{"line":2,"column":1148},"end":{"line":2,"column":1158}},"loc":{"start":{"line":2,"column":1160},"end":{"line":3,"column":2057}},"line":2},"5":{"name":"(anonymous_5)","decl":{"start":{"line":3,"column":819},"end":{"line":3,"column":820}},"loc":{"start":{"line":3,"column":829},"end":{"line":3,"column":1991}},"line":3},"6":{"name":"deleteBooking","decl":{"start":{"line":3,"column":2066},"end":{"line":3,"column":2079}},"loc":{"start":{"line":3,"column":2091},"end":{"line":3,"column":2835}},"line":3},"7":{"name":"(anonymous_7)","decl":{"start":{"line":3,"column":2427},"end":{"line":3,"column":2428}},"loc":{"start":{"line":3,"column":2437},"end":{"line":3,"column":2793}},"line":3}},"branchMap":{"0":{"loc":{"start":{"line":1,"column":5659},"end":{"line":1,"column":5688}},"type":"binary-expr","locations":[{"start":{"line":1,"column":5659},"end":{"line":1,"column":5670}},{"start":{"line":1,"column":5673},"end":{"line":1,"column":5687}}],"line":1},"1":{"loc":{"start":{"line":1,"column":5689},"end":{"line":1,"column":5766}},"type":"if","locations":[{"start":{"line":1,"column":5689},"end":{"line":1,"column":5766}},{"start":{"line":1,"column":5689},"end":{"line":1,"column":5766}}],"line":1},"2":{"loc":{"start":{"line":1,"column":5692},"end":{"line":1,"column":5735}},"type":"binary-expr","locations":[{"start":{"line":1,"column":5692},"end":{"line":1,"column":5707}},{"start":{"line":1,"column":5709},"end":{"line":1,"column":5735}}],"line":1},"3":{"loc":{"start":{"line":3,"column":25},"end":{"line":3,"column":568}},"type":"if","locations":[{"start":{"line":3,"column":25},"end":{"line":3,"column":568}},{"start":{"line":3,"column":25},"end":{"line":3,"column":568}}],"line":3},"4":{"loc":{"start":{"line":3,"column":28},"end":{"line":3,"column":280}},"type":"binary-expr","locations":[{"start":{"line":3,"column":29},"end":{"line":3,"column":77}},{"start":{"line":3,"column":81},"end":{"line":3,"column":125}},{"start":{"line":3,"column":129},"end":{"line":3,"column":176}},{"start":{"line":3,"column":180},"end":{"line":3,"column":226}},{"start":{"line":3,"column":230},"end":{"line":3,"column":279}}],"line":3},"5":{"loc":{"start":{"line":3,"column":993},"end":{"line":3,"column":1990}},"type":"if","locations":[{"start":{"line":3,"column":993},"end":{"line":3,"column":1990}},{"start":{"line":3,"column":993},"end":{"line":3,"column":1990}}],"line":3},"6":{"loc":{"start":{"line":3,"column":2554},"end":{"line":3,"column":2792}},"type":"if","locations":[{"start":{"line":3,"column":2554},"end":{"line":3,"column":2792}},{"start":{"line":3,"column":2554},"end":{"line":3,"column":2792}}],"line":3}},"s":{"0":0,"1":0,"2":0,"3":0,"4":0,"5":0,"6":0,"7":0,"8":0,"9":0,"10":0,"11":0,"12":0,"13":0,"14":0,"15":0,"16":0,"17":0,"18":0,"19":0,"20":0,"21":0,"22":0,"23":0,"24":0,"25":0,"26":0,"27":0,"28":0,"29":0,"30":0,"31":0,"32":0,"33":0,"34":0,"35":0,"36":0,"37":0,"38":0,"39":0,"40":0,"41":0,"42":0,"43":0,"44":0,"45":0,"46":0,"47":0,"48":0,"49":0,"50":0,"51":0,"52":0,"53":0,"54":0,"55":0,"56":0,"57":0,"58":0,"59":0,"60":0,"61":0,"62":0,"63":0,"64":0,"65":0,"66":0,"67":0,"68":0,"69":0,"70":0,"71":0,"72":0,"73":0,"74":0,"75":0,"76":0,"77":0,"78":0,"79":0,"80":0,"81":0,"82":0,"83":0,"84":0,"85":0,"86":0,"87":0,"88":0,"89":0,"90":0,"91":0,"92":0,"93":0,"94":0,"95":0,"96":0,"97":0,"98":0,"99":0,"100":0,"101":0,"102":0,"103":0,"104":0,"105":0,"106":0,"107":0,"108":0,"109":0,"110":0,"111":0,"112":0,"113":0,"114":0,"115":0,"116":0,"117":0,"118":0,"119":0},"f":{"0":0,"1":0,"2":0,"3":0,"4":0,"5":0,"6":0,"7":0},"b":{"0":[0,0],"1":[0,0],"2":[0,0],"3":[0,0],"4":[0,0,0,0,0],"5":[0,0],"6":[0,0]},"inputSourceMap":{"version":3,"names":["cov_1c5njyi18a","actualCoverage","viewBookings","f","response","s","request","XMLHttpRequest","open","setRequestHeader","onload","JSON","parse","responseText","html","i","length","username","rest","contact","people","book_date","id","document","getElementById","innerHTML","send","addBooking","jsonData","Object","value","b","setAttribute","console","log","message","undefined","window","location","href","stringify","deleteBooking","selectedId","alert"],"sources":["booking.js"],"sourcesContent":["function viewBookings() {\r\n  var response = \"\";\r\n  var request = new XMLHttpRequest();\r\n  request.open(\"GET\", \"/view-booking\", true);\r\n  request.setRequestHeader(\"Content-Type\", \"application/json\");\r\n  request.onload = function () {\r\n    response = JSON.parse(request.responseText);\r\n    var html = \"\";\r\n    for (var i = 0; i < response.length; i++) {\r\n      html +=\r\n        \"<tr>\" +\r\n        \"<td>\" +\r\n        (i + 1) +\r\n        \"</td>\" +\r\n        \"<td>\" +\r\n        response[i].username +\r\n        \"</td>\" +\r\n        \"<td>\" +\r\n        response[i].rest +\r\n        \"</td>\" +\r\n        \"<td>\" +\r\n        response[i].contact +\r\n        \"</td>\" +\r\n        \"<td>\" +\r\n        response[i].people +\r\n        \"</td>\" +\r\n        \"<td>\" +\r\n        response[i].book_date +\r\n        \"</td>\" +\r\n        \"<td>\" +\r\n        '<button type=\"button\" class=\"btn btn-danger\" onclick=\"deleteBooking(' +\r\n        response[i].id +\r\n        ')\"> Delete</button>' +\r\n        \"</td>\" +\r\n        \"</tr>\";\r\n    }\r\n    document.getElementById(\"tableContent\").innerHTML = html;\r\n  };\r\n  request.send();\r\n}\r\nfunction addBooking() {\r\n  var response = \"\";\r\n  var jsonData = new Object();\r\n  jsonData.username = document.getElementById(\"username\").value;\r\n  jsonData.rest = document.getElementById(\"rest\").value;\r\n  jsonData.contact = document.getElementById(\"contact\").value;\r\n  jsonData.people = document.getElementById(\"people\").value;\r\n  jsonData.book_date = document.getElementById(\"book_date\").value;\r\n  //jsonData.owner = sessionStorage.getItem(\"email\");\r\n  if (\r\n    jsonData.username == \"\" ||\r\n    jsonData.rest == \"\" ||\r\n    jsonData.contact == \"\" ||\r\n    jsonData.people == \"\" ||\r\n    jsonData.book_date == \"\" \r\n  ) {\r\n    document.getElementById(\"message\").innerHTML = \"All fields are required!\";\r\n    document.getElementById(\"message\").setAttribute(\"class\", \"text-danger\");\r\n    return;\r\n  }\r\n  var request = new XMLHttpRequest();\r\n  request.open(\"POST\", \"/add-booking\", true);\r\n  request.setRequestHeader(\"Content-Type\", \"application/json\");\r\n  request.onload = function () {\r\n    response = JSON.parse(request.responseText);\r\n    console.log(response);\r\n    if (response.message == undefined) {\r\n      document.getElementById(\"message\").innerHTML =\r\n        \"Added a new Booking at \" + jsonData.rest + \"!\";\r\n        window.location.href = 'booking.html';\r\n      document.getElementById(\"message\").setAttribute(\"class\", \"text-success\");\r\n      document.getElementById(\"username\").value = \"\";\r\n      document.getElementById(\"rest\").value = \"\";\r\n      document.getElementById(\"contact\").value = \"\";\r\n      document.getElementById(\"people\").value = \"\";\r\n      document.getElementById(\"book_date\").value = \"\";\r\n    } else {\r\n      document.getElementById(\"message\").innerHTML = \"Unable to add resource!\";\r\n      document.getElementById(\"message\").setAttribute(\"class\", \"text-danger\");\r\n      document.getElementById(\"message\").setAttribute(\"class\", \"text-danger\");\r\n    }\r\n  };\r\n  request.send(JSON.stringify(jsonData));\r\n}\r\nfunction deleteBooking(selectedId) {\r\n    var response = \"\";\r\n    var request = new XMLHttpRequest();\r\n    request.open(\"DELETE\", \"/delete-booking/\" + selectedId, true);\r\n    request.setRequestHeader('Content-Type', 'application/json');\r\n    request.onload = function () {\r\n    response = JSON.parse(request.responseText);\r\n    if (response.message == \"Resource deleted successfully!\") {\r\n    window.location.href = 'booking.html';\r\n    }\r\n    else {\r\n    alert('Unable to delete resource!');\r\n    }\r\n    };\r\n    request.send();\r\n}\r\n"],"mappings":"yqLAeY;AAAAA,cAAA,SAAAA,CAAA,SAAAC,cAAA,WAAAA,cAAA,EAAAD,cAAA,GAfZ,QAAS,CAAAE,YAAYA,CAAA,CAAG,CAAAF,cAAA,GAAAG,CAAA,MACtB,GAAI,CAAAC,QAAQ,EAAAJ,cAAA,GAAAK,CAAA,MAAG,EAAE,EACjB,GAAI,CAAAC,OAAO,EAAAN,cAAA,GAAAK,CAAA,MAAG,GAAI,CAAAE,cAAc,CAAC,CAAC,EAACP,cAAA,GAAAK,CAAA,MACnCC,OAAO,CAACE,IAAI,CAAC,KAAK,CAAE,eAAe,CAAE,IAAI,CAAC,CAACR,cAAA,GAAAK,CAAA,MAC3CC,OAAO,CAACG,gBAAgB,CAAC,cAAc,CAAE,kBAAkB,CAAC,CAACT,cAAA,GAAAK,CAAA,MAC7DC,OAAO,CAACI,MAAM,CAAG,UAAY,CAAAV,cAAA,GAAAG,CAAA,MAAAH,cAAA,GAAAK,CAAA,MAC3BD,QAAQ,CAAGO,IAAI,CAACC,KAAK,CAACN,OAAO,CAACO,YAAY,CAAC,CAC3C,GAAI,CAAAC,IAAI,EAAAd,cAAA,GAAAK,CAAA,MAAG,EAAE,EAACL,cAAA,GAAAK,CAAA,MACd,IAAK,GAAI,CAAAU,CAAC,EAAAf,cAAA,GAAAK,CAAA,MAAG,CAAC,EAAEU,CAAC,CAAGX,QAAQ,CAACY,MAAM,CAAED,CAAC,EAAE,CAAE,CAAAf,cAAA,GAAAK,CAAA,MACxCS,IAAI,EACF,MAAM,CACN,MAAM,EACLC,CAAC,CAAG,CAAC,CAAC,CACP,OAAO,CACP,MAAM,CACNX,QAAQ,CAACW,CAAC,CAAC,CAACE,QAAQ,CACpB,OAAO,CACP,MAAM,CACNb,QAAQ,CAACW,CAAC,CAAC,CAACG,IAAI,CAChB,OAAO,CACP,MAAM,CACNd,QAAQ,CAACW,CAAC,CAAC,CAACI,OAAO,CACnB,OAAO,CACP,MAAM,CACNf,QAAQ,CAACW,CAAC,CAAC,CAACK,MAAM,CAClB,OAAO,CACP,MAAM,CACNhB,QAAQ,CAACW,CAAC,CAAC,CAACM,SAAS,CACrB,OAAO,CACP,MAAM,CACN,sEAAsE,CACtEjB,QAAQ,CAACW,CAAC,CAAC,CAACO,EAAE,CACd,qBAAqB,CACrB,OAAO,CACP,OAAO,CACX,CAACtB,cAAA,GAAAK,CAAA,OACDkB,QAAQ,CAACC,cAAc,CAAC,cAAc,CAAC,CAACC,SAAS,CAAGX,IAAI,CAC1D,CAAC,CAACd,cAAA,GAAAK,CAAA,OACFC,OAAO,CAACoB,IAAI,CAAC,CAAC,CAChB,CACA,QAAS,CAAAC,UAAUA,CAAA,CAAG,CAAA3B,cAAA,GAAAG,CAAA,MACpB,GAAI,CAAAC,QAAQ,EAAAJ,cAAA,GAAAK,CAAA,OAAG,EAAE,EACjB,GAAI,CAAAuB,QAAQ,EAAA5B,cAAA,GAAAK,CAAA,OAAG,GAAI,CAAAwB,MAAM,CAAC,CAAC,EAAC7B,cAAA,GAAAK,CAAA,OAC5BuB,QAAQ,CAACX,QAAQ,CAAGM,QAAQ,CAACC,cAAc,CAAC,UAAU,CAAC,CAACM,KAAK,CAAC9B,cAAA,GAAAK,CAAA,OAC9DuB,QAAQ,CAACV,IAAI,CAAGK,QAAQ,CAACC,cAAc,CAAC,MAAM,CAAC,CAACM,KAAK,CAAC9B,cAAA,GAAAK,CAAA,OACtDuB,QAAQ,CAACT,OAAO,CAAGI,QAAQ,CAACC,cAAc,CAAC,SAAS,CAAC,CAACM,KAAK,CAAC9B,cAAA,GAAAK,CAAA,OAC5DuB,QAAQ,CAACR,MAAM,CAAGG,QAAQ,CAACC,cAAc,CAAC,QAAQ,CAAC,CAACM,KAAK,CAAC9B,cAAA,GAAAK,CAAA,OAC1DuB,QAAQ,CAACP,SAAS,CAAGE,QAAQ,CAACC,cAAc,CAAC,WAAW,CAAC,CAACM,KAAK,CAC/D;AAAA9B,cAAA,GAAAK,CAAA,OACA,GACE,CAAAL,cAAA,GAAA+B,CAAA,SAAAH,QAAQ,CAACX,QAAQ,EAAI,EAAE,IAAAjB,cAAA,GAAA+B,CAAA,SACvBH,QAAQ,CAACV,IAAI,EAAI,EAAE,IAAAlB,cAAA,GAAA+B,CAAA,SACnBH,QAAQ,CAACT,OAAO,EAAI,EAAE,IAAAnB,cAAA,GAAA+B,CAAA,SACtBH,QAAQ,CAACR,MAAM,EAAI,EAAE,IAAApB,cAAA,GAAA+B,CAAA,SACrBH,QAAQ,CAACP,SAAS,EAAI,EAAE,EACxB,CAAArB,cAAA,GAAA+B,CAAA,SAAA/B,cAAA,GAAAK,CAAA,OACAkB,QAAQ,CAACC,cAAc,CAAC,SAAS,CAAC,CAACC,SAAS,CAAG,0BAA0B,CAACzB,cAAA,GAAAK,CAAA,OAC1EkB,QAAQ,CAACC,cAAc,CAAC,SAAS,CAAC,CAACQ,YAAY,CAAC,OAAO,CAAE,aAAa,CAAC,CAAChC,cAAA,GAAAK,CAAA,OACxE,OACF,CAAC,KAAAL,cAAA,GAAA+B,CAAA,UACD,GAAI,CAAAzB,OAAO,EAAAN,cAAA,GAAAK,CAAA,OAAG,GAAI,CAAAE,cAAc,CAAC,CAAC,EAACP,cAAA,GAAAK,CAAA,OACnCC,OAAO,CAACE,IAAI,CAAC,MAAM,CAAE,cAAc,CAAE,IAAI,CAAC,CAACR,cAAA,GAAAK,CAAA,OAC3CC,OAAO,CAACG,gBAAgB,CAAC,cAAc,CAAE,kBAAkB,CAAC,CAACT,cAAA,GAAAK,CAAA,OAC7DC,OAAO,CAACI,MAAM,CAAG,UAAY,CAAAV,cAAA,GAAAG,CAAA,MAAAH,cAAA,GAAAK,CAAA,OAC3BD,QAAQ,CAAGO,IAAI,CAACC,KAAK,CAACN,OAAO,CAACO,YAAY,CAAC,CAACb,cAAA,GAAAK,CAAA,OAC5C4B,OAAO,CAACC,GAAG,CAAC9B,QAAQ,CAAC,CAACJ,cAAA,GAAAK,CAAA,OACtB,GAAID,QAAQ,CAAC+B,OAAO,EAAIC,SAAS,CAAE,CAAApC,cAAA,GAAA+B,CAAA,SAAA/B,cAAA,GAAAK,CAAA,OACjCkB,QAAQ,CAACC,cAAc,CAAC,SAAS,CAAC,CAACC,SAAS,CAC1C,yBAAyB,CAAGG,QAAQ,CAACV,IAAI,CAAG,GAAG,CAAClB,cAAA,GAAAK,CAAA,OAChDgC,MAAM,CAACC,QAAQ,CAACC,IAAI,CAAG,cAAc,CAACvC,cAAA,GAAAK,CAAA,OACxCkB,QAAQ,CAACC,cAAc,CAAC,SAAS,CAAC,CAACQ,YAAY,CAAC,OAAO,CAAE,cAAc,CAAC,CAAChC,cAAA,GAAAK,CAAA,OACzEkB,QAAQ,CAACC,cAAc,CAAC,UAAU,CAAC,CAACM,KAAK,CAAG,EAAE,CAAC9B,cAAA,GAAAK,CAAA,OAC/CkB,QAAQ,CAACC,cAAc,CAAC,MAAM,CAAC,CAACM,KAAK,CAAG,EAAE,CAAC9B,cAAA,GAAAK,CAAA,OAC3CkB,QAAQ,CAACC,cAAc,CAAC,SAAS,CAAC,CAACM,KAAK,CAAG,EAAE,CAAC9B,cAAA,GAAAK,CAAA,OAC9CkB,QAAQ,CAACC,cAAc,CAAC,QAAQ,CAAC,CAACM,KAAK,CAAG,EAAE,CAAC9B,cAAA,GAAAK,CAAA,OAC7CkB,QAAQ,CAACC,cAAc,CAAC,WAAW,CAAC,CAACM,KAAK,CAAG,EAAE,CACjD,CAAC,IAAM,CAAA9B,cAAA,GAAA+B,CAAA,SAAA/B,cAAA,GAAAK,CAAA,OACLkB,QAAQ,CAACC,cAAc,CAAC,SAAS,CAAC,CAACC,SAAS,CAAG,yBAAyB,CAACzB,cAAA,GAAAK,CAAA,OACzEkB,QAAQ,CAACC,cAAc,CAAC,SAAS,CAAC,CAACQ,YAAY,CAAC,OAAO,CAAE,aAAa,CAAC,CAAChC,cAAA,GAAAK,CAAA,OACxEkB,QAAQ,CAACC,cAAc,CAAC,SAAS,CAAC,CAACQ,YAAY,CAAC,OAAO,CAAE,aAAa,CAAC,CACzE,CACF,CAAC,CAAChC,cAAA,GAAAK,CAAA,OACFC,OAAO,CAACoB,IAAI,CAACf,IAAI,CAAC6B,SAAS,CAACZ,QAAQ,CAAC,CAAC,CACxC,CACA,QAAS,CAAAa,aAAaA,CAACC,UAAU,CAAE,CAAA1C,cAAA,GAAAG,CAAA,MAC/B,GAAI,CAAAC,QAAQ,EAAAJ,cAAA,GAAAK,CAAA,OAAG,EAAE,EACjB,GAAI,CAAAC,OAAO,EAAAN,cAAA,GAAAK,CAAA,OAAG,GAAI,CAAAE,cAAc,CAAC,CAAC,EAACP,cAAA,GAAAK,CAAA,OACnCC,OAAO,CAACE,IAAI,CAAC,QAAQ,CAAE,kBAAkB,CAAGkC,UAAU,CAAE,IAAI,CAAC,CAAC1C,cAAA,GAAAK,CAAA,OAC9DC,OAAO,CAACG,gBAAgB,CAAC,cAAc,CAAE,kBAAkB,CAAC,CAACT,cAAA,GAAAK,CAAA,OAC7DC,OAAO,CAACI,MAAM,CAAG,UAAY,CAAAV,cAAA,GAAAG,CAAA,MAAAH,cAAA,GAAAK,CAAA,OAC7BD,QAAQ,CAAGO,IAAI,CAACC,KAAK,CAACN,OAAO,CAACO,YAAY,CAAC,CAACb,cAAA,GAAAK,CAAA,OAC5C,GAAID,QAAQ,CAAC+B,OAAO,EAAI,gCAAgC,CAAE,CAAAnC,cAAA,GAAA+B,CAAA,SAAA/B,cAAA,GAAAK,CAAA,OAC1DgC,MAAM,CAACC,QAAQ,CAACC,IAAI,CAAG,cAAc,CACrC,CAAC,IACI,CAAAvC,cAAA,GAAA+B,CAAA,SAAA/B,cAAA,GAAAK,CAAA,OACLsC,KAAK,CAAC,4BAA4B,CAAC,CACnC,CACA,CAAC,CAAC3C,cAAA,GAAAK,CAAA,OACFC,OAAO,CAACoB,IAAI,CAAC,CAAC,CAClB"},"all":true},"C:\\Users\\demon\\Documents\\DVOPS_Projects\\Testing1\\restaurant-booking\\public\\instrumented\\js\\restaurant.js":{"path":"C:\\Users\\demon\\Documents\\DVOPS_Projects\\Testing1\\restaurant-booking\\public\\instrumented\\js\\restaurant.js","statementMap":{"0":{"start":{"line":1,"column":35},"end":{"line":1,"column":137}},"1":{"start":{"line":1,"column":147},"end":{"line":1,"column":189}},"2":{"start":{"line":1,"column":201},"end":{"line":1,"column":230}},"3":{"start":{"line":1,"column":239},"end":{"line":1,"column":253}},"4":{"start":{"line":1,"column":271},"end":{"line":1,"column":3266}},"5":{"start":{"line":1,"column":3280},"end":{"line":1,"column":3309}},"6":{"start":{"line":1,"column":3310},"end":{"line":1,"column":3387}},"7":{"start":{"line":1,"column":3358},"end":{"line":1,"column":3386}},"8":{"start":{"line":1,"column":3406},"end":{"line":1,"column":3420}},"9":{"start":{"line":2,"column":0},"end":{"line":2,"column":50}},"10":{"start":{"line":2,"column":26},"end":{"line":2,"column":48}},"11":{"start":{"line":2,"column":51},"end":{"line":2,"column":73}},"12":{"start":{"line":2,"column":74},"end":{"line":2,"column":91}},"13":{"start":{"line":2,"column":120},"end":{"line":2,"column":144}},"14":{"start":{"line":2,"column":144},"end":{"line":2,"column":168}},"15":{"start":{"line":2,"column":168},"end":{"line":2,"column":188}},"16":{"start":{"line":2,"column":201},"end":{"line":2,"column":245}},"17":{"start":{"line":2,"column":247},"end":{"line":2,"column":271}},"18":{"start":{"line":2,"column":271},"end":{"line":2,"column":310}},"19":{"start":{"line":2,"column":310},"end":{"line":2,"column":334}},"20":{"start":{"line":2,"column":334},"end":{"line":2,"column":393}},"21":{"start":{"line":3,"column":0},"end":{"line":3,"column":24}},"22":{"start":{"line":3,"column":24},"end":{"line":10,"column":47}},"23":{"start":{"line":3,"column":50},"end":{"line":3,"column":74}},"24":{"start":{"line":3,"column":74},"end":{"line":3,"column":98}},"25":{"start":{"line":4,"column":0},"end":{"line":4,"column":50}},"26":{"start":{"line":6,"column":0},"end":{"line":6,"column":24}},"27":{"start":{"line":6,"column":24},"end":{"line":6,"column":54}},"28":{"start":{"line":10,"column":0},"end":{"line":10,"column":24}},"29":{"start":{"line":10,"column":24},"end":{"line":10,"column":45}},"30":{"start":{"line":11,"column":0},"end":{"line":11,"column":24}},"31":{"start":{"line":11,"column":24},"end":{"line":11,"column":39}},"32":{"start":{"line":11,"column":70},"end":{"line":11,"column":94}},"33":{"start":{"line":11,"column":105},"end":{"line":11,"column":175}},"34":{"start":{"line":11,"column":177},"end":{"line":11,"column":202}},"35":{"start":{"line":11,"column":202},"end":{"line":11,"column":221}},"36":{"start":{"line":11,"column":221},"end":{"line":11,"column":246}},"37":{"start":{"line":11,"column":246},"end":{"line":11,"column":287}},"38":{"start":{"line":11,"column":287},"end":{"line":11,"column":312}},"39":{"start":{"line":11,"column":312},"end":{"line":14,"column":69}},"40":{"start":{"line":11,"column":327},"end":{"line":11,"column":353}},"41":{"start":{"line":11,"column":402},"end":{"line":11,"column":456}},"42":{"start":{"line":11,"column":469},"end":{"line":11,"column":532}},"43":{"start":{"line":11,"column":549},"end":{"line":11,"column":607}},"44":{"start":{"line":11,"column":621},"end":{"line":11,"column":676}},"45":{"start":{"line":11,"column":696},"end":{"line":11,"column":750}},"46":{"start":{"line":13,"column":10},"end":{"line":13,"column":1008}},"47":{"start":{"line":14,"column":0},"end":{"line":14,"column":25}},"48":{"start":{"line":14,"column":25},"end":{"line":14,"column":68}},"49":{"start":{"line":14,"column":88},"end":{"line":14,"column":114}},"50":{"start":{"line":14,"column":143},"end":{"line":14,"column":167}},"51":{"start":{"line":14,"column":189},"end":{"line":14,"column":230}},"52":{"start":{"line":14,"column":232},"end":{"line":14,"column":257}},"53":{"start":{"line":14,"column":257},"end":{"line":14,"column":287}},"54":{"start":{"line":14,"column":287},"end":{"line":14,"column":312}},"55":{"start":{"line":14,"column":312},"end":{"line":14,"column":396}},"56":{"start":{"line":14,"column":396},"end":{"line":14,"column":421}},"57":{"start":{"line":14,"column":421},"end":{"line":14,"column":499}},"58":{"start":{"line":14,"column":499},"end":{"line":14,"column":524}},"59":{"start":{"line":14,"column":524},"end":{"line":14,"column":608}},"60":{"start":{"line":14,"column":608},"end":{"line":14,"column":633}},"61":{"start":{"line":14,"column":633},"end":{"line":14,"column":701}},"62":{"start":{"line":14,"column":701},"end":{"line":14,"column":726}},"63":{"start":{"line":14,"column":726},"end":{"line":14,"column":786}},"64":{"start":{"line":15,"column":0},"end":{"line":15,"column":25}},"65":{"start":{"line":15,"column":25},"end":{"line":15,"column":99}},"66":{"start":{"line":15,"column":99},"end":{"line":15,"column":124}},"67":{"start":{"line":15,"column":124},"end":{"line":15,"column":198}},"68":{"start":{"line":15,"column":198},"end":{"line":15,"column":223}},"69":{"start":{"line":15,"column":223},"end":{"line":15,"column":257}},"70":{"start":{"line":15,"column":257},"end":{"line":15,"column":282}},"71":{"start":{"line":15,"column":282},"end":{"line":15,"column":315}},"72":{"start":{"line":15,"column":315},"end":{"line":15,"column":340}},"73":{"start":{"line":15,"column":340},"end":{"line":15,"column":377}}},"fnMap":{"0":{"name":"cov_1htas5odir","decl":{"start":{"line":1,"column":9},"end":{"line":1,"column":23}},"loc":{"start":{"line":1,"column":25},"end":{"line":2,"column":74}},"line":1},"1":{"name":"(anonymous_1)","decl":{"start":{"line":2,"column":15},"end":{"line":2,"column":16}},"loc":{"start":{"line":2,"column":25},"end":{"line":2,"column":49}},"line":2},"2":{"name":"getRestaurantData","decl":{"start":{"line":2,"column":100},"end":{"line":2,"column":117}},"loc":{"start":{"line":2,"column":119},"end":{"line":11,"column":40}},"line":2},"3":{"name":"(anonymous_3)","decl":{"start":{"line":3,"column":39},"end":{"line":3,"column":40}},"loc":{"start":{"line":3,"column":49},"end":{"line":10,"column":46}},"line":3},"4":{"name":"displayRestaurants","decl":{"start":{"line":11,"column":49},"end":{"line":11,"column":67}},"loc":{"start":{"line":11,"column":69},"end":{"line":14,"column":70}},"line":11},"5":{"name":"viewOneRest","decl":{"start":{"line":14,"column":125},"end":{"line":14,"column":136}},"loc":{"start":{"line":14,"column":142},"end":{"line":15,"column":378}},"line":14}},"branchMap":{"0":{"loc":{"start":{"line":1,"column":3280},"end":{"line":1,"column":3309}},"type":"binary-expr","locations":[{"start":{"line":1,"column":3280},"end":{"line":1,"column":3291}},{"start":{"line":1,"column":3294},"end":{"line":1,"column":3308}}],"line":1},"1":{"loc":{"start":{"line":1,"column":3310},"end":{"line":1,"column":3387}},"type":"if","locations":[{"start":{"line":1,"column":3310},"end":{"line":1,"column":3387}},{"start":{"line":1,"column":3310},"end":{"line":1,"column":3387}}],"line":1},"2":{"loc":{"start":{"line":1,"column":3313},"end":{"line":1,"column":3356}},"type":"binary-expr","locations":[{"start":{"line":1,"column":3313},"end":{"line":1,"column":3328}},{"start":{"line":1,"column":3330},"end":{"line":1,"column":3356}}],"line":1}},"s":{"0":0,"1":0,"2":0,"3":0,"4":0,"5":0,"6":0,"7":0,"8":0,"9":0,"10":0,"11":0,"12":0,"13":0,"14":0,"15":0,"16":0,"17":0,"18":0,"19":0,"20":0,"21":0,"22":0,"23":0,"24":0,"25":0,"26":0,"27":0,"28":0,"29":0,"30":0,"31":0,"32":0,"33":0,"34":0,"35":0,"36":0,"37":0,"38":0,"39":0,"40":0,"41":0,"42":0,"43":0,"44":0,"45":0,"46":0,"47":0,"48":0,"49":0,"50":0,"51":0,"52":0,"53":0,"54":0,"55":0,"56":0,"57":0,"58":0,"59":0,"60":0,"61":0,"62":0,"63":0,"64":0,"65":0,"66":0,"67":0,"68":0,"69":0,"70":0,"71":0,"72":0,"73":0},"f":{"0":0,"1":0,"2":0,"3":0,"4":0,"5":0},"b":{"0":[0,0],"1":[0,0],"2":[0,0]},"inputSourceMap":{"version":3,"names":["cov_1htas5odir","actualCoverage","getRestaurantData","f","s","console","log","request","XMLHttpRequest","open","setRequestHeader","onload","restaurant_array","JSON","parse","responseText","displayRestaurants","send","table","document","getElementById","innerHTML","totalRestaurants","length","count","thumbnail","image","title","restaurantName","locations","rating","ratingNumber","parseFloat","toFixed","cell","stringify","replaceAll","insertAdjacentHTML","currentIndex","viewOneRest","data","selectedResource","description","operatingHours","src","contactNo","_id","$","modal"],"sources":["restaurant.js"],"sourcesContent":["\r\n\r\nfunction getRestaurantData() {\r\n    console.log(\"aaaa\")\r\n    var request = new XMLHttpRequest();\r\n    request.open('GET', \"/restaurant\", true);\r\n    request.setRequestHeader('Content-Type', 'restaurant/json');\r\n    //This function will be called when data returns from the web api    \r\n    request.onload = function () {\r\n        //get all the movies records into our movie array        \r\n        restaurant_array = JSON.parse(request.responseText);\r\n        //Fetch the comments as well        \r\n        //fetchReviews();\r\n        console.log(restaurant_array) // output to console        \r\n        //call the function so as to display all movies tiles for \"Now Showing\"\r\n        //fetchReservations();\r\n        //fetchReviews();\r\n        displayRestaurants();\r\n    };\r\n\r\n    //This command starts the calling of the movies web api  \r\n    request.send();\r\n}\r\n\r\nfunction displayRestaurants() {\r\n    var table = document.getElementById(\"restaurants-details\");\r\n    table.innerHTML = \"\";\r\n    totalRestaurants = restaurant_array.length;\r\n    for (var count = 0; count < totalRestaurants; count++) {\r\n        var thumbnail = restaurant_array[count].image;\r\n        var title = restaurant_array[count].restaurantName;\r\n        var locations = restaurant_array[count].locations;\r\n        var rating = restaurant_array[count].rating;\r\n        var ratingNumber = parseFloat(rating).toFixed(1); // Convert and round the rating to one decimal place\r\n\r\n        // Updated image size\r\n        var cell = '<div class=\"card\" item=\"' + count + '\" style=\"width: 18%; height: 100%; display: flex; flex-direction: column; box-shadow: 0 4px 8px 0 rgba(0, 0, 0, 0.2); border-radius: 8px; margin: 10px; margin-left: 40px; margin-right: 20px; overflow: hidden;\">' +\r\n            '<img class=\"card-img-top\" src=\"' + thumbnail + '\" alt=\"Card image cap\" style=\"width: 100%; height: 150px; object-fit: cover;\">' +\r\n            '<div class=\"rating-pill\" style=\"align-self: flex-end; padding: 5px 10px; background-color: #FFD700; color: #000; border-radius: 5px; font-weight: bold;\">' + ratingNumber + '</div>' +\r\n            '<div class=\"card-body\" style=\"margin-bottom: 10px;\">' +\r\n            '<h5 style=\"cursor: pointer; color: #333; font-weight: bold; margin: 0;\" class=\"card-title\" id=\"viewclick' + count + '\" onclick=\"viewOneRest(\\'' + (JSON.stringify(restaurant_array[count]).replaceAll('\\\"', '&quot;')).replaceAll('\\'', '&apos;') + '\\'); showRestaurantReviews(' + count + ');\">' + title + '</h5>' +\r\n            '<p class=\"card-text\" style=\"color: #777;\">' + locations + '</p>' +\r\n            '</div>' +\r\n            '</div>';\r\n\r\n\r\n\r\n\r\n        //console.log(cell);\r\n        table.insertAdjacentHTML('beforeend', cell);\r\n    }\r\n}\r\n\r\nvar currentIndex = 0;\r\nfunction viewOneRest(data) {\r\n    var selectedResource = JSON.parse(data);\r\n    console.log(selectedResource)\r\n    document.getElementById(\"restaurantName\").innerHTML = selectedResource.restaurantName;\r\n    document.getElementById(\"description\").innerHTML = selectedResource.description;\r\n    document.getElementById(\"operatingHours\").innerHTML = selectedResource.operatingHours;\r\n    document.getElementById(\"rating\").innerHTML = selectedResource.rating;\r\n    document.getElementById(\"image\").src = selectedResource.image;\r\n    //document.getElementById(\"review\").innerHTML = selectedResource.review;\r\n\r\n    document.getElementById(\"locations\").innerHTML = selectedResource.locations;\r\n    document.getElementById(\"contactNo\").innerHTML = selectedResource.contactNo;\r\n\r\n\r\n    currentIndex = selectedResource._id;\r\n    console.log(\"....\" + currentIndex)\r\n\r\n\r\n\r\n    $('#restaurantsModal').modal('show');\r\n}\r\n\r\n\r\n\r\n\r\n\r\n\r\n\r\n"],"mappings":"81GAeY;AAAAA,cAAA,SAAAA,CAAA,SAAAC,cAAA,WAAAA,cAAA,EAAAD,cAAA,GAbZ,QAAS,CAAAE,iBAAiBA,CAAA,CAAG,CAAAF,cAAA,GAAAG,CAAA,MAAAH,cAAA,GAAAI,CAAA,MACzBC,OAAO,CAACC,GAAG,CAAC,MAAM,CAAC,CACnB,GAAI,CAAAC,OAAO,EAAAP,cAAA,GAAAI,CAAA,MAAG,GAAI,CAAAI,cAAc,CAAC,CAAC,EAACR,cAAA,GAAAI,CAAA,MACnCG,OAAO,CAACE,IAAI,CAAC,KAAK,CAAE,aAAa,CAAE,IAAI,CAAC,CAACT,cAAA,GAAAI,CAAA,MACzCG,OAAO,CAACG,gBAAgB,CAAC,cAAc,CAAE,iBAAiB,CAAC,CAC3D;AAAAV,cAAA,GAAAI,CAAA,MACAG,OAAO,CAACI,MAAM,CAAG,UAAY,CAAAX,cAAA,GAAAG,CAAA,MAAAH,cAAA,GAAAI,CAAA,MACzB;AACAQ,gBAAgB,CAAGC,IAAI,CAACC,KAAK,CAACP,OAAO,CAACQ,YAAY,CAAC,CACnD;AACA;AAAAf,cAAA,GAAAI,CAAA,MACAC,OAAO,CAACC,GAAG,CAACM,gBAAgB,CAAC,CAAC;AAC9B;AACA;AACA;AAAAZ,cAAA,GAAAI,CAAA,MACAY,kBAAkB,CAAC,CAAC,CACxB,CAAC,CAED;AAAAhB,cAAA,GAAAI,CAAA,MACAG,OAAO,CAACU,IAAI,CAAC,CAAC,CAClB,CAEA,QAAS,CAAAD,kBAAkBA,CAAA,CAAG,CAAAhB,cAAA,GAAAG,CAAA,MAC1B,GAAI,CAAAe,KAAK,EAAAlB,cAAA,GAAAI,CAAA,MAAGe,QAAQ,CAACC,cAAc,CAAC,qBAAqB,CAAC,EAACpB,cAAA,GAAAI,CAAA,OAC3Dc,KAAK,CAACG,SAAS,CAAG,EAAE,CAACrB,cAAA,GAAAI,CAAA,OACrBkB,gBAAgB,CAAGV,gBAAgB,CAACW,MAAM,CAACvB,cAAA,GAAAI,CAAA,OAC3C,IAAK,GAAI,CAAAoB,KAAK,EAAAxB,cAAA,GAAAI,CAAA,OAAG,CAAC,EAAEoB,KAAK,CAAGF,gBAAgB,CAAEE,KAAK,EAAE,CAAE,CACnD,GAAI,CAAAC,SAAS,EAAAzB,cAAA,GAAAI,CAAA,OAAGQ,gBAAgB,CAACY,KAAK,CAAC,CAACE,KAAK,EAC7C,GAAI,CAAAC,KAAK,EAAA3B,cAAA,GAAAI,CAAA,OAAGQ,gBAAgB,CAACY,KAAK,CAAC,CAACI,cAAc,EAClD,GAAI,CAAAC,SAAS,EAAA7B,cAAA,GAAAI,CAAA,OAAGQ,gBAAgB,CAACY,KAAK,CAAC,CAACK,SAAS,EACjD,GAAI,CAAAC,MAAM,EAAA9B,cAAA,GAAAI,CAAA,OAAGQ,gBAAgB,CAACY,KAAK,CAAC,CAACM,MAAM,EAC3C,GAAI,CAAAC,YAAY,EAAA/B,cAAA,GAAAI,CAAA,OAAG4B,UAAU,CAACF,MAAM,CAAC,CAACG,OAAO,CAAC,CAAC,CAAC,EAAE;AAElD;AACA,GAAI,CAAAC,IAAI,EAAAlC,cAAA,GAAAI,CAAA,OAAG,0BAA0B,CAAGoB,KAAK,CAAG,oNAAoN,CAChQ,iCAAiC,CAAGC,SAAS,CAAG,gFAAgF,CAChI,2JAA2J,CAAGM,YAAY,CAAG,QAAQ,CACrL,sDAAsD,CACtD,0GAA0G,CAAGP,KAAK,CAAG,2BAA2B,CAAIX,IAAI,CAACsB,SAAS,CAACvB,gBAAgB,CAACY,KAAK,CAAC,CAAC,CAACY,UAAU,CAAC,IAAI,CAAE,QAAQ,CAAC,CAAEA,UAAU,CAAC,IAAI,CAAE,QAAQ,CAAC,CAAG,6BAA6B,CAAGZ,KAAK,CAAG,MAAM,CAAGG,KAAK,CAAG,OAAO,CACrT,4CAA4C,CAAGE,SAAS,CAAG,MAAM,CACjE,QAAQ,CACR,QAAQ,EAKZ;AAAA7B,cAAA,GAAAI,CAAA,OACAc,KAAK,CAACmB,kBAAkB,CAAC,WAAW,CAAEH,IAAI,CAAC,CAC/C,CACJ,CAEA,GAAI,CAAAI,YAAY,EAAAtC,cAAA,GAAAI,CAAA,OAAG,CAAC,EACpB,QAAS,CAAAmC,WAAWA,CAACC,IAAI,CAAE,CAAAxC,cAAA,GAAAG,CAAA,MACvB,GAAI,CAAAsC,gBAAgB,EAAAzC,cAAA,GAAAI,CAAA,OAAGS,IAAI,CAACC,KAAK,CAAC0B,IAAI,CAAC,EAACxC,cAAA,GAAAI,CAAA,OACxCC,OAAO,CAACC,GAAG,CAACmC,gBAAgB,CAAC,CAAAzC,cAAA,GAAAI,CAAA,OAC7Be,QAAQ,CAACC,cAAc,CAAC,gBAAgB,CAAC,CAACC,SAAS,CAAGoB,gBAAgB,CAACb,cAAc,CAAC5B,cAAA,GAAAI,CAAA,OACtFe,QAAQ,CAACC,cAAc,CAAC,aAAa,CAAC,CAACC,SAAS,CAAGoB,gBAAgB,CAACC,WAAW,CAAC1C,cAAA,GAAAI,CAAA,OAChFe,QAAQ,CAACC,cAAc,CAAC,gBAAgB,CAAC,CAACC,SAAS,CAAGoB,gBAAgB,CAACE,cAAc,CAAC3C,cAAA,GAAAI,CAAA,OACtFe,QAAQ,CAACC,cAAc,CAAC,QAAQ,CAAC,CAACC,SAAS,CAAGoB,gBAAgB,CAACX,MAAM,CAAC9B,cAAA,GAAAI,CAAA,OACtEe,QAAQ,CAACC,cAAc,CAAC,OAAO,CAAC,CAACwB,GAAG,CAAGH,gBAAgB,CAACf,KAAK,CAC7D;AAAA1B,cAAA,GAAAI,CAAA,OAEAe,QAAQ,CAACC,cAAc,CAAC,WAAW,CAAC,CAACC,SAAS,CAAGoB,gBAAgB,CAACZ,SAAS,CAAC7B,cAAA,GAAAI,CAAA,OAC5Ee,QAAQ,CAACC,cAAc,CAAC,WAAW,CAAC,CAACC,SAAS,CAAGoB,gBAAgB,CAACI,SAAS,CAAC7C,cAAA,GAAAI,CAAA,OAG5EkC,YAAY,CAAGG,gBAAgB,CAACK,GAAG,CAAC9C,cAAA,GAAAI,CAAA,OACpCC,OAAO,CAACC,GAAG,CAAC,MAAM,CAAGgC,YAAY,CAAC,CAAAtC,cAAA,GAAAI,CAAA,OAIlC2C,CAAC,CAAC,mBAAmB,CAAC,CAACC,KAAK,CAAC,MAAM,CAAC,CACxC"},"all":true},"C:\\Users\\demon\\Documents\\DVOPS_Projects\\Testing1\\restaurant-booking\\public\\instrumented\\js\\review.js":{"path":"C:\\Users\\demon\\Documents\\DVOPS_Projects\\Testing1\\restaurant-booking\\public\\instrumented\\js\\review.js","statementMap":{"0":{"start":{"line":1,"column":35},"end":{"line":1,"column":133}},"1":{"start":{"line":1,"column":143},"end":{"line":1,"column":185}},"2":{"start":{"line":1,"column":197},"end":{"line":1,"column":226}},"3":{"start":{"line":1,"column":235},"end":{"line":1,"column":249}},"4":{"start":{"line":1,"column":267},"end":{"line":1,"column":6342}},"5":{"start":{"line":1,"column":6356},"end":{"line":1,"column":6385}},"6":{"start":{"line":1,"column":6386},"end":{"line":1,"column":6463}},"7":{"start":{"line":1,"column":6434},"end":{"line":1,"column":6462}},"8":{"start":{"line":1,"column":6482},"end":{"line":1,"column":6496}},"9":{"start":{"line":2,"column":0},"end":{"line":2,"column":50}},"10":{"start":{"line":2,"column":26},"end":{"line":2,"column":48}},"11":{"start":{"line":2,"column":51},"end":{"line":2,"column":73}},"12":{"start":{"line":2,"column":74},"end":{"line":2,"column":91}},"13":{"start":{"line":2,"column":115},"end":{"line":2,"column":139}},"14":{"start":{"line":2,"column":152},"end":{"line":2,"column":196}},"15":{"start":{"line":2,"column":198},"end":{"line":2,"column":222}},"16":{"start":{"line":2,"column":222},"end":{"line":2,"column":258}},"17":{"start":{"line":2,"column":258},"end":{"line":2,"column":282}},"18":{"start":{"line":2,"column":282},"end":{"line":2,"column":342}},"19":{"start":{"line":3,"column":0},"end":{"line":3,"column":24}},"20":{"start":{"line":3,"column":24},"end":{"line":4,"column":98}},"21":{"start":{"line":3,"column":50},"end":{"line":3,"column":74}},"22":{"start":{"line":3,"column":74},"end":{"line":3,"column":98}},"23":{"start":{"line":4,"column":0},"end":{"line":4,"column":46}},"24":{"start":{"line":4,"column":46},"end":{"line":4,"column":70}},"25":{"start":{"line":4,"column":70},"end":{"line":4,"column":96}},"26":{"start":{"line":4,"column":98},"end":{"line":4,"column":122}},"27":{"start":{"line":4,"column":122},"end":{"line":4,"column":137}},"28":{"start":{"line":6,"column":37},"end":{"line":6,"column":61}},"29":{"start":{"line":6,"column":61},"end":{"line":6,"column":85}},"30":{"start":{"line":6,"column":85},"end":{"line":6,"column":161}},"31":{"start":{"line":8,"column":0},"end":{"line":8,"column":24}},"32":{"start":{"line":8,"column":24},"end":{"line":8,"column":122}},"33":{"start":{"line":8,"column":122},"end":{"line":8,"column":146}},"34":{"start":{"line":8,"column":146},"end":{"line":8,"column":195}},"35":{"start":{"line":8,"column":195},"end":{"line":8,"column":220}},"36":{"start":{"line":8,"column":220},"end":{"line":17,"column":143}},"37":{"start":{"line":8,"column":231},"end":{"line":8,"column":257}},"38":{"start":{"line":8,"column":286},"end":{"line":8,"column":311}},"39":{"start":{"line":8,"column":311},"end":{"line":17,"column":142}},"40":{"start":{"line":8,"column":386},"end":{"line":8,"column":413}},"41":{"start":{"line":8,"column":413},"end":{"line":8,"column":438}},"42":{"start":{"line":8,"column":438},"end":{"line":8,"column":459}},"43":{"start":{"line":8,"column":459},"end":{"line":8,"column":484}},"44":{"start":{"line":8,"column":484},"end":{"line":8,"column":513}},"45":{"start":{"line":8,"column":513},"end":{"line":8,"column":538}},"46":{"start":{"line":8,"column":538},"end":{"line":8,"column":578}},"47":{"start":{"line":8,"column":578},"end":{"line":8,"column":603}},"48":{"start":{"line":8,"column":603},"end":{"line":8,"column":652}},"49":{"start":{"line":8,"column":652},"end":{"line":8,"column":677}},"50":{"start":{"line":8,"column":677},"end":{"line":8,"column":685}},"51":{"start":{"line":8,"column":695},"end":{"line":15,"column":31}},"52":{"start":{"line":15,"column":33},"end":{"line":15,"column":58}},"53":{"start":{"line":15,"column":58},"end":{"line":15,"column":129}},"54":{"start":{"line":15,"column":139},"end":{"line":15,"column":166}},"55":{"start":{"line":15,"column":168},"end":{"line":15,"column":193}},"56":{"start":{"line":15,"column":193},"end":{"line":15,"column":388}},"57":{"start":{"line":15,"column":204},"end":{"line":15,"column":230}},"58":{"start":{"line":15,"column":262},"end":{"line":15,"column":287}},"59":{"start":{"line":15,"column":287},"end":{"line":15,"column":302}},"60":{"start":{"line":15,"column":302},"end":{"line":15,"column":327}},"61":{"start":{"line":15,"column":327},"end":{"line":15,"column":387}},"62":{"start":{"line":17,"column":0},"end":{"line":17,"column":25}},"63":{"start":{"line":17,"column":25},"end":{"line":17,"column":108}},"64":{"start":{"line":17,"column":114},"end":{"line":17,"column":141}},"65":{"start":{"line":17,"column":165},"end":{"line":17,"column":189}},"66":{"start":{"line":17,"column":189},"end":{"line":17,"column":214}},"67":{"start":{"line":18,"column":0},"end":{"line":18,"column":9}},"68":{"start":{"line":18,"column":9},"end":{"line":18,"column":34}},"69":{"start":{"line":18,"column":34},"end":{"line":18,"column":83}},"70":{"start":{"line":19,"column":21},"end":{"line":19,"column":45}},"71":{"start":{"line":19,"column":57},"end":{"line":19,"column":94}},"72":{"start":{"line":19,"column":96},"end":{"line":19,"column":121}},"73":{"start":{"line":19,"column":121},"end":{"line":19,"column":189}},"74":{"start":{"line":19,"column":189},"end":{"line":19,"column":214}},"75":{"start":{"line":19,"column":214},"end":{"line":19,"column":234}},"76":{"start":{"line":19,"column":234},"end":{"line":19,"column":259}},"77":{"start":{"line":19,"column":259},"end":{"line":19,"column":318}},"78":{"start":{"line":19,"column":318},"end":{"line":19,"column":343}},"79":{"start":{"line":19,"column":343},"end":{"line":19,"column":403}},"80":{"start":{"line":19,"column":403},"end":{"line":19,"column":428}},"81":{"start":{"line":19,"column":428},"end":{"line":19,"column":492}},"82":{"start":{"line":20,"column":0},"end":{"line":20,"column":25}},"83":{"start":{"line":20,"column":25},"end":{"line":20,"column":46}},"84":{"start":{"line":20,"column":46},"end":{"line":20,"column":71}},"85":{"start":{"line":20,"column":71},"end":{"line":20,"column":91}},"86":{"start":{"line":20,"column":107},"end":{"line":20,"column":152}},"87":{"start":{"line":21,"column":0},"end":{"line":21,"column":25}},"88":{"start":{"line":21,"column":25},"end":{"line":21,"column":65}},"89":{"start":{"line":21,"column":65},"end":{"line":21,"column":90}},"90":{"start":{"line":21,"column":90},"end":{"line":21,"column":153}},"91":{"start":{"line":21,"column":153},"end":{"line":21,"column":178}},"92":{"start":{"line":21,"column":178},"end":{"line":23,"column":42}},"93":{"start":{"line":21,"column":207},"end":{"line":21,"column":231}},"94":{"start":{"line":21,"column":231},"end":{"line":21,"column":256}},"95":{"start":{"line":21,"column":256},"end":{"line":21,"column":287}},"96":{"start":{"line":22,"column":0},"end":{"line":22,"column":25}},"97":{"start":{"line":22,"column":25},"end":{"line":22,"column":70}},"98":{"start":{"line":22,"column":70},"end":{"line":22,"column":95}},"99":{"start":{"line":22,"column":95},"end":{"line":22,"column":145}},"100":{"start":{"line":23,"column":0},"end":{"line":23,"column":25}},"101":{"start":{"line":23,"column":25},"end":{"line":23,"column":40}},"102":{"start":{"line":23,"column":42},"end":{"line":23,"column":67}},"103":{"start":{"line":23,"column":67},"end":{"line":23,"column":107}},"104":{"start":{"line":25,"column":25},"end":{"line":25,"column":49}},"105":{"start":{"line":25,"column":58},"end":{"line":25,"column":112}},"106":{"start":{"line":25,"column":129},"end":{"line":25,"column":183}},"107":{"start":{"line":25,"column":199},"end":{"line":25,"column":266}},"108":{"start":{"line":25,"column":285},"end":{"line":25,"column":323}},"109":{"start":{"line":27,"column":0},"end":{"line":27,"column":25}},"110":{"start":{"line":27,"column":25},"end":{"line":27,"column":132}},"111":{"start":{"line":27,"column":54},"end":{"line":27,"column":79}},"112":{"start":{"line":27,"column":79},"end":{"line":27,"column":131}},"113":{"start":{"line":27,"column":132},"end":{"line":27,"column":157}},"114":{"start":{"line":27,"column":157},"end":{"line":27,"column":193}},"115":{"start":{"line":29,"column":45},"end":{"line":29,"column":69}},"116":{"start":{"line":29,"column":69},"end":{"line":29,"column":94}},"117":{"start":{"line":29,"column":94},"end":{"line":29,"column":1106}},"118":{"start":{"line":29,"column":119},"end":{"line":29,"column":146}},"119":{"start":{"line":29,"column":146},"end":{"line":29,"column":171}},"120":{"start":{"line":29,"column":171},"end":{"line":29,"column":262}},"121":{"start":{"line":29,"column":262},"end":{"line":29,"column":287}},"122":{"start":{"line":29,"column":287},"end":{"line":29,"column":296}},"123":{"start":{"line":29,"column":296},"end":{"line":29,"column":321}},"124":{"start":{"line":29,"column":321},"end":{"line":29,"column":327}},"125":{"start":{"line":29,"column":334},"end":{"line":29,"column":361}},"126":{"start":{"line":29,"column":361},"end":{"line":29,"column":386}},"127":{"start":{"line":29,"column":386},"end":{"line":29,"column":477}},"128":{"start":{"line":29,"column":477},"end":{"line":29,"column":502}},"129":{"start":{"line":29,"column":502},"end":{"line":29,"column":593}},"130":{"start":{"line":29,"column":593},"end":{"line":29,"column":618}},"131":{"start":{"line":29,"column":618},"end":{"line":29,"column":627}},"132":{"start":{"line":29,"column":627},"end":{"line":29,"column":652}},"133":{"start":{"line":29,"column":652},"end":{"line":29,"column":658}},"134":{"start":{"line":29,"column":665},"end":{"line":29,"column":692}},"135":{"start":{"line":29,"column":692},"end":{"line":29,"column":717}},"136":{"start":{"line":29,"column":717},"end":{"line":29,"column":808}},"137":{"start":{"line":29,"column":808},"end":{"line":29,"column":833}},"138":{"start":{"line":29,"column":833},"end":{"line":29,"column":924}},"139":{"start":{"line":29,"column":924},"end":{"line":29,"column":949}},"140":{"start":{"line":29,"column":949},"end":{"line":29,"column":1040}},"141":{"start":{"line":29,"column":1040},"end":{"line":29,"column":1065}},"142":{"start":{"line":29,"column":1065},"end":{"line":29,"column":1074}},"143":{"start":{"line":29,"column":1074},"end":{"line":29,"column":1099}},"144":{"start":{"line":29,"column":1099},"end":{"line":29,"column":1105}}},"fnMap":{"0":{"name":"cov_2daokvp02u","decl":{"start":{"line":1,"column":9},"end":{"line":1,"column":23}},"loc":{"start":{"line":1,"column":25},"end":{"line":2,"column":74}},"line":1},"1":{"name":"(anonymous_1)","decl":{"start":{"line":2,"column":15},"end":{"line":2,"column":16}},"loc":{"start":{"line":2,"column":25},"end":{"line":2,"column":49}},"line":2},"2":{"name":"fetchReviews","decl":{"start":{"line":2,"column":100},"end":{"line":2,"column":112}},"loc":{"start":{"line":2,"column":114},"end":{"line":4,"column":138}},"line":2},"3":{"name":"(anonymous_3)","decl":{"start":{"line":3,"column":39},"end":{"line":3,"column":40}},"loc":{"start":{"line":3,"column":49},"end":{"line":4,"column":97}},"line":3},"4":{"name":"showRestaurantReviews","decl":{"start":{"line":6,"column":9},"end":{"line":6,"column":30}},"loc":{"start":{"line":6,"column":36},"end":{"line":17,"column":144}},"line":6},"5":{"name":"newReview","decl":{"start":{"line":17,"column":153},"end":{"line":17,"column":162}},"loc":{"start":{"line":17,"column":164},"end":{"line":18,"column":84}},"line":17},"6":{"name":"addReview","decl":{"start":{"line":19,"column":9},"end":{"line":19,"column":18}},"loc":{"start":{"line":19,"column":20},"end":{"line":23,"column":108}},"line":19},"7":{"name":"(anonymous_7)","decl":{"start":{"line":21,"column":196},"end":{"line":21,"column":197}},"loc":{"start":{"line":21,"column":206},"end":{"line":23,"column":41}},"line":21},"8":{"name":"rateIt","decl":{"start":{"line":25,"column":9},"end":{"line":25,"column":15}},"loc":{"start":{"line":25,"column":24},"end":{"line":27,"column":194}},"line":25},"9":{"name":"changePopcornImage","decl":{"start":{"line":29,"column":9},"end":{"line":29,"column":27}},"loc":{"start":{"line":29,"column":44},"end":{"line":29,"column":1107}},"line":29}},"branchMap":{"0":{"loc":{"start":{"line":1,"column":6356},"end":{"line":1,"column":6385}},"type":"binary-expr","locations":[{"start":{"line":1,"column":6356},"end":{"line":1,"column":6367}},{"start":{"line":1,"column":6370},"end":{"line":1,"column":6384}}],"line":1},"1":{"loc":{"start":{"line":1,"column":6386},"end":{"line":1,"column":6463}},"type":"if","locations":[{"start":{"line":1,"column":6386},"end":{"line":1,"column":6463}},{"start":{"line":1,"column":6386},"end":{"line":1,"column":6463}}],"line":1},"2":{"loc":{"start":{"line":1,"column":6389},"end":{"line":1,"column":6432}},"type":"binary-expr","locations":[{"start":{"line":1,"column":6389},"end":{"line":1,"column":6404}},{"start":{"line":1,"column":6406},"end":{"line":1,"column":6432}}],"line":1},"3":{"loc":{"start":{"line":8,"column":311},"end":{"line":17,"column":142}},"type":"if","locations":[{"start":{"line":8,"column":311},"end":{"line":17,"column":142}},{"start":{"line":8,"column":311},"end":{"line":17,"column":142}}],"line":8},"4":{"loc":{"start":{"line":29,"column":94},"end":{"line":29,"column":1106}},"type":"switch","locations":[{"start":{"line":29,"column":112},"end":{"line":29,"column":327}},{"start":{"line":29,"column":327},"end":{"line":29,"column":658}},{"start":{"line":29,"column":658},"end":{"line":29,"column":1105}}],"line":29}},"s":{"0":0,"1":0,"2":0,"3":0,"4":0,"5":0,"6":0,"7":0,"8":0,"9":0,"10":0,"11":0,"12":0,"13":0,"14":0,"15":0,"16":0,"17":0,"18":0,"19":0,"20":0,"21":0,"22":0,"23":0,"24":0,"25":0,"26":0,"27":0,"28":0,"29":0,"30":0,"31":0,"32":0,"33":0,"34":0,"35":0,"36":0,"37":0,"38":0,"39":0,"40":0,"41":0,"42":0,"43":0,"44":0,"45":0,"46":0,"47":0,"48":0,"49":0,"50":0,"51":0,"52":0,"53":0,"54":0,"55":0,"56":0,"57":0,"58":0,"59":0,"60":0,"61":0,"62":0,"63":0,"64":0,"65":0,"66":0,"67":0,"68":0,"69":0,"70":0,"71":0,"72":0,"73":0,"74":0,"75":0,"76":0,"77":0,"78":0,"79":0,"80":0,"81":0,"82":0,"83":0,"84":0,"85":0,"86":0,"87":0,"88":0,"89":0,"90":0,"91":0,"92":0,"93":0,"94":0,"95":0,"96":0,"97":0,"98":0,"99":0,"100":0,"101":0,"102":0,"103":0,"104":0,"105":0,"106":0,"107":0,"108":0,"109":0,"110":0,"111":0,"112":0,"113":0,"114":0,"115":0,"116":0,"117":0,"118":0,"119":0,"120":0,"121":0,"122":0,"123":0,"124":0,"125":0,"126":0,"127":0,"128":0,"129":0,"130":0,"131":0,"132":0,"133":0,"134":0,"135":0,"136":0,"137":0,"138":0,"139":0,"140":0,"141":0,"142":0,"143":0,"144":0},"f":{"0":0,"1":0,"2":0,"3":0,"4":0,"5":0,"6":0,"7":0,"8":0,"9":0},"b":{"0":[0,0],"1":[0,0],"2":[0,0],"3":[0,0],"4":[0,0,0]},"inputSourceMap":{"version":3,"names":["cov_2daokvp02u","actualCoverage","fetchReviews","f","request","s","XMLHttpRequest","open","setRequestHeader","onload","review_array","JSON","parse","responseText","console","log","send","showRestaurantReviews","item","document","getElementById","innerHTML","textContent","restaurant_array","restaurantName","i","length","b","_id","selectedRestaurant_id","star","html","review","username","dateOfVisit","insertAdjacentHTML","j","rating","newReview","value","addReview","Object","currentIndex","postReview","alert","querySelector","id","stringify","rateIt","element","num","getAttribute","classname","popcorns","getElementsByClassName","classTarget","popcorn","setAttribute","changePopcornImage","eval"],"sources":["review.js"],"sourcesContent":["function fetchReviews() {\r\n    var request = new XMLHttpRequest();\r\n\r\n    request.open('GET', \"/comment\", true);\r\n    request.setRequestHeader('Content-Type', 'application/json');\r\n    //This command starts the calling of the comments api\r\n    request.onload = function () {\r\n        //get all the comments records into our comments array\r\n        review_array = JSON.parse(request.responseText);\r\n        console.log(review_array);\r\n    };\r\n\r\n    request.send();\r\n}\r\n\r\n//This function is to display all the comments of that movie\r\n//whenever the user click on the \"comment\" button\r\nfunction showRestaurantReviews(item) {\r\n    document.getElementById(\"review\").innerHTML = \"No review yet. Create one now\";\r\n    // var item = element.getAttribute(\"item\");\r\n    // currentIndex = item;\r\n    document.getElementById(\"review\").textContent = \"Review for \" + restaurant_array[item].restaurantName;\r\n    document.getElementById(\"review\").textContent = \"\";\r\n\r\n    for (var i = 0; i < review_array.length; i++) {\r\n        if (review_array[i].restaurantName === restaurant_array[item].restaurantName) {\r\n            console.log(\"found\")\r\nconsole.log(review_array[i])\r\nconsole.log(restaurant_array[item]._id)\r\n\r\n            selectedRestaurant_id = restaurant_array[item]._id;\r\n            star = \"\";\r\n            var html = '<div class=\"text-center\" style=\"width:100%;\">                                                           \\\r\n                            <div class=\"card\">                                                                                  \\\r\n                                <div class=\"card-body\">                                                                         \\\r\n                                    <p class=\"card-text\" id=\"rating' + i + '\">' + review_array[i].review + \"</p>               \\\r\n                                    <small>by \" + review_array[i].username + \" @ \" + review_array[i].dateOfVisit + \"</small>   \\\r\n                                </div>                                                                                          \\\r\n                            </div>                                                                                              \\\r\n                        </div>\";\r\n            document.getElementById(\"review\").insertAdjacentHTML('beforeend', html);\r\n\r\n            var star = \"\";\r\n            for (var j = 0; j < review_array[i].rating; j++) {\r\n                console.log(i);\r\n                star += \"<img src='images/popcorn.png' style='width:50px' />\";\r\n            }\r\n            // star += \"<i class='far fa-trash-alt fa-2x edit' data-dismiss='modal' item='\" + i + \"' onClick='deleteReview(this)' ></i>\";\r\n            // star += \"<i class='far fa-edit fa-2x edit' data-toggle='modal' data-target='#editReviewModal' data-dismiss='modal' item='\" + i + \"' onClick='editReview(this)' ></i>\";\r\n            document.getElementById(\"rating\" + i).insertAdjacentHTML('beforebegin', star + \"<br/>\");\r\n        }\r\n    }\r\n}\r\n\r\nfunction newReview() {\r\n    //Initialise each HTML input elements in the modal window with default value.\r\n    rating = 0;\r\n    document.getElementById(\"userComments\").value = \"\";\r\n}\r\n\r\n// Submit or send the new comment to the server to be added.\r\nfunction addReview() {\r\n    var review = new Object();\r\n    review.restaurantName = restaurant_array[currentIndex].restaurantName;\r\n\r\n    console.log(review);\r\n    review.username = document.getElementById(\"username1\").value;\r\n    review.review = document.getElementById(\"userComments\").value;\r\n    review.dateOfVisit = document.getElementById(\"dateOfVisit\").value;\r\n\r\n    //review.timestamp = document.getElementById(\"timestamp\").value;\r\n    review.rating = rating;\r\n\r\n    console.log(review)\r\n\r\n    var postReview = new XMLHttpRequest(); // new HttpRequest instance to send comment\r\n\r\n    postReview.open(\"POST\", \"/comment\", true);\r\n\r\n    postReview.setRequestHeader(\"Content-Type\", \"application/json\");\r\n    postReview.onload = function () {\r\n        console.log(\"New review sent\");\r\n\r\n        // Display an alert message\r\n        alert(\"Review has been added successfully!\");\r\n        document.querySelector('.alert').id = 'yourAlertId';\r\n\r\n        // After sending the review, fetch updated reviews\r\n        fetchReviews();\r\n    };\r\n\r\n    postReview.send(JSON.stringify(review));\r\n}\r\n\r\n//This function allows the user to mouse hover the black and white popcorn\r\n//so that it will turn to a colored version when hovered\r\nfunction rateIt(element) {\r\n    var num = element.getAttribute(\"value\");\r\n    var classname = element.getAttribute(\"class\");\r\n    var popcorns = document.getElementsByClassName(classname);\r\n    var classTarget = \".\" + classname;\r\n\r\n    // This is another way of writing 'for' loop, which initialises the \r\n    // popcorn images to use black and white.\r\n    for (let popcorn of popcorns) {\r\n        popcorn.setAttribute(\"src\", \"images/popcorn_bw.png\");\r\n    }\r\n    changePopcornImage(num, classTarget);\r\n}\r\n\r\n// This function sets the rating and coloured images based on the value of the image tag when  \r\n// the mouse cursor hovers over the popcorn image.\r\nfunction changePopcornImage(num, classTarget) {\r\n    switch (eval(num)) {\r\n        case 1:\r\n            document.querySelector(classTarget + \"[value='1']\").setAttribute(\"src\", \"images/popcorn.png\");\r\n            rating = 1;\r\n            break;\r\n        case 2:\r\n            document.querySelector(classTarget + \"[value='1']\").setAttribute(\"src\", \"images/popcorn.png\");\r\n            document.querySelector(classTarget + \"[value='2']\").setAttribute(\"src\", \"images/popcorn.png\");\r\n            rating = 2;\r\n            break;\r\n        case 3:\r\n            document.querySelector(classTarget + \"[value='1']\").setAttribute(\"src\", \"images/popcorn.png\");\r\n            document.querySelector(classTarget + \"[value='2']\").setAttribute(\"src\", \"images/popcorn.png\");\r\n            document.querySelector(classTarget + \"[value='3']\").setAttribute(\"src\",\"images/popcorn.png\");\r\n            rating = 3;\r\n            break;\r\n        \r\n    }\r\n}\r\n\r\n//This function will hide the existing modal and present a modal with the selected comment\r\n//so that the user can attempt to change the username, rating or movie review\r\n//This function displayS the correct number of colored popcorn\r\n//based on the movie rating that is given in the user comment\r\n\r\n//This function sends the Comment data to the server for updating\r\n\r\n//This function deletes the selected comment in a specific movi"],"mappings":"k2MAeY;AAAAA,cAAA,SAAAA,CAAA,SAAAC,cAAA,WAAAA,cAAA,EAAAD,cAAA,GAfZ,QAAS,CAAAE,YAAYA,CAAA,CAAG,CAAAF,cAAA,GAAAG,CAAA,MACpB,GAAI,CAAAC,OAAO,EAAAJ,cAAA,GAAAK,CAAA,MAAG,GAAI,CAAAC,cAAc,CAAC,CAAC,EAACN,cAAA,GAAAK,CAAA,MAEnCD,OAAO,CAACG,IAAI,CAAC,KAAK,CAAE,UAAU,CAAE,IAAI,CAAC,CAACP,cAAA,GAAAK,CAAA,MACtCD,OAAO,CAACI,gBAAgB,CAAC,cAAc,CAAE,kBAAkB,CAAC,CAC5D;AAAAR,cAAA,GAAAK,CAAA,MACAD,OAAO,CAACK,MAAM,CAAG,UAAY,CAAAT,cAAA,GAAAG,CAAA,MAAAH,cAAA,GAAAK,CAAA,MACzB;AACAK,YAAY,CAAGC,IAAI,CAACC,KAAK,CAACR,OAAO,CAACS,YAAY,CAAC,CAACb,cAAA,GAAAK,CAAA,MAChDS,OAAO,CAACC,GAAG,CAACL,YAAY,CAAC,CAC7B,CAAC,CAACV,cAAA,GAAAK,CAAA,MAEFD,OAAO,CAACY,IAAI,CAAC,CAAC,CAClB,CAEA;AACA;AACA,QAAS,CAAAC,qBAAqBA,CAACC,IAAI,CAAE,CAAAlB,cAAA,GAAAG,CAAA,MAAAH,cAAA,GAAAK,CAAA,MACjCc,QAAQ,CAACC,cAAc,CAAC,QAAQ,CAAC,CAACC,SAAS,CAAG,+BAA+B,CAC7E;AACA;AAAArB,cAAA,GAAAK,CAAA,MACAc,QAAQ,CAACC,cAAc,CAAC,QAAQ,CAAC,CAACE,WAAW,CAAG,aAAa,CAAGC,gBAAgB,CAACL,IAAI,CAAC,CAACM,cAAc,CAACxB,cAAA,GAAAK,CAAA,MACtGc,QAAQ,CAACC,cAAc,CAAC,QAAQ,CAAC,CAACE,WAAW,CAAG,EAAE,CAACtB,cAAA,GAAAK,CAAA,OAEnD,IAAK,GAAI,CAAAoB,CAAC,EAAAzB,cAAA,GAAAK,CAAA,OAAG,CAAC,EAAEoB,CAAC,CAAGf,YAAY,CAACgB,MAAM,CAAED,CAAC,EAAE,CAAE,CAAAzB,cAAA,GAAAK,CAAA,OAC1C,GAAIK,YAAY,CAACe,CAAC,CAAC,CAACD,cAAc,GAAKD,gBAAgB,CAACL,IAAI,CAAC,CAACM,cAAc,CAAE,CAAAxB,cAAA,GAAA2B,CAAA,SAAA3B,cAAA,GAAAK,CAAA,OAC1ES,OAAO,CAACC,GAAG,CAAC,OAAO,CAAC,CAAAf,cAAA,GAAAK,CAAA,OAChCS,OAAO,CAACC,GAAG,CAACL,YAAY,CAACe,CAAC,CAAC,CAAC,CAAAzB,cAAA,GAAAK,CAAA,OAC5BS,OAAO,CAACC,GAAG,CAACQ,gBAAgB,CAACL,IAAI,CAAC,CAACU,GAAG,CAAC,CAAA5B,cAAA,GAAAK,CAAA,OAE3BwB,qBAAqB,CAAGN,gBAAgB,CAACL,IAAI,CAAC,CAACU,GAAG,CAAC5B,cAAA,GAAAK,CAAA,OACnDyB,IAAI,CAAG,EAAE,CACT,GAAI,CAAAC,IAAI,EAAA/B,cAAA,GAAAK,CAAA,OAAG;AACvB;AACA;AACA,oEAAoE,CAAGoB,CAAC,CAAG,IAAI,CAAGf,YAAY,CAACe,CAAC,CAAC,CAACO,MAAM,CAAG;AAC3G,+CAA+C,CAAGtB,YAAY,CAACe,CAAC,CAAC,CAACQ,QAAQ,CAAG,KAAK,CAAGvB,YAAY,CAACe,CAAC,CAAC,CAACS,WAAW,CAAG;AACnH;AACA;AACA,+BAA+B,EAAClC,cAAA,GAAAK,CAAA,OACpBc,QAAQ,CAACC,cAAc,CAAC,QAAQ,CAAC,CAACe,kBAAkB,CAAC,WAAW,CAAEJ,IAAI,CAAC,CAEvE,GAAI,CAAAD,IAAI,EAAA9B,cAAA,GAAAK,CAAA,OAAG,EAAE,EAACL,cAAA,GAAAK,CAAA,OACd,IAAK,GAAI,CAAA+B,CAAC,EAAApC,cAAA,GAAAK,CAAA,OAAG,CAAC,EAAE+B,CAAC,CAAG1B,YAAY,CAACe,CAAC,CAAC,CAACY,MAAM,CAAED,CAAC,EAAE,CAAE,CAAApC,cAAA,GAAAK,CAAA,OAC7CS,OAAO,CAACC,GAAG,CAACU,CAAC,CAAC,CAACzB,cAAA,GAAAK,CAAA,OACfyB,IAAI,EAAI,qDAAqD,CACjE,CACA;AACA;AAAA9B,cAAA,GAAAK,CAAA,OACAc,QAAQ,CAACC,cAAc,CAAC,QAAQ,CAAGK,CAAC,CAAC,CAACU,kBAAkB,CAAC,aAAa,CAAEL,IAAI,CAAG,OAAO,CAAC,CAC3F,CAAC,KAAA9B,cAAA,GAAA2B,CAAA,UACL,CACJ,CAEA,QAAS,CAAAW,SAASA,CAAA,CAAG,CAAAtC,cAAA,GAAAG,CAAA,MAAAH,cAAA,GAAAK,CAAA,OACjB;AACAgC,MAAM,CAAG,CAAC,CAACrC,cAAA,GAAAK,CAAA,OACXc,QAAQ,CAACC,cAAc,CAAC,cAAc,CAAC,CAACmB,KAAK,CAAG,EAAE,CACtD,CAEA;AACA,QAAS,CAAAC,SAASA,CAAA,CAAG,CAAAxC,cAAA,GAAAG,CAAA,MACjB,GAAI,CAAA6B,MAAM,EAAAhC,cAAA,GAAAK,CAAA,OAAG,GAAI,CAAAoC,MAAM,CAAC,CAAC,EAACzC,cAAA,GAAAK,CAAA,OAC1B2B,MAAM,CAACR,cAAc,CAAGD,gBAAgB,CAACmB,YAAY,CAAC,CAAClB,cAAc,CAACxB,cAAA,GAAAK,CAAA,OAEtES,OAAO,CAACC,GAAG,CAACiB,MAAM,CAAC,CAAChC,cAAA,GAAAK,CAAA,OACpB2B,MAAM,CAACC,QAAQ,CAAGd,QAAQ,CAACC,cAAc,CAAC,WAAW,CAAC,CAACmB,KAAK,CAACvC,cAAA,GAAAK,CAAA,OAC7D2B,MAAM,CAACA,MAAM,CAAGb,QAAQ,CAACC,cAAc,CAAC,cAAc,CAAC,CAACmB,KAAK,CAACvC,cAAA,GAAAK,CAAA,OAC9D2B,MAAM,CAACE,WAAW,CAAGf,QAAQ,CAACC,cAAc,CAAC,aAAa,CAAC,CAACmB,KAAK,CAEjE;AAAAvC,cAAA,GAAAK,CAAA,OACA2B,MAAM,CAACK,MAAM,CAAGA,MAAM,CAACrC,cAAA,GAAAK,CAAA,OAEvBS,OAAO,CAACC,GAAG,CAACiB,MAAM,CAAC,CAEnB,GAAI,CAAAW,UAAU,EAAA3C,cAAA,GAAAK,CAAA,OAAG,GAAI,CAAAC,cAAc,CAAC,CAAC,EAAE;AAAAN,cAAA,GAAAK,CAAA,OAEvCsC,UAAU,CAACpC,IAAI,CAAC,MAAM,CAAE,UAAU,CAAE,IAAI,CAAC,CAACP,cAAA,GAAAK,CAAA,OAE1CsC,UAAU,CAACnC,gBAAgB,CAAC,cAAc,CAAE,kBAAkB,CAAC,CAACR,cAAA,GAAAK,CAAA,OAChEsC,UAAU,CAAClC,MAAM,CAAG,UAAY,CAAAT,cAAA,GAAAG,CAAA,MAAAH,cAAA,GAAAK,CAAA,OAC5BS,OAAO,CAACC,GAAG,CAAC,iBAAiB,CAAC,CAE9B;AAAAf,cAAA,GAAAK,CAAA,OACAuC,KAAK,CAAC,qCAAqC,CAAC,CAAC5C,cAAA,GAAAK,CAAA,OAC7Cc,QAAQ,CAAC0B,aAAa,CAAC,QAAQ,CAAC,CAACC,EAAE,CAAG,aAAa,CAEnD;AAAA9C,cAAA,GAAAK,CAAA,OACAH,YAAY,CAAC,CAAC,CAClB,CAAC,CAACF,cAAA,GAAAK,CAAA,OAEFsC,UAAU,CAAC3B,IAAI,CAACL,IAAI,CAACoC,SAAS,CAACf,MAAM,CAAC,CAAC,CAC3C,CAEA;AACA;AACA,QAAS,CAAAgB,MAAMA,CAACC,OAAO,CAAE,CAAAjD,cAAA,GAAAG,CAAA,MACrB,GAAI,CAAA+C,GAAG,EAAAlD,cAAA,GAAAK,CAAA,OAAG4C,OAAO,CAACE,YAAY,CAAC,OAAO,CAAC,EACvC,GAAI,CAAAC,SAAS,EAAApD,cAAA,GAAAK,CAAA,OAAG4C,OAAO,CAACE,YAAY,CAAC,OAAO,CAAC,EAC7C,GAAI,CAAAE,QAAQ,EAAArD,cAAA,GAAAK,CAAA,OAAGc,QAAQ,CAACmC,sBAAsB,CAACF,SAAS,CAAC,EACzD,GAAI,CAAAG,WAAW,EAAAvD,cAAA,GAAAK,CAAA,OAAG,GAAG,CAAG+C,SAAS,EAEjC;AACA;AAAApD,cAAA,GAAAK,CAAA,OACA,IAAK,GAAI,CAAAmD,OAAO,GAAI,CAAAH,QAAQ,CAAE,CAAArD,cAAA,GAAAK,CAAA,OAC1BmD,OAAO,CAACC,YAAY,CAAC,KAAK,CAAE,uBAAuB,CAAC,CACxD,CAACzD,cAAA,GAAAK,CAAA,OACDqD,kBAAkB,CAACR,GAAG,CAAEK,WAAW,CAAC,CACxC,CAEA;AACA;AACA,QAAS,CAAAG,kBAAkBA,CAACR,GAAG,CAAEK,WAAW,CAAE,CAAAvD,cAAA,GAAAG,CAAA,MAAAH,cAAA,GAAAK,CAAA,OAC1C,OAAQsD,IAAI,CAACT,GAAG,CAAC,EACb,IAAK,EAAC,CAAAlD,cAAA,GAAA2B,CAAA,SAAA3B,cAAA,GAAAK,CAAA,OACFc,QAAQ,CAAC0B,aAAa,CAACU,WAAW,CAAG,aAAa,CAAC,CAACE,YAAY,CAAC,KAAK,CAAE,oBAAoB,CAAC,CAACzD,cAAA,GAAAK,CAAA,OAC9FgC,MAAM,CAAG,CAAC,CAACrC,cAAA,GAAAK,CAAA,OACX,MACJ,IAAK,EAAC,CAAAL,cAAA,GAAA2B,CAAA,SAAA3B,cAAA,GAAAK,CAAA,OACFc,QAAQ,CAAC0B,aAAa,CAACU,WAAW,CAAG,aAAa,CAAC,CAACE,YAAY,CAAC,KAAK,CAAE,oBAAoB,CAAC,CAACzD,cAAA,GAAAK,CAAA,OAC9Fc,QAAQ,CAAC0B,aAAa,CAACU,WAAW,CAAG,aAAa,CAAC,CAACE,YAAY,CAAC,KAAK,CAAE,oBAAoB,CAAC,CAACzD,cAAA,GAAAK,CAAA,OAC9FgC,MAAM,CAAG,CAAC,CAACrC,cAAA,GAAAK,CAAA,OACX,MACJ,IAAK,EAAC,CAAAL,cAAA,GAAA2B,CAAA,SAAA3B,cAAA,GAAAK,CAAA,OACFc,QAAQ,CAAC0B,aAAa,CAACU,WAAW,CAAG,aAAa,CAAC,CAACE,YAAY,CAAC,KAAK,CAAE,oBAAoB,CAAC,CAACzD,cAAA,GAAAK,CAAA,OAC9Fc,QAAQ,CAAC0B,aAAa,CAACU,WAAW,CAAG,aAAa,CAAC,CAACE,YAAY,CAAC,KAAK,CAAE,oBAAoB,CAAC,CAACzD,cAAA,GAAAK,CAAA,OAC9Fc,QAAQ,CAAC0B,aAAa,CAACU,WAAW,CAAG,aAAa,CAAC,CAACE,YAAY,CAAC,KAAK,CAAC,oBAAoB,CAAC,CAACzD,cAAA,GAAAK,CAAA,OAC7FgC,MAAM,CAAG,CAAC,CAACrC,cAAA,GAAAK,CAAA,OACX,MAER,CACJ,CAEA;AACA;AACA;AACA;AAEA;AAEA"},"all":true},"C:\\Users\\demon\\Documents\\DVOPS_Projects\\Testing1\\restaurant-booking\\public\\instrumented\\js\\search.js":{"path":"C:\\Users\\demon\\Documents\\DVOPS_Projects\\Testing1\\restaurant-booking\\public\\instrumented\\js\\search.js","statementMap":{"0":{"start":{"line":1,"column":34},"end":{"line":1,"column":132}},"1":{"start":{"line":1,"column":142},"end":{"line":1,"column":184}},"2":{"start":{"line":1,"column":196},"end":{"line":1,"column":225}},"3":{"start":{"line":1,"column":234},"end":{"line":1,"column":248}},"4":{"start":{"line":1,"column":266},"end":{"line":1,"column":1917}},"5":{"start":{"line":1,"column":1931},"end":{"line":1,"column":1960}},"6":{"start":{"line":1,"column":1961},"end":{"line":1,"column":2038}},"7":{"start":{"line":1,"column":2009},"end":{"line":1,"column":2037}},"8":{"start":{"line":1,"column":2057},"end":{"line":1,"column":2071}},"9":{"start":{"line":2,"column":0},"end":{"line":2,"column":49}},"10":{"start":{"line":2,"column":25},"end":{"line":2,"column":47}},"11":{"start":{"line":2,"column":50},"end":{"line":2,"column":72}},"12":{"start":{"line":2,"column":73},"end":{"line":2,"column":89}},"13":{"start":{"line":2,"column":89},"end":{"line":2,"column":112}},"14":{"start":{"line":2,"column":112},"end":{"line":4,"column":1037}},"15":{"start":{"line":2,"column":192},"end":{"line":2,"column":215}},"16":{"start":{"line":2,"column":215},"end":{"line":2,"column":238}},"17":{"start":{"line":2,"colum
[...]
7":0,"28":0,"29":0,"30":0,"31":0,"32":0,"33":0,"34":0,"35":0,"36":0,"37":0,"38":0,"39":0,"40":0,"41":0,"42":0,"43":0,"44":0,"45":0,"46":0,"47":0,"48":0,"49":0,"50":0,"51":0},"f":{"0":0,"1":0,"2":0,"3":0,"4":0,"5":0},"b":{"0":[0,0],"1":[0,0,0,0,0],"2":[0,0],"3":[0,0]},"all":true},"C:\\Users\\demon\\Documents\\DVOPS_Projects\\Testing1\\restaurant-booking\\public\\js\\restaurant.js":{"path":"C:\\Users\\demon\\Documents\\DVOPS_Projects\\Testing1\\restaurant-booking\\public\\js\\restaurant.js","statementMap":{"0":{"start":{"line":4,"column":4},"end":{"line":4,"column":23}},"1":{"start":{"line":5,"column":18},"end":{"line":5,"column":38}},"2":{"start":{"line":6,"column":4},"end":{"line":6,"column":45}},"3":{"start":{"line":7,"column":4},"end":{"line":7,"column":64}},"4":{"start":{"line":9,"column":4},"end":{"line":19,"column":6}},"5":{"start":{"line":11,"column":8},"end":{"line":11,"column":60}},"6":{"start":{"line":14,"column":8},"end":{"line":14,"column":37}},"7":{"start":{"line":18,"column":8},"end":{"line":18,"column":29}},"8":{"start":{"line":22,"column":4},"end":{"line":22,"column":19}},"9":{"start":{"line":26,"column":16},"end":{"line":26,"column":62}},"10":{"start":{"line":27,"column":4},"end":{"line":27,"column":25}},"11":{"start":{"line":28,"column":4},"end":{"line":28,"column":47}},"12":{"start":{"line":29,"column":4},"end":{"line":51,"column":5}},"13":{"start":{"line":29,"column":21},"end":{"line":29,"column":22}},"14":{"start":{"line":30,"column":24},"end":{"line":30,"column":53}},"15":{"start":{"line":31,"column":20},"end":{"line":31,"column":58}},"16":{"start":{"line":32,"column":24},"end":{"line":32,"column":57}},"17":{"start":{"line":33,"column":21},"end":{"line":33,"column":51}},"18":{"start":{"line":34,"column":27},"end":{"line":34,"column":56}},"19":{"start":{"line":37,"column":19},"end":{"line":44,"column":20}},"20":{"start":{"line":50,"column":8},"end":{"line":50,"column":52}},"21":{"start":{"line":54,"column":19},"end":{"line":54,"column":20}},"22":{"start":{"line":56,"column":27},"end":{"line":56,"column":43}},"23":{"start":{"line":57,"column":4},"end":{"line":57,"column":33}},"24":{"start":{"line":58,"column":4},"end":{"line":58,"column":90}},"25":{"start":{"line":59,"column":4},"end":{"line":59,"column":84}},"26":{"start":{"line":60,"column":4},"end":{"line":60,"column":90}},"27":{"start":{"line":61,"column":4},"end":{"line":61,"column":74}},"28":{"start":{"line":62,"column":4},"end":{"line":62,"column":66}},"29":{"start":{"line":65,"column":4},"end":{"line":65,"column":80}},"30":{"start":{"line":66,"column":4},"end":{"line":66,"column":80}},"31":{"start":{"line":69,"column":4},"end":{"line":69,"column":40}},"32":{"start":{"line":70,"column":4},"end":{"line":70,"column":38}},"33":{"start":{"line":74,"column":4},"end":{"line":74,"column":41}}},"fnMap":{"0":{"name":"getRestaurantData","decl":{"start":{"line":3,"column":9},"end":{"line":3,"column":26}},"loc":{"start":{"line":3,"column":29},"end":{"line":23,"column":1}},"line":3},"1":{"name":"(anonymous_1)","decl":{"start":{"line":9,"column":21},"end":{"line":9,"column":22}},"loc":{"start":{"line":9,"column":33},"end":{"line":19,"column":5}},"line":9},"2":{"name":"displayRestaurants","decl":{"start":{"line":25,"column":9},"end":{"line":25,"column":27}},"loc":{"start":{"line":25,"column":30},"end":{"line":52,"column":1}},"line":25},"3":{"name":"viewOneRest","decl":{"start":{"line":55,"column":9},"end":{"line":55,"column":20}},"loc":{"start":{"line":55,"column":27},"end":{"line":75,"column":1}},"line":55}},"branchMap":{},"s":{"0":0,"1":0,"2":0,"3":0,"4":0,"5":0,"6":0,"7":0,"8":0,"9":0,"10":0,"11":0,"12":0,"13":0,"14":0,"15":0,"16":0,"17":0,"18":0,"19":0,"20":0,"21":0,"22":0,"23":0,"24":0,"25":0,"26":0,"27":0,"28":0,"29":0,"30":0,"31":0,"32":0,"33":0},"f":{"0":0,"1":0,"2":0,"3":0},"b":{},"all":true},"C:\\Users\\demon\\Documents\\DVOPS_Projects\\Testing1\\restaurant-booking\\public\\js\\review.js":{"path":"C:\\Users\\demon\\Documents\\DVOPS_Projects\\Testing1\\restaurant-booking\\public\\js\\review.js","statementMap":{"0":{"start":{"line":2,"column":18},"end":{"line":2,"column":38}},"1":{"start":{"line":4,"column":4},"end":{"line":4,"column":42}},"2":{"start":{"line":5,"column":4},"end":{"line":5,"column":65}},"3":{"start":{"line":7,"column":4},"end":{"line":11,"column":6}},"4":{"start":{"line":9,"column":8},"end":{"line":9,"column":56}},"5":{"start":{"line":10,"column":8},"end":{"line":10,"column":34}},"6":{"start":{"line":13,"column":4},"end":{"line":13,"column":19}},"7":{"start":{"line":19,"column":4},"end":{"line":19,"column":82}},"8":{"start":{"line":22,"column":4},"end":{"line":22,"column":106}},"9":{"start":{"line":23,"column":4},"end":{"line":23,"column":55}},"10":{"start":{"line":25,"column":4},"end":{"line":52,"column":5}},"11":{"start":{"line":25,"column":17},"end":{"line":25,"column":18}},"12":{"start":{"line":26,"column":8},"end":{"line":51,"column":9}},"13":{"start":{"line":27,"column":12},"end":{"line":27,"column":32}},"14":{"start":{"line":28,"column":0},"end":{"line":28,"column":28}},"15":{"start":{"line":29,"column":0},"end":{"line":29,"column":39}},"16":{"start":{"line":31,"column":12},"end":{"line":31,"column":63}},"17":{"start":{"line":32,"column":12},"end":{"line":32,"column":22}},"18":{"start":{"line":33,"column":23},"end":{"line":40,"column":31}},"19":{"start":{"line":41,"column":12},"end":{"line":41,"column":84}},"20":{"start":{"line":43,"column":23},"end":{"line":43,"column":25}},"21":{"start":{"line":44,"column":12},"end":{"line":47,"column":13}},"22":{"start":{"line":44,"column":25},"end":{"line":44,"column":26}},"23":{"start":{"line":45,"column":16},"end":{"line":45,"column":31}},"24":{"start":{"line":46,"column":16},"end":{"line":46,"column":78}},"25":{"start":{"line":50,"column":12},"end":{"line":50,"column":100}},"26":{"start":{"line":57,"column":4},"end":{"line":57,"column":15}},"27":{"start":{"line":58,"column":4},"end":{"line":58,"column":55}},"28":{"start":{"line":63,"column":17},"end":{"line":63,"column":29}},"29":{"start":{"line":64,"column":4},"end":{"line":64,"column":74}},"30":{"start":{"line":66,"column":4},"end":{"line":66,"column":24}},"31":{"start":{"line":67,"column":4},"end":{"line":67,"column":65}},"32":{"start":{"line":68,"column":4},"end":{"line":68,"column":66}},"33":{"start":{"line":69,"column":4},"end":{"line":69,"column":70}},"34":{"start":{"line":72,"column":4},"end":{"line":72,"column":27}},"35":{"start":{"line":74,"column":4},"end":{"line":74,"column":23}},"36":{"start":{"line":76,"column":21},"end":{"line":76,"column":41}},"37":{"start":{"line":78,"column":4},"end":{"line":78,"column":46}},"38":{"start":{"line":80,"column":4},"end":{"line":80,"column":68}},"39":{"start":{"line":81,"column":4},"end":{"line":90,"column":6}},"40":{"start":{"line":82,"column":8},"end":{"line":82,"column":39}},"41":{"start":{"line":85,"column":8},"end":{"line":85,"column":53}},"42":{"start":{"line":86,"column":8},"end":{"line":86,"column":60}},"43":{"start":{"line":89,"column":8},"end":{"line":89,"column":23}},"44":{"start":{"line":92,"column":4},"end":{"line":92,"column":44}},"45":{"start":{"line":98,"column":14},"end":{"line":98,"column":43}},"46":{"start":{"line":99,"column":20},"end":{"line":99,"column":49}},"47":{"start":{"line":100,"column":19},"end":{"line":100,"column":61}},"48":{"start":{"line":101,"column":22},"end":{"line":101,"column":37}},"49":{"start":{"line":105,"column":4},"end":{"line":107,"column":5}},"50":{"start":{"line":106,"column":8},"end":{"line":106,"column":61}},"51":{"start":{"line":108,"column":4},"end":{"line":108,"column":41}},"52":{"start":{"line":114,"column":4},"end":{"line":131,"column":5}},"53":{"start":{"line":116,"column":12},"end":{"line":116,"column":106}},"54":{"start":{"line":117,"column":12},"end":{"line":117,"column":23}},"55":{"start":{"line":118,"column":12},"end":{"line":118,"column":18}},"56":{"start":{"line":120,"column":12},"end":{"line":120,"column":106}},"57":{"start":{"line":121,"column":12},"end":{"line":121,"column":106}},"58":{"start":{"line":122,"column":12},"end":{"line":122,"column":23}},"59":{"start":{"line":123,"column":12},"end":{"line":123,"column":18}},"60":{"start":{"line":125,"column":12},"end":{"line":125,"column":106}},"61":{"start":{"line":126,"column":12},"end":{"line":126,"column":106}},"62":{"start":{"line":127,"column":12},"end":{"line":127,"column":105}},"63":{"start":{"line":128,"column":12},"end":{"line":128,"column":23}},"64":{"start":{"line":129,"column":12},"end":{"line":129,"column":18}}},"fnMap":{"0":{"name":"fetchReviews","decl":{"start":{"line":1,"column":9},"end":{"line":1,"column":21}},"loc":{"start":{"line":1,"column":24},"end":{"line":14,"column":1}},"line":1},"1":{"name":"(anonymous_1)","decl":{"start":{"line":7,"column":21},"end":{"line":7,"column":22}},"loc":{"start":{"line":7,"column":33},"end":{"line":11,"column":5}},"line":7},"2":{"name":"showRestaurantReviews","decl":{"start":{"line":18,"column":9},"end":{"line":18,"column":30}},"loc":{"start":{"line":18,"column":37},"end":{"line":53,"column":1}},"line":18},"3":{"name":"newReview","decl":{"start":{"line":55,"column":9},"end":{"line":55,"column":18}},"loc":{"start":{"line":55,"column":21},"end":{"line":59,"column":1}},"line":55},"4":{"name":"addReview","decl":{"start":{"line":62,"column":9},"end":{"line":62,"column":18}},"loc":{"start":{"line":62,"column":21},"end":{"line":93,"column":1}},"line":62},"5":{"name":"(anonymous_5)","decl":{"start":{"line":81,"column":24},"end":{"line":81,"column":25}},"loc":{"start":{"line":81,"column":36},"end":{"line":90,"column":5}},"line":81},"6":{"name":"rateIt","decl":{"start":{"line":97,"column":9},"end":{"line":97,"column":15}},"loc":{"start":{"line":97,"column":25},"end":{"line":109,"column":1}},"line":97},"7":{"name":"changePopcornImage","decl":{"start":{"line":113,"column":9},"end":{"line":113,"column":27}},"loc":{"start":{"line":113,"column":46},"end":{"line":132,"column":1}},"line":113}},"branchMap":{"0":{"loc":{"start":{"line":26,"column":8},"end":{"line":51,"column":9}},"type":"if","locations":[{"start":{"line":26,"column":8},"end":{"line":51,"column":9}},{"start":{"line":26,"column":8},"end":{"line":51,"column":9}}],"line":26},"1":{"loc":{"start":{"line":114,"column":4},"end":{"line":131,"column":5}},"type":"switch","locations":[{"start":{"line":115,"column":8},"end":{"line":118,"column":18}},{"start":{"line":119,"column":8},"end":{"line":123,"column":18}},{"start":{"line":124,"column":8},"end":{"line":129,"column":18}}],"line":114}},"s":{"0":0,"1":0,"2":0,"3":0,"4":0,"5":0,"6":0,"7":0,"8":0,"9":0,"10":0,"11":0,"12":0,"13":0,"14":0,"15":0,"16":0,"17":0,"18":0,"19":0,"20":0,"21":0,"22":0,"23":0,"24":0,"25":0,"26":0,"27":0,"28":0,"29":0,"30":0,"31":0,"32":0,"33":0,"34":0,"35":0,"36":0,"37":0,"38":0,"39":0,"40":0,"41":0,"42":0,"43":0,"44":0,"45":0,"46":0,"47":0,"48":0,"49":0,"50":0,"51":0,"52":0,"53":0,"54":0,"55":0,"56":0,"57":0,"58":0,"59":0,"60":0,"61":0,"62":0,"63":0,"64":0},"f":{"0":0,"1":0,"2":0,"3":0,"4":0,"5":0,"6":0,"7":0},"b":{"0":[0,0],"1":[0,0,0]},"all":true},"C:\\Users\\demon\\Documents\\DVOPS_Projects\\Testing1\\restaurant-booking\\public\\js\\search.js":{"path":"C:\\Users\\demon\\Documents\\DVOPS_Projects\\Testing1\\restaurant-booking\\public\\js\\search.js","statementMap":{"0":{"start":{"line":1,"column":0},"end":{"line":29,"column":3}},"1":{"start":{"line":2,"column":2},"end":{"line":2,"column":25}},"2":{"start":{"line":3,"column":14},"end":{"line":3,"column":72}},"3":{"start":{"line":4,"column":2},"end":{"line":4,"column":21}},"4":{"start":{"line":5,"column":14},"end":{"line":5,"column":60}},"5":{"start":{"line":6,"column":2},"end":{"line":6,"column":23}},"6":{"start":{"line":8,"column":2},"end":{"line":28,"column":3}},"7":{"start":{"line":8,"column":19},"end":{"line":8,"column":20}},"8":{"start":{"line":9,"column":18},"end":{"line":9,"column":70}},"9":{"start":{"line":10,"column":6},"end":{"line":27,"column":7}},"10":{"start":{"line":11,"column":24},"end":{"line":11,"column":53}},"11":{"start":{"line":12,"column":20},"end":{"line":12,"column":58}},"12":{"start":{"line":13,"column":24},"end":{"line":13,"column":57}},"13":{"start":{"line":14,"column":21},"end":{"line":14,"column":51}},"14":{"start":{"line":15,"column":27},"end":{"line":15,"column":56}},"15":{"start":{"line":18,"column":19},"end":{"line":25,"column":12}},"16":{"start":{"line":26,"column":10},"end":{"line":26,"column":54}}},"fnMap":{"0":{"name":"(anonymous_0)","decl":{"start":{"line":1,"column":65},"end":{"line":1,"column":66}},"loc":{"start":{"line":1,"column":82},"end":{"line":29,"column":1}},"line":1}},"branchMap":{"0":{"loc":{"start":{"line":10,"column":6},"end":{"line":27,"column":7}},"type":"if","locations":[{"start":{"line":10,"column":6},"end":{"line":27,"column":7}},{"start":{"line":10,"column":6},"end":{"line":27,"column":7}}],"line":10}},"s":{"0":0,"1":0,"2":0,"3":0,"4":0,"5":0,"6":0,"7":0,"8":0,"9":0,"10":0,"11":0,"12":0,"13":0,"14":0,"15":0,"16":0},"f":{"0":0},"b":{"0":[0,0]},"all":true},"C:\\Users\\demon\\Documents\\DVOPS_Projects\\Testing1\\restaurant-booking\\public\\js\\togglebutton.js":{"path":"C:\\Users\\demon\\Documents\\DVOPS_Projects\\Testing1\\restaurant-booking\\public\\js\\togglebutton.js","statementMap":{"0":{"start":{"line":1,"column":0},"end":{"line":12,"column":3}},"1":{"start":{"line":2,"column":4},"end":{"line":2,"column":24}},"2":{"start":{"line":5,"column":4},"end":{"line":7,"column":7}},"3":{"start":{"line":6,"column":8},"end":{"line":6,"column":37}},"4":{"start":{"line":9,"column":4},"end":{"line":11,"column":7}},"5":{"start":{"line":10,"column":8},"end":{"line":10,"column":32}},"6":{"start":{"line":15,"column":18},"end":{"line":15,"column":65}},"7":{"start":{"line":16,"column":4},"end":{"line":16,"column":39}},"8":{"start":{"line":17,"column":4},"end":{"line":17,"column":24}},"9":{"start":{"line":18,"column":4},"end":{"line":18,"column":38}},"10":{"start":{"line":19,"column":4},"end":{"line":21,"column":6}},"11":{"start":{"line":20,"column":8},"end":{"line":20,"column":35}},"12":{"start":{"line":22,"column":4},"end":{"line":26,"column":5}},"13":{"start":{"line":23,"column":8},"end":{"line":23,"column":40}},"14":{"start":{"line":25,"column":8},"end":{"line":25,"column":39}}},"fnMap":{"0":{"name":"(anonymous_0)","decl":{"start":{"line":1,"column":46},"end":{"line":1,"column":47}},"loc":{"start":{"line":1,"column":58},"end":{"line":12,"column":1}},"line":1},"1":{"name":"(anonymous_1)","decl":{"start":{"line":5,"column":76},"end":{"line":5,"column":77}},"loc":{"start":{"line":5,"column":88},"end":{"line":7,"column":5}},"line":5},"2":{"name":"(anonymous_2)","decl":{"start":{"line":9,"column":71},"end":{"line":9,"column":72}},"loc":{"start":{"line":9,"column":83},"end":{"line":11,"column":5}},"line":9},"3":{"name":"toggleSection","decl":{"start":{"line":14,"column":9},"end":{"line":14,"column":22}},"loc":{"start":{"line":14,"column":34},"end":{"line":27,"column":1}},"line":14},"4":{"name":"(anonymous_4)","decl":{"start":{"line":19,"column":57},"end":{"line":19,"column":58}},"loc":{"start":{"line":19,"column":65},"end":{"line":21,"column":5}},"line":19}},"branchMap":{"0":{"loc":{"start":{"line":22,"column":4},"end":{"line":26,"column":5}},"type":"if","locations":[{"start":{"line":22,"column":4},"end":{"line":26,"column":5}},{"start":{"line":22,"column":4},"end":{"line":26,"column":5}}],"line":22},"1":{"loc":{"start":{"line":22,"column":8},"end":{"line":22,"column":72}},"type":"binary-expr","locations":[{"start":{"line":22,"column":8},"end":{"line":22,"column":40}},{"start":{"line":22,"column":44},"end":{"line":22,"column":72}}],"line":22}},"s":{"0":0,"1":0,"2":0,"3":0,"4":0,"5":0,"6":0,"7":0,"8":0,"9":0,"10":0,"11":0,"12":0,"13":0,"14":0},"f":{"0":0,"1":0,"2":0,"3":0,"4":0},"b":{"0":[0,0],"1":[0,0]},"all":true},"C:\\Users\\demon\\Documents\\DVOPS_Projects\\Testing1\\restaurant-booking\\utils\\AddCommentUtil.js":{"path":"C:\\Users\\demon\\Documents\\DVOPS_Projects\\Testing1\\restaurant-booking\\utils\\AddCommentUtil.js","statementMap":{"0":{"start":{"line":1,"column":32},"end":{"line":1,"column":53}},"1":{"start":{"line":2,"column":20},"end":{"line":2,"column":48}},"2":{"start":{"line":5,"column":2},"end":{"line":23,"column":3}},"3":{"start":{"line":6,"column":21},"end":{"line":6,"column":38}},"4":{"start":{"line":7,"column":27},"end":{"line":7,"column":50}},"5":{"start":{"line":8,"column":19},"end":{"line":8,"column":34}},"6":{"start":{"line":9,"column":19},"end":{"line":9,"column":34}},"7":{"start":{"line":10,"column":24},"end":{"line":10,"column":44}},"8":{"start":{"line":11,"column":4},"end":{"line":11,"column":110}},"9":{"start":{"line":11,"column":76},"end":{"line":11,"column":110}},"10":{"start":{"line":12,"column":22},"end":{"line":18,"column":5}},"11":{"start":{"line":19,"column":26},"end":{"line":19,"column":77}},"12":{"start":{"line":20,"column":4},"end":{"line":20,"column":47}},"13":{"start":{"line":22,"column":4},"end":{"line":22,"column":60}},"14":{"start":{"line":25,"column":0},"end":{"line":27,"column":2}}},"fnMap":{"0":{"name":"addComment","decl":{"start":{"line":4,"column":15},"end":{"line":4,"column":25}},"loc":{"start":{"line":4,"column":36},"end":{"line":24,"column":1}},"line":4}},"branchMap":{"0":{"loc":{"start":{"line":11,"column":4},"end":{"line":11,"column":110}},"type":"if","locations":[{"start":{"line":11,"column":4},"end":{"line":11,"column":110}},{"start":{"line":11,"column":4},"end":{"line":11,"column":110}}],"line":11},"1":{"loc":{"start":{"line":11,"column":8},"end":{"line":11,"column":74}},"type":"binary-expr","locations":[{"start":{"line":11,"column":8},"end":{"line":11,"column":17}},{"start":{"line":11,"column":21},"end":{"line":11,"column":36}},{"start":{"line":11,"column":40},"end":{"line":11,"column":47}},{"start":{"line":11,"column":51},"end":{"line":11,"column":58}},{"start":{"line":11,"column":62},"end":{"line":11,"column":74}}],"line":11}},"s":{"0":0,"1":0,"2":0,"3":0,"4":0,"5":0,"6":0,"7":0,"8":0,"9":0,"10":0,"11":0,"12":0,"13":0,"14":0},"f":{"0":0},"b":{"0":[0,0],"1":[0,0,0,0,0]},"all":true},"C:\\Users\\demon\\Documents\\DVOPS_Projects\\Testing1\\restaurant-booking\\utils\\CommentUtil.js":{"path":"C:\\Users\\demon\\Documents\\DVOPS_Projects\\Testing1\\restaurant-booking\\utils\\CommentUtil.js","statementMap":{"0":{"start":{"line":1,"column":32},"end":{"line":1,"column":53}},"1":{"start":{"line":2,"column":20},"end":{"line":2,"column":48}},"2":{"start":{"line":4,"column":2},"end":{"line":9,"column":3}},"3":{"start":{"line":5,"column":24},"end":{"line":5,"column":63}},"4":{"start":{"line":6,"column":4},"end":{"line":6,"column":45}},"5":{"start":{"line":8,"column":4},"end":{"line":8,"column":60}},"6":{"start":{"line":11,"column":0},"end":{"line":13,"column":2}}},"fnMap":{"0":{"name":"viewComment","decl":{"start":{"line":3,"column":15},"end":{"line":3,"column":26}},"loc":{"start":{"line":3,"column":37},"end":{"line":10,"column":1}},"line":3}},"branchMap":{},"s":{"0":0,"1":0,"2":0,"3":0,"4":0,"5":0,"6":0},"f":{"0":0},"b":{},"all":true},"C:\\Users\\demon\\Documents\\DVOPS_Projects\\Testing1\\restaurant-booking\\utils\\RestaurantUtil.js":{"path":"C:\\Users\\demon\\Documents\\DVOPS_Projects\\Testing1\\restaurant-booking\\utils\\RestaurantUtil.js","statementMap":{"0":{"start":{"line":1,"column":32},"end":{"line":1,"column":53}},"1":{"start":{"line":2,"column":23},"end":{"line":2,"column":54}},"2":{"start":{"line":7,"column":2},"end":{"line":12,"column":3}},"3":{"start":{"line":8,"column":29},"end":{"line":8,"column":71}},"4":{"start":{"line":9,"column":6},"end":{"line":9,"column":50}},"5":{"start":{"line":11,"column":6},"end":{"line":11,"column":62}},"6":{"start":{"line":15,"column":0},"end":{"line":17,"column":2}}},"fnMap":{"0":{"name":"viewRestaurant","decl":{"start":{"line":6,"column":15},"end":{"line":6,"column":29}},"loc":{"start":{"line":6,"column":40},"end":{"line":13,"column":1}},"line":6}},"branchMap":{},"s":{"0":0,"1":0,"2":0,"3":0,"4":0,"5":0,"6":0},"f":{"0":0},"b":{},"all":true}}