{"C:\\Users\\65886\\Documents\\DVOPS_proj\\rest-booking\\restaurant-booking\\index.js":{"path":"C:\\Users\\65886\\Documents\\DVOPS_proj\\rest-booking\\restaurant-booking\\index.js","statementMap":{"0":{"start":{"line":1,"column":14},"end":{"line":1,"column":32}},"1":{"start":{"line":2,"column":17},"end":{"line":2,"column":39}},"2":{"start":{"line":3,"column":10},"end":{"line":3,"column":19}},"3":{"start":{"line":5,"column":13},"end":{"line":5,"column":37}},"4":{"start":{"line":6,"column":16},"end":{"line":6,"column":28}},"5":{"start":{"line":8,"column":0},"end":{"line":8,"column":51}},"6":{"start":{"line":9,"column":0},"end":{"line":9,"column":27}},"7":{"start":{"line":10,"column":0},"end":{"line":10,"column":36}},"8":{"start":{"line":12,"column":24},"end":{"line":12,"column":54}},"9":{"start":{"line":13,"column":23},"end":{"line":13,"column":56}},"10":{"start":{"line":14,"column":34},"end":{"line":14,"column":67}},"11":{"start":{"line":15,"column":28},"end":{"line":15,"column":61}},"12":{"start":{"line":16,"column":21},"end":{"line":16,"column":48}},"13":{"start":{"line":17,"column":18},"end":{"line":17,"column":46}},"14":{"start":{"line":18,"column":24},"end":{"line":18,"column":58}},"15":{"start":{"line":19,"column":22},"end":{"line":19,"column":55}},"16":{"start":{"line":20,"column":26},"end":{"line":20,"column":62}},"17":{"start":{"line":23,"column":0},"end":{"line":23,"column":33}},"18":{"start":{"line":24,"column":0},"end":{"line":24,"column":34}},"19":{"start":{"line":26,"column":0},"end":{"line":26,"column":61}},"20":{"start":{"line":28,"column":0},"end":{"line":28,"column":39}},"21":{"start":{"line":30,"column":0},"end":{"line":30,"column":32}},"22":{"start":{"line":32,"column":0},"end":{"line":32,"column":26}},"23":{"start":{"line":34,"column":0},"end":{"line":34,"column":38}},"24":{"start":{"line":35,"column":0},"end":{"line":35,"column":37}},"25":{"start":{"line":37,"column":0},"end":{"line":37,"column":49}},"26":{"start":{"line":39,"column":0},"end":{"line":41,"column":3}},"27":{"start":{"line":40,"column":2},"end":{"line":40,"column":51}},"28":{"start":{"line":47,"column":15},"end":{"line":48,"column":46}},"29":{"start":{"line":48,"column":2},"end":{"line":48,"column":43}},"30":{"start":{"line":49,"column":2},"end":{"line":49,"column":34}}},"fnMap":{"0":{"name":"(anonymous_0)","decl":{"start":{"line":39,"column":13},"end":{"line":39,"column":14}},"loc":{"start":{"line":39,"column":27},"end":{"line":41,"column":1}},"line":39},"1":{"name":"(anonymous_1)","decl":{"start":{"line":47,"column":32},"end":{"line":47,"column":33}},"loc":{"start":{"line":47,"column":44},"end":{"line":48,"column":45}},"line":47}},"branchMap":{"0":{"loc":{"start":{"line":5,"column":13},"end":{"line":5,"column":37}},"type":"binary-expr","locations":[{"start":{"line":5,"column":13},"end":{"line":5,"column":29}},{"start":{"line":5,"column":33},"end":{"line":5,"column":37}}],"line":5}},"s":{"0":0,"1":0,"2":0,"3":0,"4":0,"5":0,"6":0,"7":0,"8":0,"9":0,"10":0,"11":0,"12":0,"13":0,"14":0,"15":0,"16":0,"17":0,"18":0,"19":0,"20":0,"21":0,"22":0,"23":0,"24":0,"25":0,"26":0,"27":0,"28":0,"29":0,"30":0},"f":{"0":0,"1":0},"b":{"0":[0,0]},"all":true},"C:\\Users\\65886\\Documents\\DVOPS_proj\\rest-booking\\restaurant-booking\\public\\instrumented\\js\\account.js":{"path":"C:\\Users\\65886\\Documents\\DVOPS_proj\\rest-booking\\restaurant-booking\\public\\instrumented\\js\\account.js","statementMap":{"0":{"start":{"line":1,"column":35},"end":{"line":1,"column":134}},"1":{"start":{"line":1,"column":144},"end":{"line":1,"column":186}},"2":{"start":{"line":1,"column":198},"end":{"line":1,"column":227}},"3":{"start":{"line":1,"column":236},"end":{"line":1,"column":250}},"4":{"start":{"line":1,"column":268},"end":{"line":1,"column":2197}},"5":{"start":{"line":1,"column":2211},"end":{"line":1,"column":2240}},"6":{"start":{"line":1,"column":2241},"end":{"line":1,"column":2318}},"7":{"start":{"line":1,"column":2289},"end":{"line":1,"column":2317}},"8":{"start":{"line":1,"column":2337},"end":{"line":1,"column":2351}},"9":{"start":{"line":2,"column":0},"end":{"line":2,"column":50}},"10":{"start":{"line":2,"column":26},"end":{"line":2,"column":48}},"11":{"start":{"line":2,"column":51},"end":{"line":2,"column":73}},"12":{"start":{"line":2,"column":74},"end":{"line":2,"column":91}},"13":{"start":{"line":2,"column":91},"end":{"line":2,"column":115}},"14":{"start":{"line":2,"column":115},"end":{"line":2,"column":294}},"15":{"start":{"line":2,"column":144},"end":{"line":2,"column":168}},"16":{"start":{"line":2,"column":168},"end":{"line":2,"column":192}},"17":{"start":{"line":2,"column":192},"end":{"line":2,"column":223}},"18":{"start":{"line":2,"column":223},"end":{"line":2,"column":247}},"19":{"start":{"line":2,"column":247},"end":{"line":2,"column":291}},"20":{"start":{"line":2,"column":294},"end":{"line":2,"column":318}},"21":{"start":{"line":2,"column":318},"end":{"line":2,"column":1303}},"22":{"start":{"line":2,"column":383},"end":{"line":2,"column":407}},"23":{"start":{"line":2,"column":407},"end":{"line":2,"column":431}},"24":{"start":{"line":2,"column":431},"end":{"line":2,"column":1300}},"25":{"start":{"line":2,"column":471},"end":{"line":2,"column":498}},"26":{"start":{"line":2,"column":498},"end":{"line":2,"column":522}},"27":{"start":{"line":2,"column":522},"end":{"line":2,"column":556}},"28":{"start":{"line":2,"column":556},"end":{"line":2,"column":580}},"29":{"start":{"line":2,"column":580},"end":{"line":2,"column":610}},"30":{"start":{"line":2,"column":610},"end":{"line":2,"column":634}},"31":{"start":{"line":2,"column":634},"end":{"line":2,"column":674}},"32":{"start":{"line":2,"column":674},"end":{"line":2,"column":698}},"33":{"start":{"line":2,"column":698},"end":{"line":2,"column":745}},"34":{"start":{"line":2,"column":745},"end":{"line":2,"column":769}},"35":{"start":{"line":2,"column":769},"end":{"line":2,"column":816}},"36":{"start":{"line":2,"column":822},"end":{"line":2,"column":849}},"37":{"start":{"line":2,"column":849},"end":{"line":2,"column":874}},"38":{"start":{"line":2,"column":874},"end":{"line":2,"column":1299}},"39":{"start":{"line":2,"column":912},"end":{"line":2,"column":939}},"40":{"start":{"line":2,"column":939},"end":{"line":2,"column":964}},"41":{"start":{"line":2,"column":964},"end":{"line":2,"column":997}},"42":{"start":{"line":2,"column":997},"end":{"line":2,"column":1022}},"43":{"start":{"line":2,"column":1022},"end":{"line":2,"column":1053}},"44":{"start":{"line":2,"column":1053},"end":{"line":2,"column":1078}},"45":{"start":{"line":2,"column":1078},"end":{"line":2,"column":1121}},"46":{"start":{"line":2,"column":1121},"end":{"line":2,"column":1146}},"47":{"start":{"line":2,"column":1146},"end":{"line":2,"column":1190}},"48":{"start":{"line":2,"column":1190},"end":{"line":2,"column":1215}},"49":{"start":{"line":2,"column":1215},"end":{"line":2,"column":1265}},"50":{"start":{"line":2,"column":1271},"end":{"line":2,"column":1298}}},"fnMap":{"0":{"name":"cov_1pbi64i3m7","decl":{"start":{"line":1,"column":9},"end":{"line":1,"column":23}},"loc":{"start":{"line":1,"column":25},"end":{"line":2,"column":74}},"line":1},"1":{"name":"(anonymous_1)","decl":{"start":{"line":2,"column":15},"end":{"line":2,"column":16}},"loc":{"start":{"line":2,"column":25},"end":{"line":2,"column":49}},"line":2},"2":{"name":"(anonymous_2)","decl":{"start":{"line":2,"column":133},"end":{"line":2,"column":134}},"loc":{"start":{"line":2,"column":143},"end":{"line":2,"column":292}},"line":2},"3":{"name":"(anonymous_3)","decl":{"start":{"line":2,"column":372},"end":{"line":2,"column":373}},"loc":{"start":{"line":2,"column":382},"end":{"line":2,"column":1301}},"line":2}},"branchMap":{"0":{"loc":{"start":{"line":1,"column":2211},"end":{"line":1,"column":2240}},"type":"binary-expr","locations":[{"start":{"line":1,"column":2211},"end":{"line":1,"column":2222}},{"start":{"line":1,"column":2225},"end":{"line":1,"column":2239}}],"line":1},"1":{"loc":{"start":{"line":1,"column":2241},"end":{"line":1,"column":2318}},"type":"if","locations":[{"start":{"line":1,"column":2241},"end":{"line":1,"column":2318}},{"start":{"line":1,"column":2241},"end":{"line":1,"column":2318}}],"line":1},"2":{"loc":{"start":{"line":1,"column":2244},"end":{"line":1,"column":2287}},"type":"binary-expr","locations":[{"start":{"line":1,"column":2244},"end":{"line":1,"column":2259}},{"start":{"line":1,"column":2261},"end":{"line":1,"column":2287}}],"line":1},"3":{"loc":{"start":{"line":2,"column":431},"end":{"line":2,"column":1300}},"type":"if","locations":[{"start":{"line":2,"column":431},"end":{"line":2,"column":1300}},{"start":{"line":2,"column":431},"end":{"line":2,"column":1300}}],"line":2},"4":{"loc":{"start":{"line":2,"column":874},"end":{"line":2,"column":1299}},"type":"if","locations":[{"start":{"line":2,"column":874},"end":{"line":2,"column":1299}},{"start":{"line":2,"column":874},"end":{"line":2,"column":1299}}],"line":2}},"s":{"0":0,"1":0,"2":0,"3":0,"4":0,"5":0,"6":0,"7":0,"8":0,"9":0,"10":0,"11":0,"12":0,"13":0,"14":0,"15":0,"16":0,"17":0,"18":0,"19":0,"20":0,"21":0,"22":0,"23":0,"24":0,"25":0,"26":0,"27":0,"28":0,"29":0,"30":0,"31":0,"32":0,"33":0,"34":0,"35":0,"36":0,"37":0,"38":0,"39":0,"40":0,"41":0,"42":0,"43":0,"44":0,"45":0,"46":0,"47":0,"48":0,"49":0,"50":0},"f":{"0":0,"1":0,"2":0,"3":0},"b":{"0":[0,0],"1":[0,0],"2":[0,0],"3":[0,0],"4":[0,0]},"inputSourceMap":{"version":3,"names":["cov_1pbi64i3m7","actualCoverage","s","$","document","ready","f","fadeOut","addClass","on","is","b","fadeIn","removeClass"],"sources":["account.js"],"sourcesContent":["\r\n$(document).ready(function(){\r\n    $('.login-info-box').fadeOut();\r\n    $('.login-show').addClass('show-log-panel');\r\n});\r\n\r\n\r\n$('.login-reg-panel input[type=\"radio\"]').on('change', function() {\r\n    if($('#log-login-show').is(':checked')) {\r\n        $('.register-info-box').fadeOut(); \r\n        $('.login-info-box').fadeIn();\r\n        \r\n        $('.white-panel').addClass('right-log');\r\n        $('.register-show').addClass('show-log-panel');\r\n        $('.login-show').removeClass('show-log-panel');\r\n        \r\n    }\r\n    else if($('#log-reg-show').is(':checked')) {\r\n        $('.register-info-box').fadeIn();\r\n        $('.login-info-box').fadeOut();\r\n        \r\n        $('.white-panel').removeClass('right-log');\r\n        \r\n        $('.login-show').addClass('show-log-panel');\r\n        $('.register-show').removeClass('show-log-panel');\r\n    }\r\n});"],"mappings":"izEAeY;AAAAA,cAAA,SAAAA,CAAA,SAAAC,cAAA,WAAAA,cAAA,EAAAD,cAAA,GAAAA,cAAA,GAAAE,CAAA,MAdZC,CAAC,CAACC,QAAQ,CAAC,CAACC,KAAK,CAAC,UAAU,CAAAL,cAAA,GAAAM,CAAA,MAAAN,cAAA,GAAAE,CAAA,MACxBC,CAAC,CAAC,iBAAiB,CAAC,CAACI,OAAO,CAAC,CAAC,CAACP,cAAA,GAAAE,CAAA,MAC/BC,CAAC,CAAC,aAAa,CAAC,CAACK,QAAQ,CAAC,gBAAgB,CAAC,CAC/C,CAAC,CAAC,CAACR,cAAA,GAAAE,CAAA,MAGHC,CAAC,CAAC,sCAAsC,CAAC,CAACM,EAAE,CAAC,QAAQ,CAAE,UAAW,CAAAT,cAAA,GAAAM,CAAA,MAAAN,cAAA,GAAAE,CAAA,MAC9D,GAAGC,CAAC,CAAC,iBAAiB,CAAC,CAACO,EAAE,CAAC,UAAU,CAAC,CAAE,CAAAV,cAAA,GAAAW,CAAA,SAAAX,cAAA,GAAAE,CAAA,MACpCC,CAAC,CAAC,oBAAoB,CAAC,CAACI,OAAO,CAAC,CAAC,CAACP,cAAA,GAAAE,CAAA,MAClCC,CAAC,CAAC,iBAAiB,CAAC,CAACS,MAAM,CAAC,CAAC,CAACZ,cAAA,GAAAE,CAAA,MAE9BC,CAAC,CAAC,cAAc,CAAC,CAACK,QAAQ,CAAC,WAAW,CAAC,CAACR,cAAA,GAAAE,CAAA,MACxCC,CAAC,CAAC,gBAAgB,CAAC,CAACK,QAAQ,CAAC,gBAAgB,CAAC,CAACR,cAAA,GAAAE,CAAA,MAC/CC,CAAC,CAAC,aAAa,CAAC,CAACU,WAAW,CAAC,gBAAgB,CAAC,CAElD,CAAC,IACI,CAAAb,cAAA,GAAAW,CAAA,SAAAX,cAAA,GAAAE,CAAA,UAAGC,CAAC,CAAC,eAAe,CAAC,CAACO,EAAE,CAAC,UAAU,CAAC,CAAE,CAAAV,cAAA,GAAAW,CAAA,SAAAX,cAAA,GAAAE,CAAA,OACvCC,CAAC,CAAC,oBAAoB,CAAC,CAACS,MAAM,CAAC,CAAC,CAACZ,cAAA,GAAAE,CAAA,OACjCC,CAAC,CAAC,iBAAiB,CAAC,CAACI,OAAO,CAAC,CAAC,CAACP,cAAA,GAAAE,CAAA,OAE/BC,CAAC,CAAC,cAAc,CAAC,CAACU,WAAW,CAAC,WAAW,CAAC,CAACb,cAAA,GAAAE,CAAA,OAE3CC,CAAC,CAAC,aAAa,CAAC,CAACK,QAAQ,CAAC,gBAAgB,CAAC,CAACR,cAAA,GAAAE,CAAA,OAC5CC,CAAC,CAAC,gBAAgB,CAAC,CAACU,WAAW,CAAC,gBAAgB,CAAC,CACrD,CAAC,KAAAb,cAAA,GAAAW,CAAA,UAAD,CACJ,CAAC,CAAC"},"all":true},"C:\\Users\\65886\\Documents\\DVOPS_proj\\rest-booking\\restaurant-booking\\public\\instrumented\\js\\booking.js":{"path":"C:\\Users\\65886\\Documents\\DVOPS_proj\\rest-booking\\restaurant-booking\\public\\instrumented\\js\\booking.js","statementMap":{"0":{"start":{"line":1,"column":35},"end":{"line":1,"column":134}},"1":{"start":{"line":1,"column":144},"end":{"line":1,"column":186}},"2":{"start":{"line":1,"column":198},"end":{"line":1,"column":227}},"3":{"start":{"line":1,"column":236},"end":{"line":1,"column":250}},"4":{"start":{"line":1,"column":268},"end":{"line":1,"column":5871}},"5":{"start":{"line":1,"column":5885},"end":{"line":1,"column":5914}},"6":{"start":{"line":1,"column":5915},"end":{"line":1,"column":5992}},"7":{"start":{"line":1,"column":5963},"end":{"line":1,"column":5991}},"8":{"start":{"line":1,"column":6011},"end":{"line":1,"column":6025}},"9":{"start":{"line":2,"column":0},"end":{"line":2,"column":50}},"10":{"start":{"line":2,"column":26},"end":{"line":2,"column":48}},"11":{"start":{"line":2,"column":51},"end":{"line":2,"column":73}},"12":{"start":{"line":2,"column":74},"end":{"line":2,"column":91}},"13":{"start":{"line":2,"column":115},"end":{"line":2,"column":139}},"14":{"start":{"line":2,"column":153},"end":{"line":2,"column":179}},"15":{"start":{"line":2,"column":194},"end":{"line":2,"column":238}},"16":{"start":{"line":2,"column":240},"end":{"line":2,"column":264}},"17":{"start":{"line":2,"column":264},"end":{"line":2,"column":305}},"18":{"start":{"line":2,"column":305},"end":{"line":2,"column":329}},"19":{"start":{"line":2,"column":329},"end":{"line":2,"column":389}},"20":{"start":{"line":2,"column":389},"end":{"line":2,"column":413}},"21":{"start":{"line":2,"column":413},"end":{"line":2,"column":1113}},"22":{"start":{"line":2,"column":439},"end":{"line":2,"column":463}},"23":{"start":{"line":2,"column":463},"end":{"line":2,"column":487}},"24":{"start":{"line":2,"column":487},"end":{"line":2,"column":529}},"25":{"start":{"line":2,"column":539},"end":{"line":2,"column":565}},"26":{"start":{"line":2,"column":567},"end":{"line":2,"column":591}},"27":{"start":{"line":2,"column":591},"end":{"line":2,"column":1031}},"28":{"start":{"line":2,"column":602},"end":{"line":2,"column":627}},"29":{"start":{"line":2,"column":652},"end":{"line":2,"column":676}},"30":{"start":{"line":2,"column":676},"end":{"line":2,"column":1030}},"31":{"start":{"line":2,"column":1031},"end":{"line":2,"column":1056}},"32":{"start":{"line":2,"column":1056},"end":{"line":2,"column":1111}},"33":{"start":{"line":2,"column":1113},"end":{"line":2,"column":1138}},"34":{"start":{"line":2,"column":1138},"end":{"line":2,"column":1153}},"35":{"start":{"line":2,"column":1176},"end":{"line":2,"column":1200}},"36":{"start":{"line":2,"column":1214},"end":{"line":2,"column":1241}},"37":{"start":{"line":2,"column":1257},"end":{"line":2,"column":1294}},"38":{"start":{"line":2,"column":1296},"end":{"line":2,"column":1321}},"39":{"start":{"line":2,"column":1321},"end":{"line":2,"column":1381}},"40":{"start":{"line":2,"column":1381},"end":{"line":2,"column":1406}},"41":{"start":{"line":2,"column":1406},"end":{"line":2,"column":1458}},"42":{"start":{"line":2,"column":1458},"end":{"line":2,"column":1483}},"43":{"start":{"line":2,"column":1483},"end":{"line":2,"column":1541}},"44":{"start":{"line":2,"column":1541},"end":{"line":2,"column":1566}},"45":{"start":{"line":2,"column":1566},"end":{"line":2,"column":1622}},"46":{"start":{"line":2,"column":1622},"end":{"line":2,"column":1647}},"47":{"start":{"line":2,"column":1647},"end":{"line":2,"column":1709}},"48":{"start":{"line":3,"column":0},"end":{"line":3,"column":25}},"49":{"start":{"line":3,"column":25},"end":{"line":3,"column":568}},"50":{"start":{"line":3,"column":282},"end":{"line":3,"column":309}},"51":{"start":{"line":3,"column":309},"end":{"line":3,"column":334}},"52":{"start":{"line":3,"column":334},"end":{"line":3,"column":406}},"53":{"start":{"line":3,"column":406},"end":{"line":3,"column":431}},"54":{"start":{"line":3,"column":431},"end":{"line":3,"column":502}},"55":{"start":{"line":3,"column":502},"end":{"line":3,"column":527}},"56":{"start":{"line":3,"column":527},"end":{"line":3,"column":534}},"57":{"start":{"line":3,"column":540},"end":{"line":3,"column":567}},"58":{"start":{"line":3,"column":581},"end":{"line":3,"column":626}},"59":{"start":{"line":3,"column":628},"end":{"line":3,"column":653}},"60":{"start":{"line":3,"column":653},"end":{"line":3,"column":694}},"61":{"start":{"line":3,"column":694},"end":{"line":3,"column":719}},"62":{"start":{"line":3,"column":719},"end":{"line":3,"column":779}},"63":{"start":{"line":3,"column":779},"end":{"line":3,"column":804}},"64":{"start":{"line":3,"column":804},"end":{"line":3,"column":2071}},"65":{"start":{"line":3,"column":830},"end":{"line":3,"column":854}},"66":{"start":{"line":3,"column":854},"end":{"line":3,"column":879}},"67":{"start":{"line":3,"column":879},"end":{"line":3,"column":921}},"68":{"start":{"line":3,"column":921},"end":{"line":3,"column":946}},"69":{"start":{"line":3,"column":946},"end":{"line":3,"column":968}},"70":{"start":{"line":3,"column":968},"end":{"line":3,"column":993}},"71":{"start":{"line":3,"column":993},"end":{"line":3,"column":2069}},"72":{"start":{"line":3,"column":1025},"end":{"line":3,"column":1052}},"73":{"start":{"line":3,"column":1052},"end":{"line":3,"column":1077}},"74":{"start":{"line":3,"column":1077},"end":{"line":3,"column":1166}},"75":{"start":{"line":3,"column":1166},"end":{"line":3,"column":1191}},"76":{"start":{"line":3,"column":1191},"end":{"line":3,"column":1263}},"77":{"start":{"line":3,"column":1263},"end":{"line":3,"column":1288}},"78":{"start":{"line":3,"column":1288},"end":{"line":3,"column":1333}},"79":{"start":{"line":3,"column":1333},"end":{"line":3,"column":1358}},"80":{"start":{"line":3,"column":1358},"end":{"line":3,"column":1399}},"81":{"start":{"line":3,"column":1399},"end":{"line":3,"column":1424}},"82":{"start":{"line":3,"column":1424},"end":{"line":3,"column":1468}},"83":{"start":{"line":3,"column":1468},"end":{"line":3,"column":1493}},"84":{"start":{"line":3,"column":1493},"end":{"line":3,"column":1536}},"85":{"start":{"line":3,"column":1536},"end":{"line":3,"column":1561}},"86":{"start":{"line":3,"column":1561},"end":{"line":3,"column":1607}},"87":{"start":{"line":3,"column":1607},"end":{"line":3,"column":1632}},"88":{"start":{"line":3,"column":1632},"end":{"line":3,"column":1747}},"89":{"start":{"line":3,"column":1654},"end":{"line":3,"column":1678}},"90":{"start":{"line":3,"column":1678},"end":{"line":3,"column":1703}},"91":{"start":{"line":3,"column":1703},"end":{"line":3,"column":1739}},"92":{"start":{"line":3,"column":1753},"end":{"line":3,"column":1780}},"93":{"start":{"line":3,"column":1780},"end":{"line":3,"column":1805}},"94":{"start":{"line":3,"column":1805},"end":{"line":3,"column":1876}},"95":{"start":{"line":3,"column":1876},"end":{"line":3,"column":1901}},"96":{"start":{"line":3,"column":1901},"end":{"line":3,"column":1972}},"97":{"start":{"line":3,"column":1972},"end":{"line":3,"column":1997}},"98":{"start":{"line":3,"column":1997},"end":{"line":3,"column":2068}},"99":{"start":{"line":3,"column":2071},"end":{"line":3,"column":2096}},"100":{"start":{"line":3,"column":2096},"end":{"line":3,"column":2135}},"101":{"start":{"line":3,"column":2171},"end":{"line":3,"column":2195}},"102":{"start":{"line":3,"column":2209},"end":{"line":3,"column":2236}},"103":{"start":{"line":3,"column":2251},"end":{"line":3,"column":2296}},"104":{"start":{"line":3,"column":2298},"end":{"line":3,"column":2323}},"105":{"start":{"line":3,"column":2323},"end":{"line":3,"column":2381}},"106":{"start":{"line":3,"column":2381},"end":{"line":3,"column":2406}},"107":{"start":{"line":3,"column":2406},"end":{"line":3,"column":2466}},"108":{"start":{"line":3,"column":2466},"end":{"line":3,"column":2491}},"109":{"start":{"line":3,"column":2491},"end":{"line":3,"column":2873}},"110":{"start":{"line":3,"column":2517},"end":{"line":3,"column":2541}},"111":{"start":{"line":3,"column":2541},"end":{"line":3,"column":2566}},"112":{"start":{"line":3,"column":2566},"end":{"line":3,"column":2608}},"113":{"start":{"line":3,"column":2608},"end":{"line":3,"column":2633}},"114":{"start":{"line":3,"column":2633},"end":{"line":3,"column":2871}},"115":{"start":{"line":3,"column":2688},"end":{"line":3,"column":2715}},"116":{"start":{"line":3,"column":2715},"end":{"line":3,"column":2740}},"117":{"start":{"line":3,"column":2740},"end":{"line":3,"column":2776}},"118":{"start":{"line":3,"column":2782},"end":{"line":3,"column":2809}},"119":{"start":{"line":3,"column":2809},"end":{"line":3,"column":2834}},"120":{"start":{"line":3,"column":2834},"end":{"line":3,"column":2870}},"121":{"start":{"line":3,"column":2873},"end":{"line":3,"column":2898}},"122":{"start":{"line":3,"column":2898},"end":{"line":3,"column":2913}}},"fnMap":{"0":{"name":"cov_1eioe40trw","decl":{"start":{"line":1,"column":9},"end":{"line":1,"column":23}},"loc":{"start":{"line":1,"column":25},"end":{"line":2,"column":74}},"line":1},"1":{"name":"(anonymous_1)","decl":{"start":{"line":2,"column":15},"end":{"line":2,"column":16}},"loc":{"start":{"line":2,"column":25},"end":{"line":2,"column":49}},"line":2},"2":{"name":"viewBookings","decl":{"start":{"line":2,"column":100},"end":{"line":2,"column":112}},"loc":{"start":{"line":2,"column":114},"end":{"line":2,"column":1154}},"line":2},"3":{"name":"(anonymous_3)","decl":{"start":{"line":2,"column":428},"end":{"line":2,"column":429}},"loc":{"start":{"line":2,"column":438},"end":{"line":2,"column":1112}},"line":2},"4":{"name":"addBooking","decl":{"start":{"line":2,"column":1163},"end":{"line":2,"column":1173}},"loc":{"start":{"line":2,"column":1175},"end":{"line":3,"column":2136}},"line":2},"5":{"name":"(anonymous_5)","decl":{"start":{"line":3,"column":819},"end":{"line":3,"column":820}},"loc":{"start":{"line":3,"column":829},"end":{"line":3,"column":2070}},"line":3},"6":{"name":"(anonymous_6)","decl":{"start":{"line":3,"column":1643},"end":{"line":3,"column":1644}},"loc":{"start":{"line":3,"column":1653},"end":{"line":3,"column":1740}},"line":3},"7":{"name":"deleteBooking","decl":{"start":{"line":3,"column":2145},"end":{"line":3,"column":2158}},"loc":{"start":{"line":3,"column":2170},"end":{"line":3,"column":2914}},"line":3},"8":{"name":"(anonymous_8)","decl":{"start":{"line":3,"column":2506},"end":{"line":3,"column":2507}},"loc":{"start":{"line":3,"column":2516},"end":{"line":3,"column":2872}},"line":3}},"branchMap":{"0":{"loc":{"start":{"line":1,"column":5885},"end":{"line":1,"column":5914}},"type":"binary-expr","locations":[{"start":{"line":1,"column":5885},"end":{"line":1,"column":5896}},{"start":{"line":1,"column":5899},"end":{"line":1,"column":5913}}],"line":1},"1":{"loc":{"start":{"line":1,"column":5915},"end":{"line":1,"column":5992}},"type":"if","locations":[{"start":{"line":1,"column":5915},"end":{"line":1,"column":5992}},{"start":{"line":1,"column":5915},"end":{"line":1,"column":5992}}],"line":1},"2":{"loc":{"start":{"line":1,"column":5918},"end":{"line":1,"column":5961}},"type":"binary-expr","locations":[{"start":{"line":1,"column":5918},"end":{"line":1,"column":5933}},{"start":{"line":1,"column":5935},"end":{"line":1,"column":5961}}],"line":1},"3":{"loc":{"start":{"line":3,"column":25},"end":{"line":3,"column":568}},"type":"if","locations":[{"start":{"line":3,"column":25},"end":{"line":3,"column":568}},{"start":{"line":3,"column":25},"end":{"line":3,"column":568}}],"line":3},"4":{"loc":{"start":{"line":3,"column":28},"end":{"line":3,"column":280}},"type":"binary-expr","locations":[{"start":{"line":3,"column":29},"end":{"line":3,"column":77}},{"start":{"line":3,"column":81},"end":{"line":3,"column":125}},{"start":{"line":3,"column":129},"end":{"line":3,"column":176}},{"start":{"line":3,"column":180},"end":{"line":3,"column":226}},{"start":{"line":3,"column":230},"end":{"line":3,"column":279}}],"line":3},"5":{"loc":{"start":{"line":3,"column":993},"end":{"line":3,"column":2069}},"type":"if","locations":[{"start":{"line":3,"column":993},"end":{"line":3,"column":2069}},{"start":{"line":3,"column":993},"end":{"line":3,"column":2069}}],"line":3},"6":{"loc":{"start":{"line":3,"column":2633},"end":{"line":3,"column":2871}},"type":"if","locations":[{"start":{"line":3,"column":2633},"end":{"line":3,"column":2871}},{"start":{"line":3,"column":2633},"end":{"line":3,"column":2871}}],"line":3}},"s":{"0":0,"1":0,"2":0,"3":0,"4":0,"5":0,"6":0,"7":0,"8":0,"9":0,"10":0,"11":0,"12":0,"13":0,"14":0,"15":0,"16":0,"17":0,"18":0,"19":0,"20":0,"21":0,"22":0,"23":0,"24":0,"25":0,"26":0,"27":0,"28":0,"29":0,"30":0,"31":0,"32":0,"33":0,"34":0,"35":0,"36":0,"37":0,"38":0,"39":0,"40":0,"41":0,"42":0,"43":0,"44":0,"45":0,"46":0,"47":0,"48":0,"49":0,"50":0,"51":0,"52":0,"53":0,"54":0,"55":0,"56":0,"57":0,"58":0,"59":0,"60":0,"61":0,"62":0,"63":0,"64":0,"65":0,"66":0,"67":0,"68":0,"69":0,"70":0,"71":0,"72":0,"73":0,"74":0,"75":0,"76":0,"77":0,"78":0,"79":0,"80":0,"81":0,"82":0,"83":0,"84":0,"85":0,"86":0,"87":0,"88":0,"89":0,"90":0,"91":0,"92":0,"93":0,"94":0,"95":0,"96":0,"97":0,"98":0,"99":0,"100":0,"101":0,"102":0,"103":0,"104":0,"105":0,"106":0,"107":0,"108":0,"109":0,"110":0,"111":0,"112":0,"113":0,"114":0,"115":0,"116":0,"117":0,"118":0,"119":0,"120":0,"121":0,"122":0},"f":{"0":0,"1":0,"2":0,"3":0,"4":0,"5":0,"6":0,"7":0,"8":0},"b":{"0":[0,0],"1":[0,0],"2":[0,0],"3":[0,0],"4":[0,0,0,0,0],"5":[0,0],"6":[0,0]},"inputSourceMap":{"version":3,"names":["cov_1eioe40trw","actualCoverage","viewBookings","f","response","s","request","XMLHttpRequest","open","setRequestHeader","onload","JSON","parse","responseText","html","i","length","username","rest","contact","people","book_date","id","document","getElementById","innerHTML","send","addBooking","jsonData","Object","value","b","setAttribute","console","log","message","undefined","setTimeout","window","location","href","stringify","deleteBooking","selectedId","alert"],"sources":["booking.js"],"sourcesContent":["function viewBookings() {\r\n  var response = \"\";\r\n  var request = new XMLHttpRequest();\r\n  request.open(\"GET\", \"/view-booking\", true);\r\n  request.setRequestHeader(\"Content-Type\", \"application/json\");\r\n  request.onload = function () {\r\n    response = JSON.parse(request.responseText);\r\n    var html = \"\";\r\n    for (var i = 0; i < response.length; i++) {\r\n      html +=\r\n        \"<tr>\" +\r\n        \"<td>\" +\r\n        (i + 1) +\r\n        \"</td>\" +\r\n        \"<td>\" +\r\n        response[i].username +\r\n        \"</td>\" +\r\n        \"<td>\" +\r\n        response[i].rest +\r\n        \"</td>\" +\r\n        \"<td>\" +\r\n        response[i].contact +\r\n        \"</td>\" +\r\n        \"<td>\" +\r\n        response[i].people +\r\n        \"</td>\" +\r\n        \"<td>\" +\r\n        response[i].book_date +\r\n        \"</td>\" +\r\n        \"<td>\" +\r\n        '<button type=\"button\" class=\"btn btn-danger\" id=\"deletebtn\" onclick=\"deleteBooking(' +\r\n        response[i].id +\r\n        ')\"> Delete</button>' +\r\n        \"</td>\" +\r\n        \"</tr>\";\r\n    }\r\n    document.getElementById(\"tableContent\").innerHTML = html;\r\n  };\r\n  request.send();\r\n}\r\nfunction addBooking() {\r\n  var response = \"\";\r\n  var jsonData = new Object();\r\n  jsonData.username = document.getElementById(\"username\").value;\r\n  jsonData.rest = document.getElementById(\"rest\").value;\r\n  jsonData.contact = document.getElementById(\"contact\").value;\r\n  jsonData.people = document.getElementById(\"people\").value;\r\n  jsonData.book_date = document.getElementById(\"book_date\").value;\r\n  //jsonData.owner = sessionStorage.getItem(\"email\");\r\n  if (\r\n    jsonData.username == \"\" ||\r\n    jsonData.rest == \"\" ||\r\n    jsonData.contact == \"\" ||\r\n    jsonData.people == \"\" ||\r\n    jsonData.book_date == \"\" \r\n  ) {\r\n    document.getElementById(\"message\").innerHTML = \"All fields are required!\";\r\n    document.getElementById(\"message\").setAttribute(\"class\", \"text-danger\");\r\n    return;\r\n  }\r\n  var request = new XMLHttpRequest();\r\n  request.open(\"POST\", \"/add-booking\", true);\r\n  request.setRequestHeader(\"Content-Type\", \"application/json\");\r\n  request.onload = function () {\r\n    response = JSON.parse(request.responseText);\r\n    console.log(response);\r\n    if (response.message == undefined) {\r\n      document.getElementById(\"message\").innerHTML =\r\n        \"Added a new Booking at \" + jsonData.rest + \"!\";\r\n\r\n      document.getElementById(\"message\").setAttribute(\"class\", \"text-success\");\r\n      document.getElementById(\"username\").value = \"\";\r\n      document.getElementById(\"rest\").value = \"\";\r\n      document.getElementById(\"contact\").value = \"\";\r\n      document.getElementById(\"people\").value = \"\";\r\n      document.getElementById(\"book_date\").value = \"\";\r\n      \r\n      setTimeout(function(){\r\n        window.location.href = 'booking.html';\r\n    }, 2000);\r\n     \r\n     \r\n    } else {\r\n      document.getElementById(\"message\").innerHTML = \"Unable to add resource!\";\r\n      document.getElementById(\"message\").setAttribute(\"class\", \"text-danger\");\r\n      document.getElementById(\"message\").setAttribute(\"class\", \"text-danger\");\r\n    }\r\n  };\r\n  request.send(JSON.stringify(jsonData));\r\n}\r\nfunction deleteBooking(selectedId) {\r\n    var response = \"\";\r\n    var request = new XMLHttpRequest();\r\n    request.open(\"DELETE\", \"/delete-booking/\" + selectedId, true);\r\n    request.setRequestHeader('Content-Type', 'application/json');\r\n    request.onload = function () {\r\n    response = JSON.parse(request.responseText);\r\n    if (response.message == \"Resource deleted successfully!\") {\r\n    window.location.href = 'booking.html';\r\n    }\r\n    else {\r\n    alert('Unable to delete resource!');\r\n    }\r\n    };\r\n    request.send();\r\n}\r\n"],"mappings":"24LAeY;AAAAA,cAAA,SAAAA,CAAA,SAAAC,cAAA,WAAAA,cAAA,EAAAD,cAAA,GAfZ,QAAS,CAAAE,YAAYA,CAAA,CAAG,CAAAF,cAAA,GAAAG,CAAA,MACtB,GAAI,CAAAC,QAAQ,EAAAJ,cAAA,GAAAK,CAAA,MAAG,EAAE,EACjB,GAAI,CAAAC,OAAO,EAAAN,cAAA,GAAAK,CAAA,MAAG,GAAI,CAAAE,cAAc,CAAC,CAAC,EAACP,cAAA,GAAAK,CAAA,MACnCC,OAAO,CAACE,IAAI,CAAC,KAAK,CAAE,eAAe,CAAE,IAAI,CAAC,CAACR,cAAA,GAAAK,CAAA,MAC3CC,OAAO,CAACG,gBAAgB,CAAC,cAAc,CAAE,kBAAkB,CAAC,CAACT,cAAA,GAAAK,CAAA,MAC7DC,OAAO,CAACI,MAAM,CAAG,UAAY,CAAAV,cAAA,GAAAG,CAAA,MAAAH,cAAA,GAAAK,CAAA,MAC3BD,QAAQ,CAAGO,IAAI,CAACC,KAAK,CAACN,OAAO,CAACO,YAAY,CAAC,CAC3C,GAAI,CAAAC,IAAI,EAAAd,cAAA,GAAAK,CAAA,MAAG,EAAE,EAACL,cAAA,GAAAK,CAAA,MACd,IAAK,GAAI,CAAAU,CAAC,EAAAf,cAAA,GAAAK,CAAA,MAAG,CAAC,EAAEU,CAAC,CAAGX,QAAQ,CAACY,MAAM,CAAED,CAAC,EAAE,CAAE,CAAAf,cAAA,GAAAK,CAAA,MACxCS,IAAI,EACF,MAAM,CACN,MAAM,EACLC,CAAC,CAAG,CAAC,CAAC,CACP,OAAO,CACP,MAAM,CACNX,QAAQ,CAACW,CAAC,CAAC,CAACE,QAAQ,CACpB,OAAO,CACP,MAAM,CACNb,QAAQ,CAACW,CAAC,CAAC,CAACG,IAAI,CAChB,OAAO,CACP,MAAM,CACNd,QAAQ,CAACW,CAAC,CAAC,CAACI,OAAO,CACnB,OAAO,CACP,MAAM,CACNf,QAAQ,CAACW,CAAC,CAAC,CAACK,MAAM,CAClB,OAAO,CACP,MAAM,CACNhB,QAAQ,CAACW,CAAC,CAAC,CAACM,SAAS,CACrB,OAAO,CACP,MAAM,CACN,qFAAqF,CACrFjB,QAAQ,CAACW,CAAC,CAAC,CAACO,EAAE,CACd,qBAAqB,CACrB,OAAO,CACP,OAAO,CACX,CAACtB,cAAA,GAAAK,CAAA,OACDkB,QAAQ,CAACC,cAAc,CAAC,cAAc,CAAC,CAACC,SAAS,CAAGX,IAAI,CAC1D,CAAC,CAACd,cAAA,GAAAK,CAAA,OACFC,OAAO,CAACoB,IAAI,CAAC,CAAC,CAChB,CACA,QAAS,CAAAC,UAAUA,CAAA,CAAG,CAAA3B,cAAA,GAAAG,CAAA,MACpB,GAAI,CAAAC,QAAQ,EAAAJ,cAAA,GAAAK,CAAA,OAAG,EAAE,EACjB,GAAI,CAAAuB,QAAQ,EAAA5B,cAAA,GAAAK,CAAA,OAAG,GAAI,CAAAwB,MAAM,CAAC,CAAC,EAAC7B,cAAA,GAAAK,CAAA,OAC5BuB,QAAQ,CAACX,QAAQ,CAAGM,QAAQ,CAACC,cAAc,CAAC,UAAU,CAAC,CAACM,KAAK,CAAC9B,cAAA,GAAAK,CAAA,OAC9DuB,QAAQ,CAACV,IAAI,CAAGK,QAAQ,CAACC,cAAc,CAAC,MAAM,CAAC,CAACM,KAAK,CAAC9B,cAAA,GAAAK,CAAA,OACtDuB,QAAQ,CAACT,OAAO,CAAGI,QAAQ,CAACC,cAAc,CAAC,SAAS,CAAC,CAACM,KAAK,CAAC9B,cAAA,GAAAK,CAAA,OAC5DuB,QAAQ,CAACR,MAAM,CAAGG,QAAQ,CAACC,cAAc,CAAC,QAAQ,CAAC,CAACM,KAAK,CAAC9B,cAAA,GAAAK,CAAA,OAC1DuB,QAAQ,CAACP,SAAS,CAAGE,QAAQ,CAACC,cAAc,CAAC,WAAW,CAAC,CAACM,KAAK,CAC/D;AAAA9B,cAAA,GAAAK,CAAA,OACA,GACE,CAAAL,cAAA,GAAA+B,CAAA,SAAAH,QAAQ,CAACX,QAAQ,EAAI,EAAE,IAAAjB,cAAA,GAAA+B,CAAA,SACvBH,QAAQ,CAACV,IAAI,EAAI,EAAE,IAAAlB,cAAA,GAAA+B,CAAA,SACnBH,QAAQ,CAACT,OAAO,EAAI,EAAE,IAAAnB,cAAA,GAAA+B,CAAA,SACtBH,QAAQ,CAACR,MAAM,EAAI,EAAE,IAAApB,cAAA,GAAA+B,CAAA,SACrBH,QAAQ,CAACP,SAAS,EAAI,EAAE,EACxB,CAAArB,cAAA,GAAA+B,CAAA,SAAA/B,cAAA,GAAAK,CAAA,OACAkB,QAAQ,CAACC,cAAc,CAAC,SAAS,CAAC,CAACC,SAAS,CAAG,0BAA0B,CAACzB,cAAA,GAAAK,CAAA,OAC1EkB,QAAQ,CAACC,cAAc,CAAC,SAAS,CAAC,CAACQ,YAAY,CAAC,OAAO,CAAE,aAAa,CAAC,CAAChC,cAAA,GAAAK,CAAA,OACxE,OACF,CAAC,KAAAL,cAAA,GAAA+B,CAAA,UACD,GAAI,CAAAzB,OAAO,EAAAN,cAAA,GAAAK,CAAA,OAAG,GAAI,CAAAE,cAAc,CAAC,CAAC,EAACP,cAAA,GAAAK,CAAA,OACnCC,OAAO,CAACE,IAAI,CAAC,MAAM,CAAE,cAAc,CAAE,IAAI,CAAC,CAACR,cAAA,GAAAK,CAAA,OAC3CC,OAAO,CAACG,gBAAgB,CAAC,cAAc,CAAE,kBAAkB,CAAC,CAACT,cAAA,GAAAK,CAAA,OAC7DC,OAAO,CAACI,MAAM,CAAG,UAAY,CAAAV,cAAA,GAAAG,CAAA,MAAAH,cAAA,GAAAK,CAAA,OAC3BD,QAAQ,CAAGO,IAAI,CAACC,KAAK,CAACN,OAAO,CAACO,YAAY,CAAC,CAACb,cAAA,GAAAK,CAAA,OAC5C4B,OAAO,CAACC,GAAG,CAAC9B,QAAQ,CAAC,CAACJ,cAAA,GAAAK,CAAA,OACtB,GAAID,QAAQ,CAAC+B,OAAO,EAAIC,SAAS,CAAE,CAAApC,cAAA,GAAA+B,CAAA,SAAA/B,cAAA,GAAAK,CAAA,OACjCkB,QAAQ,CAACC,cAAc,CAAC,SAAS,CAAC,CAACC,SAAS,CAC1C,yBAAyB,CAAGG,QAAQ,CAACV,IAAI,CAAG,GAAG,CAAClB,cAAA,GAAAK,CAAA,OAElDkB,QAAQ,CAACC,cAAc,CAAC,SAAS,CAAC,CAACQ,YAAY,CAAC,OAAO,CAAE,cAAc,CAAC,CAAChC,cAAA,GAAAK,CAAA,OACzEkB,QAAQ,CAACC,cAAc,CAAC,UAAU,CAAC,CAACM,KAAK,CAAG,EAAE,CAAC9B,cAAA,GAAAK,CAAA,OAC/CkB,QAAQ,CAACC,cAAc,CAAC,MAAM,CAAC,CAACM,KAAK,CAAG,EAAE,CAAC9B,cAAA,GAAAK,CAAA,OAC3CkB,QAAQ,CAACC,cAAc,CAAC,SAAS,CAAC,CAACM,KAAK,CAAG,EAAE,CAAC9B,cAAA,GAAAK,CAAA,OAC9CkB,QAAQ,CAACC,cAAc,CAAC,QAAQ,CAAC,CAACM,KAAK,CAAG,EAAE,CAAC9B,cAAA,GAAAK,CAAA,OAC7CkB,QAAQ,CAACC,cAAc,CAAC,WAAW,CAAC,CAACM,KAAK,CAAG,EAAE,CAAC9B,cAAA,GAAAK,CAAA,OAEhDgC,UAAU,CAAC,UAAU,CAAArC,cAAA,GAAAG,CAAA,MAAAH,cAAA,GAAAK,CAAA,OACnBiC,MAAM,CAACC,QAAQ,CAACC,IAAI,CAAG,cAAc,CACzC,CAAC,CAAE,IAAI,CAAC,CAGR,CAAC,IAAM,CAAAxC,cAAA,GAAA+B,CAAA,SAAA/B,cAAA,GAAAK,CAAA,OACLkB,QAAQ,CAACC,cAAc,CAAC,SAAS,CAAC,CAACC,SAAS,CAAG,yBAAyB,CAACzB,cAAA,GAAAK,CAAA,OACzEkB,QAAQ,CAACC,cAAc,CAAC,SAAS,CAAC,CAACQ,YAAY,CAAC,OAAO,CAAE,aAAa,CAAC,CAAChC,cAAA,GAAAK,CAAA,OACxEkB,QAAQ,CAACC,cAAc,CAAC,SAAS,CAAC,CAACQ,YAAY,CAAC,OAAO,CAAE,aAAa,CAAC,CACzE,CACF,CAAC,CAAChC,cAAA,GAAAK,CAAA,OACFC,OAAO,CAACoB,IAAI,CAACf,IAAI,CAAC8B,SAAS,CAACb,QAAQ,CAAC,CAAC,CACxC,CACA,QAAS,CAAAc,aAAaA,CAACC,UAAU,CAAE,CAAA3C,cAAA,GAAAG,CAAA,MAC/B,GAAI,CAAAC,QAAQ,EAAAJ,cAAA,GAAAK,CAAA,OAAG,EAAE,EACjB,GAAI,CAAAC,OAAO,EAAAN,cAAA,GAAAK,CAAA,OAAG,GAAI,CAAAE,cAAc,CAAC,CAAC,EAACP,cAAA,GAAAK,CAAA,OACnCC,OAAO,CAACE,IAAI,CAAC,QAAQ,CAAE,kBAAkB,CAAGmC,UAAU,CAAE,IAAI,CAAC,CAAC3C,cAAA,GAAAK,CAAA,OAC9DC,OAAO,CAACG,gBAAgB,CAAC,cAAc,CAAE,kBAAkB,CAAC,CAACT,cAAA,GAAAK,CAAA,OAC7DC,OAAO,CAACI,MAAM,CAAG,UAAY,CAAAV,cAAA,GAAAG,CAAA,MAAAH,cAAA,GAAAK,CAAA,OAC7BD,QAAQ,CAAGO,IAAI,CAACC,KAAK,CAACN,OAAO,CAACO,YAAY,CAAC,CAACb,cAAA,GAAAK,CAAA,OAC5C,GAAID,QAAQ,CAAC+B,OAAO,EAAI,gCAAgC,CAAE,CAAAnC,cAAA,GAAA+B,CAAA,SAAA/B,cAAA,GAAAK,CAAA,OAC1DiC,MAAM,CAACC,QAAQ,CAACC,IAAI,CAAG,cAAc,CACrC,CAAC,IACI,CAAAxC,cAAA,GAAA+B,CAAA,SAAA/B,cAAA,GAAAK,CAAA,OACLuC,KAAK,CAAC,4BAA4B,CAAC,CACnC,CACA,CAAC,CAAC5C,cAAA,GAAAK,CAAA,OACFC,OAAO,CAACoB,IAAI,CAAC,CAAC,CAClB"},"all":true},"C:\\Users\\65886\\Documents\\DVOPS_proj\\rest-booking\\restaurant-booking\\public\\instrumented\\js\\navbar.js":{"path":"C:\\Users\\65886\\Documents\\DVOPS_proj\\rest-booking\\restaurant-booking\\public\\instrumented\\js\\navbar.js","statementMap":{"0":{"start":{"line":1,"column":35},"end":{"line":1,"column":133}},"1":{"start":{"line":1,"column":143},"end":{"line":1,"column":185}},"2":{"start":{"line":1,"column":197},"end":{"line":1,"column":226}},"3":{"start":{"line":1,"column":235},"end":{"line":1,"column":249}},"4":{"start":{"line":1,"column":267},"end":{"line":1,"column":3566}},"5":{"start":{"line":1,"column":3580},"end":{"line":1,"column":3609}},"6":{"start":{"line":1,"column":3610},"end":{"line":1,"column":3687}},"7":{"start":{"line":1,"column":3658},"end":{"line":1,"column":3686}},"8":{"start":{"line":1,"column":3706},"end":{"line":1,"column":3720}},"9":{"start":{"line":2,"column":0},"end":{"line":2,"column":50}},"10":{"start":{"line":2,"column":26},"end":{"line":2,"column":48}},"11":{"start":{"line":2,"column":51},"end":{"line":2,"column":73}},"12":{"start":{"line":2,"column":74},"end":{"line":2,"column":91}},"13":{"start":{"line":2,"column":103},"end":{"line":2,"column":157}},"14":{"start":{"line":2,"column":164},"end":{"line":2,"column":217}},"15":{"start":{"line":2,"column":231},"end":{"line":2,"column":292}},"16":{"start":{"line":2,"column":308},"end":{"line":2,"column":371}},"17":{"start":{"line":2,"column":386},"end":{"line":2,"column":448}},"18":{"start":{"line":2,"column":465},"end":{"line":2,"column":529}},"19":{"start":{"line":2,"column":544},"end":{"line":2,"column":596}},"20":{"start":{"line":2,"column":598},"end":{"line":2,"column":622}},"21":{"start":{"line":2,"column":622},"end":{"line":2,"column":827}},"22":{"start":{"line":2,"column":715},"end":{"line":2,"column":742}},"23":{"start":{"line":2,"column":742},"end":{"line":2,"column":766}},"24":{"start":{"line":2,"column":766},"end":{"line":2,"column":793}},"25":{"start":{"line":2,"column":799},"end":{"line":2,"column":826}},"26":{"start":{"line":3,"column":0},"end":{"line":3,"column":24}},"27":{"start":{"line":3,"column":24},"end":{"line":4,"column":259}},"28":{"start":{"line":3,"column":65},"end":{"line":3,"column":89}},"29":{"start":{"line":3,"column":89},"end":{"line":3,"column":114}},"30":{"start":{"line":3,"column":114},"end":{"line":3,"column":152}},"31":{"start":{"line":3,"column":152},"end":{"line":3,"column":177}},"32":{"start":{"line":3,"column":177},"end":{"line":3,"column":207}},"33":{"start":{"line":4,"column":0},"end":{"line":4,"column":25}},"34":{"start":{"line":4,"column":25},"end":{"line":4,"column":256}},"35":{"start":{"line":4,"column":62},"end":{"line":4,"column":89}},"36":{"start":{"line":4,"column":89},"end":{"line":4,"column":114}},"37":{"start":{"line":4,"column":114},"end":{"line":4,"column":156}},"38":{"start":{"line":4,"column":162},"end":{"line":4,"column":189}},"39":{"start":{"line":4,"column":189},"end":{"line":4,"column":214}},"40":{"start":{"line":4,"column":214},"end":{"line":4,"column":255}},"41":{"start":{"line":5,"column":0},"end":{"line":5,"column":25}},"42":{"start":{"line":5,"column":25},"end":{"line":5,"column":160}},"43":{"start":{"line":5,"column":68},"end":{"line":5,"column":92}},"44":{"start":{"line":5,"column":92},"end":{"line":5,"column":117}},"45":{"start":{"line":5,"column":117},"end":{"line":5,"column":157}},"46":{"start":{"line":6,"column":0},"end":{"line":6,"column":25}},"47":{"start":{"line":6,"column":25},"end":{"line":6,"column":147}},"48":{"start":{"line":6,"column":67},"end":{"line":6,"column":91}},"49":{"start":{"line":6,"column":91},"end":{"line":6,"column":116}},"50":{"start":{"line":6,"column":116},"end":{"line":6,"column":144}},"51":{"start":{"line":6,"column":147},"end":{"line":6,"column":172}},"52":{"start":{"line":6,"column":172},"end":{"line":6,"column":574}},"53":{"start":{"line":6,"column":206},"end":{"line":6,"column":230}},"54":{"start":{"line":6,"column":246},"end":{"line":6,"column":279}},"55":{"start":{"line":6,"column":281},"end":{"line":6,"column":306}},"56":{"start":{"line":6,"column":306},"end":{"line":6,"column":571}},"57":{"start":{"line":6,"column":454},"end":{"line":6,"column":481}},"58":{"start":{"line":6,"column":481},"end":{"line":6,"column":506}},"59":{"start":{"line":6,"column":506},"end":{"line":6,"column":537}},"60":{"start":{"line":6,"column":543},"end":{"line":6,"column":570}}},"fnMap":{"0":{"name":"cov_1yheivgxln","decl":{"start":{"line":1,"column":9},"end":{"line":1,"column":23}},"loc":{"start":{"line":1,"column":25},"end":{"line":2,"column":74}},"line":1},"1":{"name":"(anonymous_1)","decl":{"start":{"line":2,"column":15},"end":{"line":2,"column":16}},"loc":{"start":{"line":2,"column":25},"end":{"line":2,"column":49}},"line":2},"2":{"name":"(anonymous_2)","decl":{"start":{"line":3,"column":60},"end":{"line":3,"column":61}},"loc":{"start":{"line":3,"column":64},"end":{"line":4,"column":257}},"line":3},"3":{"name":"(anonymous_3)","decl":{"start":{"line":5,"column":63},"end":{"line":5,"column":64}},"loc":{"start":{"line":5,"column":67},"end":{"line":5,"column":158}},"line":5},"4":{"name":"(anonymous_4)","decl":{"start":{"line":6,"column":62},"end":{"line":6,"column":63}},"loc":{"start":{"line":6,"column":66},"end":{"line":6,"column":145}},"line":6},"5":{"name":"(anonymous_5)","decl":{"start":{"line":6,"column":202},"end":{"line":6,"column":203}},"loc":{"start":{"line":6,"column":205},"end":{"line":6,"column":572}},"line":6}},"branchMap":{"0":{"loc":{"start":{"line":1,"column":3580},"end":{"line":1,"column":3609}},"type":"binary-expr","locations":[{"start":{"line":1,"column":3580},"end":{"line":1,"column":3591}},{"start":{"line":1,"column":3594},"end":{"line":1,"column":3608}}],"line":1},"1":{"loc":{"start":{"line":1,"column":3610},"end":{"line":1,"column":3687}},"type":"if","locations":[{"start":{"line":1,"column":3610},"end":{"line":1,"column":3687}},{"start":{"line":1,"column":3610},"end":{"line":1,"column":3687}}],"line":1},"2":{"loc":{"start":{"line":1,"column":3613},"end":{"line":1,"column":3656}},"type":"binary-expr","locations":[{"start":{"line":1,"column":3613},"end":{"line":1,"column":3628}},{"start":{"line":1,"column":3630},"end":{"line":1,"column":3656}}],"line":1},"3":{"loc":{"start":{"line":2,"column":622},"end":{"line":2,"column":827}},"type":"if","locations":[{"start":{"line":2,"column":622},"end":{"line":2,"column":827}},{"start":{"line":2,"column":622},"end":{"line":2,"column":827}}],"line":2},"4":{"loc":{"start":{"line":2,"column":625},"end":{"line":2,"column":713}},"type":"binary-expr","locations":[{"start":{"line":2,"column":626},"end":{"line":2,"column":660}},{"start":{"line":2,"column":664},"end":{"line":2,"column":712}}],"line":2},"5":{"loc":{"start":{"line":4,"column":25},"end":{"line":4,"column":256}},"type":"if","locations":[{"start":{"line":4,"column":25},"end":{"line":4,"column":256}},{"start":{"line":4,"column":25},"end":{"line":4,"column":256}}],"line":4},"6":{"loc":{"start":{"line":6,"column":306},"end":{"line":6,"column":571}},"type":"if","locations":[{"start":{"line":6,"column":306},"end":{"line":6,"column":571}},{"start":{"line":6,"column":306},"end":{"line":6,"column":571}}],"line":6},"7":{"loc":{"start":{"line":6,"column":309},"end":{"line":6,"column":452}},"type":"binary-expr","locations":[{"start":{"line":6,"column":310},"end":{"line":6,"column":382}},{"start":{"line":6,"column":386},"end":{"line":6,"column":451}}],"line":6}},"s":{"0":0,"1":0,"2":0,"3":0,"4":0,"5":0,"6":0,"7":0,"8":0,"9":0,"10":0,"11":0,"12":0,"13":0,"14":0,"15":0,"16":0,"17":0,"18":0,"19":0,"20":0,"21":0,"22":0,"23":0,"24":0,"25":0,"26":0,"27":0,"28":0,"29":0,"30":0,"31":0,"32":0,"33":0,"34":0,"35":0,"36":0,"37":0,"38":0,"39":0,"40":0,"41":0,"42":0,"43":0,"44":0,"45":0,"46":0,"47":0,"48":0,"49":0,"50":0,"51":0,"52":0,"53":0,"54":0,"55":0,"56":0,"57":0,"58":0,"59":0,"60":0},"f":{"0":0,"1":0,"2":0,"3":0,"4":0,"5":0},"b":{"0":[0,0],"1":[0,0],"2":[0,0],"3":[0,0],"4":[0,0],"5":[0,0],"6":[0,0],"7":[0,0]},"inputSourceMap":{"version":3,"names":["cov_1yheivgxln","actualCoverage","body","s","document","querySelector","nav","modeToggle","searchToggle","sidebarOpen","siderbarClose","getMode","localStorage","getItem","b","classList","add","addEventListener","f","toggle","contains","setItem","e","clickedElm","target","remove"],"sources":["navbar.js"],"sourcesContent":["const body = document.querySelector(\"body\"),\r\n    nav = document.querySelector(\"nav\"),\r\n    modeToggle = document.querySelector(\".dark-light\"),\r\n    searchToggle = document.querySelector(\".searchToggle\"),\r\n    sidebarOpen = document.querySelector(\".sidebarOpen\"),\r\n    siderbarClose = document.querySelector(\".siderbarClose\");\r\nlet getMode = localStorage.getItem(\"mode\");\r\nif (getMode && getMode === \"dark-mode\") {\r\n    body.classList.add(\"dark\");\r\n}\r\n// js code to toggle dark and light mode\r\nmodeToggle.addEventListener(\"click\", () => {\r\n    modeToggle.classList.toggle(\"active\");\r\n    body.classList.toggle(\"dark\");\r\n    // js code to keep user selected mode even page refresh or file reopen\r\n    if (!body.classList.contains(\"dark\")) {\r\n        localStorage.setItem(\"mode\", \"light-mode\");\r\n    } else {\r\n        localStorage.setItem(\"mode\", \"dark-mode\");\r\n    }\r\n});\r\n// js code to toggle search box\r\nsearchToggle.addEventListener(\"click\", () => {\r\n    searchToggle.classList.toggle(\"active\");\r\n});\r\n\r\n\r\n//   js code to toggle sidebar\r\nsidebarOpen.addEventListener(\"click\", () => {\r\n    nav.classList.add(\"active\");\r\n});\r\nbody.addEventListener(\"click\", e => {\r\n    let clickedElm = e.target;\r\n    if (!clickedElm.classList.contains(\"sidebarOpen\") && !clickedElm.classList.contains(\"menu\")) {\r\n        nav.classList.remove(\"active\");\r\n    }\r\n});"],"mappings":"0oHAeY;AAAAA,cAAA,SAAAA,CAAA,SAAAC,cAAA,WAAAA,cAAA,EAAAD,cAAA,GAfZ,KAAM,CAAAE,IAAI,EAAAF,cAAA,GAAAG,CAAA,MAAGC,QAAQ,CAACC,aAAa,CAAC,MAAM,CAAC,EACvCC,GAAG,EAAAN,cAAA,GAAAG,CAAA,MAAGC,QAAQ,CAACC,aAAa,CAAC,KAAK,CAAC,EACnCE,UAAU,EAAAP,cAAA,GAAAG,CAAA,MAAGC,QAAQ,CAACC,aAAa,CAAC,aAAa,CAAC,EAClDG,YAAY,EAAAR,cAAA,GAAAG,CAAA,MAAGC,QAAQ,CAACC,aAAa,CAAC,eAAe,CAAC,EACtDI,WAAW,EAAAT,cAAA,GAAAG,CAAA,MAAGC,QAAQ,CAACC,aAAa,CAAC,cAAc,CAAC,EACpDK,aAAa,EAAAV,cAAA,GAAAG,CAAA,MAAGC,QAAQ,CAACC,aAAa,CAAC,gBAAgB,CAAC,EAC5D,GAAI,CAAAM,OAAO,EAAAX,cAAA,GAAAG,CAAA,MAAGS,YAAY,CAACC,OAAO,CAAC,MAAM,CAAC,EAACb,cAAA,GAAAG,CAAA,MAC3C,GAAI,CAAAH,cAAA,GAAAc,CAAA,SAAAH,OAAO,IAAAX,cAAA,GAAAc,CAAA,SAAIH,OAAO,GAAK,WAAW,EAAE,CAAAX,cAAA,GAAAc,CAAA,SAAAd,cAAA,GAAAG,CAAA,MACpCD,IAAI,CAACa,SAAS,CAACC,GAAG,CAAC,MAAM,CAAC,CAC9B,CAAC,KAAAhB,cAAA,GAAAc,CAAA,UACD;AAAAd,cAAA,GAAAG,CAAA,MACAI,UAAU,CAACU,gBAAgB,CAAC,OAAO,CAAE,IAAM,CAAAjB,cAAA,GAAAkB,CAAA,MAAAlB,cAAA,GAAAG,CAAA,OACvCI,UAAU,CAACQ,SAAS,CAACI,MAAM,CAAC,QAAQ,CAAC,CAACnB,cAAA,GAAAG,CAAA,OACtCD,IAAI,CAACa,SAAS,CAACI,MAAM,CAAC,MAAM,CAAC,CAC7B;AAAAnB,cAAA,GAAAG,CAAA,OACA,GAAI,CAACD,IAAI,CAACa,SAAS,CAACK,QAAQ,CAAC,MAAM,CAAC,CAAE,CAAApB,cAAA,GAAAc,CAAA,SAAAd,cAAA,GAAAG,CAAA,OAClCS,YAAY,CAACS,OAAO,CAAC,MAAM,CAAE,YAAY,CAAC,CAC9C,CAAC,IAAM,CAAArB,cAAA,GAAAc,CAAA,SAAAd,cAAA,GAAAG,CAAA,OACHS,YAAY,CAACS,OAAO,CAAC,MAAM,CAAE,WAAW,CAAC,CAC7C,CACJ,CAAC,CAAC,CACF;AAAArB,cAAA,GAAAG,CAAA,OACAK,YAAY,CAACS,gBAAgB,CAAC,OAAO,CAAE,IAAM,CAAAjB,cAAA,GAAAkB,CAAA,MAAAlB,cAAA,GAAAG,CAAA,OACzCK,YAAY,CAACO,SAAS,CAACI,MAAM,CAAC,QAAQ,CAAC,CAC3C,CAAC,CAAC,CAGF;AAAAnB,cAAA,GAAAG,CAAA,OACAM,WAAW,CAACQ,gBAAgB,CAAC,OAAO,CAAE,IAAM,CAAAjB,cAAA,GAAAkB,CAAA,MAAAlB,cAAA,GAAAG,CAAA,OACxCG,GAAG,CAACS,SAAS,CAACC,GAAG,CAAC,QAAQ,CAAC,CAC/B,CAAC,CAAC,CAAChB,cAAA,GAAAG,CAAA,OACHD,IAAI,CAACe,gBAAgB,CAAC,OAAO,CAAEK,CAAC,EAAI,CAAAtB,cAAA,GAAAkB,CAAA,MAChC,GAAI,CAAAK,UAAU,EAAAvB,cAAA,GAAAG,CAAA,OAAGmB,CAAC,CAACE,MAAM,EAACxB,cAAA,GAAAG,CAAA,OAC1B,GAAI,CAAAH,cAAA,GAAAc,CAAA,UAACS,UAAU,CAACR,SAAS,CAACK,QAAQ,CAAC,aAAa,CAAC,IAAApB,cAAA,GAAAc,CAAA,SAAI,CAACS,UAAU,CAACR,SAAS,CAACK,QAAQ,CAAC,MAAM,CAAC,EAAE,CAAApB,cAAA,GAAAc,CAAA,SAAAd,cAAA,GAAAG,CAAA,OACzFG,GAAG,CAACS,SAAS,CAACU,MAAM,CAAC,QAAQ,CAAC,CAClC,CAAC,KAAAzB,cAAA,GAAAc,CAAA,UACL,CAAC,CAAC"},"all":true},"C:\\Users\\65886\\Documents\\DVOPS_proj\\rest-booking\\restaurant-booking\\public\\instrumented\\js\\restaurant.js":{"path":"C:\\Users\\65886\\Documents\\DVOPS_proj\\rest-booking\\restaurant-booking\\public\\instrumented\\js\\restaurant.js","statementMap":{"0":{"start":{"line":1,"column":34},"end":{"line":1,"column":136}},"1":{"start":{"line":1,"column":146},"end":{"line":1,"column":188}},"2":{"start":{"line":1,"column":200},"end":{"line":1,"column":229}},"3":{"start":{"line":1,"column":238},"end":{"line":1,"column":252}},"4":{"start":{"line":1,"column":270},"end":{"line":1,"column":4864}},"5":{"start":{"line":1,"column":4878},"end":{"line":1,"column":4907}},"6":{"start":{"line":1,"column":4908},"end":{"line":1,"column":4985}},"7":{"start":{"line":1,"column":4956},"end":{"line":1,"column":4984}},"8":{"start":{"line":1,"column":5004},"end":{"line":1,"column":5018}},"9":{"start":{"line":2,"column":0},"end":{"line":2,"column":49}},"10":{"start":{"line":2,"column":25},"end":{"line":2,"column":47}},"11":{"start":{"line":2,"column":50},"end":{"line":2,"column":72}},"12":{"start":{"line":2,"column":73},"end":{"line":2,"column":89}},"13":{"start":{"line":2,"column":118},"end":{"line":2,"column":141}},"14":{"start":{"line":2,"column":141},"end":{"line":2,"column":164}},"15":{"start":{"line":2,"column":164},"end":{"line":2,"column":184}},"16":{"start":{"line":2,"column":197},"end":{"line":2,"column":240}},"17":{"start":{"line":2,"column":242},"end":{"line":2,"column":265}},"18":{"start":{"line":2,"column":265},"end":{"line":2,"column":304}},"19":{"start":{"line":2,"column":304},"end":{"line":2,"column":327}},"20":{"start":{"line":2,"column":327},"end":{"line":2,"column":386}},"21":{"start":{"line":3,"column":0},"end":{"line":3,"column":23}},"22":{"start":{"line":3,"column":23},"end":{"line":10,"column":46}},"23":{"start":{"line":3,"column":49},"end":{"line":3,"column":72}},"24":{"start":{"line":3,"column":72},"end":{"line":3,"column":95}},"25":{"start":{"line":4,"column":0},"end":{"line":4,"column":50}},"26":{"start":{"line":6,"column":0},"end":{"line":6,"column":23}},"27":{"start":{"line":6,"column":23},"end":{"line":6,"column":53}},"28":{"start":{"line":10,"column":0},"end":{"line":10,"column":23}},"29":{"start":{"line":10,"column":23},"end":{"line":10,"column":44}},"30":{"start":{"line":11,"column":0},"end":{"line":11,"column":23}},"31":{"start":{"line":11,"column":23},"end":{"line":11,"column":38}},"32":{"start":{"line":11,"column":69},"end":{"line":11,"column":92}},"33":{"start":{"line":11,"column":103},"end":{"line":11,"column":172}},"34":{"start":{"line":11,"column":174},"end":{"line":11,"column":198}},"35":{"start":{"line":11,"column":198},"end":{"line":11,"column":217}},"36":{"start":{"line":11,"column":217},"end":{"line":11,"column":241}},"37":{"start":{"line":11,"column":241},"end":{"line":11,"column":282}},"38":{"start":{"line":11,"column":282},"end":{"line":11,"column":306}},"39":{"start":{"line":11,"column":306},"end":{"line":14,"column":68}},"40":{"start":{"line":11,"column":321},"end":{"line":11,"column":346}},"41":{"start":{"line":11,"column":395},"end":{"line":11,"column":448}},"42":{"start":{"line":11,"column":461},"end":{"line":11,"column":523}},"43":{"start":{"line":11,"column":540},"end":{"line":11,"column":597}},"44":{"start":{"line":11,"column":611},"end":{"line":11,"column":665}},"45":{"start":{"line":11,"column":685},"end":{"line":11,"column":738}},"46":{"start":{"line":13,"column":10},"end":{"line":13,"column":983}},"47":{"start":{"line":14,"column":0},"end":{"line":14,"column":24}},"48":{"start":{"line":14,"column":24},"end":{"line":14,"column":67}},"49":{"start":{"line":14,"column":87},"end":{"line":14,"column":112}},"50":{"start":{"line":14,"column":141},"end":{"line":14,"column":164}},"51":{"start":{"line":14,"column":186},"end":{"line":14,"column":226}},"52":{"start":{"line":14,"column":228},"end":{"line":14,"column":252}},"53":{"start":{"line":14,"column":252},"end":{"line":14,"column":282}},"54":{"start":{"line":14,"column":282},"end":{"line":14,"column":306}},"55":{"start":{"line":14,"column":306},"end":{"line":14,"column":390}},"56":{"start":{"line":14,"column":390},"end":{"line":14,"column":414}},"57":{"start":{"line":14,"column":414},"end":{"line":14,"column":492}},"58":{"start":{"line":14,"column":492},"end":{"line":14,"column":516}},"59":{"start":{"line":14,"column":516},"end":{"line":14,"column":600}},"60":{"start":{"line":14,"column":600},"end":{"line":14,"column":624}},"61":{"start":{"line":14,"column":624},"end":{"line":14,"column":692}},"62":{"start":{"line":14,"column":692},"end":{"line":14,"column":716}},"63":{"start":{"line":14,"column":716},"end":{"line":14,"column":776}},"64":{"start":{"line":15,"column":0},"end":{"line":15,"column":24}},"65":{"start":{"line":15,"column":24},"end":{"line":15,"column":98}},"66":{"start":{"line":15,"column":98},"end":{"line":15,"column":122}},"67":{"start":{"line":15,"column":122},"end":{"line":15,"column":196}},"68":{"start":{"line":15,"column":196},"end":{"line":15,"column":220}},"69":{"start":{"line":15,"column":220},"end":{"line":15,"column":254}},"70":{"start":{"line":15,"column":254},"end":{"line":15,"column":278}},"71":{"start":{"line":15,"column":278},"end":{"line":15,"column":311}},"72":{"start":{"line":15,"column":311},"end":{"line":15,"column":335}},"73":{"start":{"line":15,"column":335},"end":{"line":15,"column":372}},"74":{"start":{"line":15,"column":419},"end":{"line":15,"column":442}},"75":{"start":{"line":16,"column":13},"end":{"line":16,"column":57}},"76":{"start":{"line":16,"column":59},"end":{"line":16,"column":83}},"77":{"start":{"line":16,"column":83},"end":{"line":16,"column":119}},"78":{"start":{"line":16,"column":119},"end":{"line":16,"column":143}},"79":{"start":{"line":16,"column":143},"end":{"line":16,"column":198}},"80":{"start":{"line":16,"column":198},"end":{"line":16,"column":222}},"81":{"start":{"line":16,"column":222},"end":{"line":16,"column":1307}},"82":{"start":{"line":16,"column":248},"end":{"line":16,"column":271}},"83":{"start":{"line":16,"column":271},"end":{"line":16,"column":295}},"84":{"start":{"line":16,"column":295},"end":{"line":16,"column":1305}},"85":{"start":{"line":16,"column":320},"end":{"line":16,"column":346}},"86":{"start":{"line":16,"column":360},"end":{"line":16,"column":416}},"87":{"start":{"line":16,"column":418},"end":{"line":16,"column":442}},"88":{"start":{"line":16,"column":442},"end":{"line":16,"column":464}},"89":{"start":{"line":16,"column":464},"end":{"line":16,"column":488}},"90":{"start":{"line":16,"column":488},"end":{"line":16,"column":564}},"91":{"start":{"line":16,"column":564},"end":{"line":16,"column":588}},"92":{"start":{"line":16,"column":588},"end":{"line":16,"column":658}},"93":{"start":{"line":16,"column":658},"end":{"line":16,"column":682}},"94":{"start":{"line":16,"column":682},"end":{"line":16,"column":758}},"95":{"start":{"line":16,"column":758},"end":{"line":16,"column":782}},"96":{"start":{"line":16,"column":782},"end":{"line":16,"column":842}},"97":{"start":{"line":16,"column":842},"end":{"line":16,"column":866}},"98":{"start":{"line":16,"column":866},"end":{"line":16,"column":924}},"99":{"start":{"line":16,"column":924},"end":{"line":16,"column":948}},"100":{"start":{"line":16,"column":948},"end":{"line":16,"column":1008}},"101":{"start":{"line":16,"column":1008},"end":{"line":16,"column":1032}},"102":{"start":{"line":16,"column":1032},"end":{"line":16,"column":1098}},"103":{"start":{"line":16,"column":1098},"end":{"line":16,"column":1122}},"104":{"start":{"line":16,"column":1122},"end":{"line":16,"column":1188}},"105":{"start":{"line":16,"column":1188},"end":{"line":16,"column":1212}},"106":{"start":{"line":16,"column":1212},"end":{"line":16,"column":1272}},"107":{"start":{"line":16,"column":1278},"end":{"line":16,"column":1304}},"108":{"start":{"line":16,"column":1307},"end":{"line":16,"column":1331}},"109":{"start":{"line":16,"column":1331},"end":{"line":16,"column":1346}}},"fnMap":{"0":{"name":"cov_e31icr3sp","decl":{"start":{"line":1,"column":9},"end":{"line":1,"column":22}},"loc":{"start":{"line":1,"column":24},"end":{"line":2,"column":73}},"line":1},"1":{"name":"(anonymous_1)","decl":{"start":{"line":2,"column":14},"end":{"line":2,"column":15}},"loc":{"start":{"line":2,"column":24},"end":{"line":2,"column":48}},"line":2},"2":{"name":"getRestaurantData","decl":{"start":{"line":2,"column":98},"end":{"line":2,"column":115}},"loc":{"start":{"line":2,"column":117},"end":{"line":11,"column":39}},"line":2},"3":{"name":"(anonymous_3)","decl":{"start":{"line":3,"column":38},"end":{"line":3,"column":39}},"loc":{"start":{"line":3,"column":48},"end":{"line":10,"column":45}},"line":3},"4":{"name":"displayRestaurants","decl":{"start":{"line":11,"column":48},"end":{"line":11,"column":66}},"loc":{"start":{"line":11,"column":68},"end":{"line":14,"column":69}},"line":11},"5":{"name":"viewOneRest","decl":{"start":{"line":14,"column":123},"end":{"line":14,"column":134}},"loc":{"start":{"line":14,"column":140},"end":{"line":15,"column":373}},"line":14},"6":{"name":"getRestaurantsByName","decl":{"start":{"line":15,"column":382},"end":{"line":15,"column":402}},"loc":{"start":{"line":15,"column":418},"end":{"line":16,"column":1347}},"line":15},"7":{"name":"(anonymous_7)","decl":{"start":{"line":16,"column":237},"end":{"line":16,"column":238}},"loc":{"start":{"line":16,"column":247},"end":{"line":16,"column":1306}},"line":16}},"branchMap":{"0":{"loc":{"start":{"line":1,"column":4878},"end":{"line":1,"column":4907}},"type":"binary-expr","locations":[{"start":{"line":1,"column":4878},"end":{"line":1,"column":4889}},{"start":{"line":1,"column":4892},"end":{"line":1,"column":4906}}],"line":1},"1":{"loc":{"start":{"line":1,"column":4908},"end":{"line":1,"column":4985}},"type":"if","locations":[{"start":{"line":1,"column":4908},"end":{"line":1,"column":4985}},{"start":{"line":1,"column":4908},"end":{"line":1,"column":4985}}],"line":1},"2":{"loc":{"start":{"line":1,"column":4911},"end":{"line":1,"column":4954}},"type":"binary-expr","locations":[{"start":{"line":1,"column":4911},"end":{"line":1,"column":4926}},{"start":{"line":1,"column":4928},"end":{"line":1,"column":4954}}],"line":1},"3":{"loc":{"start":{"line":16,"column":295},"end":{"line":16,"column":1305}},"type":"if","locations":[{"start":{"line":16,"column":295},"end":{"line":16,"column":1305}},{"start":{"line":16,"column":295},"end":{"line":16,"column":1305}}],"line":16}},"s":{"0":0,"1":0,"2":0,"3":0,"4":0,"5":0,"6":0,"7":0,"8":0,"9":0,"10":0,"11":0,"12":0,"13":0,"14":0,"15":0,"16":0,"17":0,"18":0,"19":0,"20":0,"21":0,"22":0,"23":0,"24":0,"25":0,"26":0,"27":0,"28":0,"29":0,"30":0,"31":0,"32":0,"33":0,"34":0,"35":0,"36":0,"37":0,"38":0,"39":0,"40":0,"41":0,"42":0,"43":0,"44":0,"45":0,"46":0,"47":0,"48":0,"49":0,"50":0,"51":0,"52":0,"53":0,"54":0,"55":0,"56":0,"57":0,"58":0,"59":0,"60":0,"61":0,"62":0,"63":0,"64":0,"65":0,"66":0,"67":0,"68":0,"69":0,"70":0,"71":0,"72":0,"73":0,"74":0,"75":0,"76":0,"77":0,"78":0,"79":0,"80":0,"81":0,"82":0,"83":0,"84":0,"85":0,"86":0,"87":0,"88":0,"89":0,"90":0,"91":0,"92":0,"93":0,"94":0,"95":0,"96":0,"97":0,"98":0,"99":0,"100":0,"101":0,"102":0,"103":0,"104":0,"105":0,"106":0,"107":0,"108":0,"109":0},"f":{"0":0,"1":0,"2":0,"3":0,"4":0,"5":0,"6":0,"7":0},"b":{"0":[0,0],"1":[0,0],"2":[0,0],"3":[0,0]},"inputSourceMap":{"version":3,"names":["cov_e31icr3sp","actualCoverage","getRestaurantData","f","s","console","log","request","XMLHttpRequest","open","setRequestHeader","onload","restaurant_array","JSON","parse","responseText","displayRestaurants","send","table","document","getElementById","innerHTML","totalRestaurants","length","count","thumbnail","image","title","restaurantName","locations","rating","ratingNumber","parseFloat","toFixed","cell","stringify","replaceAll","insertAdjacentHTML","currentIndex","viewOneRest","data","selectedResource","description","operatingHours","src","contactNo","_id","$","modal","getRestaurantsByName","status","b","response","review"],"sources":["restaurant.js"],"sourcesContent":["\r\n\r\nfunction getRestaurantData() {\r\n    console.log(\"aaaa\")\r\n    var request = new XMLHttpRequest();\r\n    request.open('GET', \"/restaurant\", true);\r\n    request.setRequestHeader('Content-Type', 'restaurant/json');\r\n    //This function will be called when data returns from the web api    \r\n    request.onload = function () {\r\n        //get all the movies records into our movie array        \r\n        restaurant_array = JSON.parse(request.responseText);\r\n        //Fetch the comments as well        \r\n        //fetchReviews();\r\n        console.log(restaurant_array) // output to console        \r\n        //call the function so as to display all movies tiles for \"Now Showing\"\r\n        //fetchReservations();\r\n        //fetchReviews();\r\n        displayRestaurants();\r\n    };\r\n\r\n    //This command starts the calling of the movies web api  \r\n    request.send();\r\n}\r\n\r\nfunction displayRestaurants() {\r\n    var table = document.getElementById(\"restaurants-details\");\r\n    table.innerHTML = \"\";\r\n    totalRestaurants = restaurant_array.length;\r\n    for (var count = 0; count < totalRestaurants; count++) {\r\n        var thumbnail = restaurant_array[count].image;\r\n        var title = restaurant_array[count].restaurantName;\r\n        var locations = restaurant_array[count].locations;\r\n        var rating = restaurant_array[count].rating;\r\n        var ratingNumber = parseFloat(rating).toFixed(1); // Convert and round the rating to one decimal place\r\n\r\n        // Updated image size\r\n        var cell = '<div class=\"card\" item=\"' + count + '\" style=\"width: 18%; height: 100%; display: flex; flex-direction: column; box-shadow: 0 4px 8px 0 rgba(0, 0, 0, 0.2); border-radius: 8px; margin: 10px; margin-left: 40px; margin-right: 20px; overflow: hidden;\">' +\r\n        '<img class=\"card-img-top\" src=\"' + thumbnail + '\" alt=\"Card image cap\" style=\"width: 100%; height: 150px; object-fit: cover;\">' +\r\n        '<div class=\"rating-pill\" style=\"align-self: flex-end; padding: 5px 10px; background-color: #FFD700; color: #000; border-radius: 5px; font-weight: bold;\">' + ratingNumber + '</div>' +\r\n        '<div class=\"card-body\" style=\"margin-bottom: 10px;\">' +\r\n            '<h5 style=\"cursor: pointer; color: #333; font-weight: bold; margin: 0;\" class=\"card-title\" onclick=\"viewOneRest(\\'' + (JSON.stringify(restaurant_array[count]).replaceAll('\\\"', '&quot;')).replaceAll('\\'', '&apos;')  + '\\'); showRestaurantReviews(' + count + ');\">' + title + '</h5>' +\r\n            '<p class=\"card-text\" style=\"color: #777;\">' + locations + '</p>' +\r\n        '</div>' +\r\n    '</div>';\r\n\r\n\r\n\r\n\r\n        //console.log(cell);\r\n        table.insertAdjacentHTML('beforeend', cell);\r\n    }\r\n}\r\n\r\nvar currentIndex = 0;\r\nfunction viewOneRest(data) {\r\n    var selectedResource = JSON.parse(data);\r\n    console.log(selectedResource)\r\n    document.getElementById(\"restaurantName\").innerHTML = selectedResource.restaurantName;\r\n    document.getElementById(\"description\").innerHTML = selectedResource.description;\r\n    document.getElementById(\"operatingHours\").innerHTML = selectedResource.operatingHours;\r\n    document.getElementById(\"rating\").innerHTML = selectedResource.rating;\r\n    document.getElementById(\"image\").src= selectedResource.image;\r\n    //document.getElementById(\"review\").innerHTML = selectedResource.review;\r\n\r\n    document.getElementById(\"locations\").innerHTML = selectedResource.locations;\r\n    document.getElementById(\"contactNo\").innerHTML = selectedResource.contactNo;\r\n\r\n\r\n    currentIndex = selectedResource._id;\r\n    console.log(\"....\" + currentIndex)\r\n    \r\n\r\n\r\n    $('#restaurantsModal').modal('show');\r\n    }\r\n\r\n\r\n\r\nfunction getRestaurantsByName(restaurantName) {\r\n    //var restaurantName = JSON.parse(sessionStorage.getItem(\"restaurant\"));\r\n    var request = new XMLHttpRequest();\r\n    console.log(\"xxxxx\" + restaurantName);\r\n    request.open(\"GET\", \"/restaurant/\" + restaurantName, true);\r\n  \r\n  \r\n    request.onload = function () {\r\n      if (request.status === 200) {\r\n        var response = JSON.parse(request.responseText);\r\n        console.log(response)\r\n        \r\n          document.getElementById(\"restaurantName\").innerHTML = response.restaurantName;\r\n          document.getElementById(\"description\").innerHTML = response.description;\r\n          document.getElementById(\"operatingHours\").innerHTML = response.operatingHours;\r\n          document.getElementById(\"rating\").innerHTML = response.rating;\r\n          document.getElementById(\"image\").innerHTML = response.image;\r\n          document.getElementById(\"rating\").innerHTML = response.rating;\r\n          document.getElementById(\"locations\").innerHTML = response.locations;\r\n          document.getElementById(\"contactNo\").innerHTML = response.contactNo;\r\n          document.getElementById(\"review\").innerHTML = response.review;\r\n         \r\n          \r\n          \r\n      \r\n      }\r\n    };\r\n  \r\n    request.send();\r\n  }\r\n\r\n"],"mappings":"45JAeY;AAAAA,aAAA,SAAAA,CAAA,SAAAC,cAAA,WAAAA,cAAA,EAAAD,aAAA,GAbZ,QAAS,CAAAE,iBAAiBA,CAAA,CAAG,CAAAF,aAAA,GAAAG,CAAA,MAAAH,aAAA,GAAAI,CAAA,MACzBC,OAAO,CAACC,GAAG,CAAC,MAAM,CAAC,CACnB,GAAI,CAAAC,OAAO,EAAAP,aAAA,GAAAI,CAAA,MAAG,GAAI,CAAAI,cAAc,CAAC,CAAC,EAACR,aAAA,GAAAI,CAAA,MACnCG,OAAO,CAACE,IAAI,CAAC,KAAK,CAAE,aAAa,CAAE,IAAI,CAAC,CAACT,aAAA,GAAAI,CAAA,MACzCG,OAAO,CAACG,gBAAgB,CAAC,cAAc,CAAE,iBAAiB,CAAC,CAC3D;AAAAV,aAAA,GAAAI,CAAA,MACAG,OAAO,CAACI,MAAM,CAAG,UAAY,CAAAX,aAAA,GAAAG,CAAA,MAAAH,aAAA,GAAAI,CAAA,MACzB;AACAQ,gBAAgB,CAAGC,IAAI,CAACC,KAAK,CAACP,OAAO,CAACQ,YAAY,CAAC,CACnD;AACA;AAAAf,aAAA,GAAAI,CAAA,MACAC,OAAO,CAACC,GAAG,CAACM,gBAAgB,CAAC,CAAC;AAC9B;AACA;AACA;AAAAZ,aAAA,GAAAI,CAAA,MACAY,kBAAkB,CAAC,CAAC,CACxB,CAAC,CAED;AAAAhB,aAAA,GAAAI,CAAA,MACAG,OAAO,CAACU,IAAI,CAAC,CAAC,CAClB,CAEA,QAAS,CAAAD,kBAAkBA,CAAA,CAAG,CAAAhB,aAAA,GAAAG,CAAA,MAC1B,GAAI,CAAAe,KAAK,EAAAlB,aAAA,GAAAI,CAAA,MAAGe,QAAQ,CAACC,cAAc,CAAC,qBAAqB,CAAC,EAACpB,aAAA,GAAAI,CAAA,OAC3Dc,KAAK,CAACG,SAAS,CAAG,EAAE,CAACrB,aAAA,GAAAI,CAAA,OACrBkB,gBAAgB,CAAGV,gBAAgB,CAACW,MAAM,CAACvB,aAAA,GAAAI,CAAA,OAC3C,IAAK,GAAI,CAAAoB,KAAK,EAAAxB,aAAA,GAAAI,CAAA,OAAG,CAAC,EAAEoB,KAAK,CAAGF,gBAAgB,CAAEE,KAAK,EAAE,CAAE,CACnD,GAAI,CAAAC,SAAS,EAAAzB,aAAA,GAAAI,CAAA,OAAGQ,gBAAgB,CAACY,KAAK,CAAC,CAACE,KAAK,EAC7C,GAAI,CAAAC,KAAK,EAAA3B,aAAA,GAAAI,CAAA,OAAGQ,gBAAgB,CAACY,KAAK,CAAC,CAACI,cAAc,EAClD,GAAI,CAAAC,SAAS,EAAA7B,aAAA,GAAAI,CAAA,OAAGQ,gBAAgB,CAACY,KAAK,CAAC,CAACK,SAAS,EACjD,GAAI,CAAAC,MAAM,EAAA9B,aAAA,GAAAI,CAAA,OAAGQ,gBAAgB,CAACY,KAAK,CAAC,CAACM,MAAM,EAC3C,GAAI,CAAAC,YAAY,EAAA/B,aAAA,GAAAI,CAAA,OAAG4B,UAAU,CAACF,MAAM,CAAC,CAACG,OAAO,CAAC,CAAC,CAAC,EAAE;AAElD;AACA,GAAI,CAAAC,IAAI,EAAAlC,aAAA,GAAAI,CAAA,OAAG,0BAA0B,CAAGoB,KAAK,CAAG,oNAAoN,CACpQ,iCAAiC,CAAGC,SAAS,CAAG,gFAAgF,CAChI,2JAA2J,CAAGM,YAAY,CAAG,QAAQ,CACrL,sDAAsD,CAClD,oHAAoH,CAAIlB,IAAI,CAACsB,SAAS,CAACvB,gBAAgB,CAACY,KAAK,CAAC,CAAC,CAACY,UAAU,CAAC,IAAI,CAAE,QAAQ,CAAC,CAAEA,UAAU,CAAC,IAAI,CAAE,QAAQ,CAAC,CAAI,6BAA6B,CAAGZ,KAAK,CAAG,MAAM,CAAGG,KAAK,CAAG,OAAO,CAC1R,4CAA4C,CAAGE,SAAS,CAAG,MAAM,CACrE,QAAQ,CACZ,QAAQ,EAKJ;AAAA7B,aAAA,GAAAI,CAAA,OACAc,KAAK,CAACmB,kBAAkB,CAAC,WAAW,CAAEH,IAAI,CAAC,CAC/C,CACJ,CAEA,GAAI,CAAAI,YAAY,EAAAtC,aAAA,GAAAI,CAAA,OAAG,CAAC,EACpB,QAAS,CAAAmC,WAAWA,CAACC,IAAI,CAAE,CAAAxC,aAAA,GAAAG,CAAA,MACvB,GAAI,CAAAsC,gBAAgB,EAAAzC,aAAA,GAAAI,CAAA,OAAGS,IAAI,CAACC,KAAK,CAAC0B,IAAI,CAAC,EAACxC,aAAA,GAAAI,CAAA,OACxCC,OAAO,CAACC,GAAG,CAACmC,gBAAgB,CAAC,CAAAzC,aAAA,GAAAI,CAAA,OAC7Be,QAAQ,CAACC,cAAc,CAAC,gBAAgB,CAAC,CAACC,SAAS,CAAGoB,gBAAgB,CAACb,cAAc,CAAC5B,aAAA,GAAAI,CAAA,OACtFe,QAAQ,CAACC,cAAc,CAAC,aAAa,CAAC,CAACC,SAAS,CAAGoB,gBAAgB,CAACC,WAAW,CAAC1C,aAAA,GAAAI,CAAA,OAChFe,QAAQ,CAACC,cAAc,CAAC,gBAAgB,CAAC,CAACC,SAAS,CAAGoB,gBAAgB,CAACE,cAAc,CAAC3C,aAAA,GAAAI,CAAA,OACtFe,QAAQ,CAACC,cAAc,CAAC,QAAQ,CAAC,CAACC,SAAS,CAAGoB,gBAAgB,CAACX,MAAM,CAAC9B,aAAA,GAAAI,CAAA,OACtEe,QAAQ,CAACC,cAAc,CAAC,OAAO,CAAC,CAACwB,GAAG,CAAEH,gBAAgB,CAACf,KAAK,CAC5D;AAAA1B,aAAA,GAAAI,CAAA,OAEAe,QAAQ,CAACC,cAAc,CAAC,WAAW,CAAC,CAACC,SAAS,CAAGoB,gBAAgB,CAACZ,SAAS,CAAC7B,aAAA,GAAAI,CAAA,OAC5Ee,QAAQ,CAACC,cAAc,CAAC,WAAW,CAAC,CAACC,SAAS,CAAGoB,gBAAgB,CAACI,SAAS,CAAC7C,aAAA,GAAAI,CAAA,OAG5EkC,YAAY,CAAGG,gBAAgB,CAACK,GAAG,CAAC9C,aAAA,GAAAI,CAAA,OACpCC,OAAO,CAACC,GAAG,CAAC,MAAM,CAAGgC,YAAY,CAAC,CAAAtC,aAAA,GAAAI,CAAA,OAIlC2C,CAAC,CAAC,mBAAmB,CAAC,CAACC,KAAK,CAAC,MAAM,CAAC,CACpC,CAIJ,QAAS,CAAAC,oBAAoBA,CAACrB,cAAc,CAAE,CAAA5B,aAAA,GAAAG,CAAA,MAC1C;AACA,GAAI,CAAAI,OAAO,EAAAP,aAAA,GAAAI,CAAA,OAAG,GAAI,CAAAI,cAAc,CAAC,CAAC,EAACR,aAAA,GAAAI,CAAA,OACnCC,OAAO,CAACC,GAAG,CAAC,OAAO,CAAGsB,cAAc,CAAC,CAAC5B,aAAA,GAAAI,CAAA,OACtCG,OAAO,CAACE,IAAI,CAAC,KAAK,CAAE,cAAc,CAAGmB,cAAc,CAAE,IAAI,CAAC,CAAC5B,aAAA,GAAAI,CAAA,OAG3DG,OAAO,CAACI,MAAM,CAAG,UAAY,CAAAX,aAAA,GAAAG,CAAA,MAAAH,aAAA,GAAAI,CAAA,OAC3B,GAAIG,OAAO,CAAC2C,MAAM,GAAK,GAAG,CAAE,CAAAlD,aAAA,GAAAmD,CAAA,SAC1B,GAAI,CAAAC,QAAQ,EAAApD,aAAA,GAAAI,CAAA,OAAGS,IAAI,CAACC,KAAK,CAACP,OAAO,CAACQ,YAAY,CAAC,EAACf,aAAA,GAAAI,CAAA,OAChDC,OAAO,CAACC,GAAG,CAAC8C,QAAQ,CAAC,CAAApD,aAAA,GAAAI,CAAA,OAEnBe,QAAQ,CAACC,cAAc,CAAC,gBAAgB,CAAC,CAACC,SAAS,CAAG+B,QAAQ,CAACxB,cAAc,CAAC5B,aAAA,GAAAI,CAAA,OAC9Ee,QAAQ,CAACC,cAAc,CAAC,aAAa,CAAC,CAACC,SAAS,CAAG+B,QAAQ,CAACV,WAAW,CAAC1C,aAAA,GAAAI,CAAA,OACxEe,QAAQ,CAACC,cAAc,CAAC,gBAAgB,CAAC,CAACC,SAAS,CAAG+B,QAAQ,CAACT,cAAc,CAAC3C,aAAA,GAAAI,CAAA,OAC9Ee,QAAQ,CAACC,cAAc,CAAC,QAAQ,CAAC,CAACC,SAAS,CAAG+B,QAAQ,CAACtB,MAAM,CAAC9B,aAAA,GAAAI,CAAA,OAC9De,QAAQ,CAACC,cAAc,CAAC,OAAO,CAAC,CAACC,SAAS,CAAG+B,QAAQ,CAAC1B,KAAK,CAAC1B,aAAA,GAAAI,CAAA,OAC5De,QAAQ,CAACC,cAAc,CAAC,QAAQ,CAAC,CAACC,SAAS,CAAG+B,QAAQ,CAACtB,MAAM,CAAC9B,aAAA,GAAAI,CAAA,OAC9De,QAAQ,CAACC,cAAc,CAAC,WAAW,CAAC,CAACC,SAAS,CAAG+B,QAAQ,CAACvB,SAAS,CAAC7B,aAAA,GAAAI,CAAA,OACpEe,QAAQ,CAACC,cAAc,CAAC,WAAW,CAAC,CAACC,SAAS,CAAG+B,QAAQ,CAACP,SAAS,CAAC7C,aAAA,GAAAI,CAAA,OACpEe,QAAQ,CAACC,cAAc,CAAC,QAAQ,CAAC,CAACC,SAAS,CAAG+B,QAAQ,CAACC,MAAM,CAKjE,CAAC,KAAArD,aAAA,GAAAmD,CAAA,UACH,CAAC,CAACnD,aAAA,GAAAI,CAAA,OAEFG,OAAO,CAACU,IAAI,CAAC,CAAC,CAChB"},"all":true},"C:\\Users\\65886\\Documents\\DVOPS_proj\\rest-booking\\restaurant-booking\\public\\instrumented\\js\\review.js":{"path":"C:\\Users\\65886\\Documents\\DVOPS_proj\\rest-booking\\restaurant-booking\\public\\instrumented\\js\\review.js","statementMap":{"0":{"start":{"line":1,"column":34},"end":{"line":1,"column":132}},"1":{"start":{"line":1,"column":142},"end":{"line":1,"column":184}},"2":{"start":{"line":1,"column":196},"end":{"line":1,"column":225}},"3":{"start":{"line":1,"column":234},"end":{"line":1,"column":248}},"4":{"start":{"line":1,"column":266},"end":{"line":1,"column":7676}},"5":{"start":{"line":1,"column":7690},"end":{"line":1,"column":7719}},"6":{"start":{"line":1,"column":7720},"end":{"line":1,"column":7797}},"7":{"start":{"line":1,"column":7768},"end":{"line":1,"column":7796}},"8":{"start":{"line":1,"column":7816},"end":{"line":1,"column":7830}},"9":{"start":{"line":2,"column":0},"end":{"line":2,"column":49}},"10":{"start":{"line":2,"column":25},"end":{"line":2,"column":47}},"11":{"start":{"line":2,"column":50},"end":{"line":2,"column":72}},"12":{"start":{"line":2,"column":73},"end":{"line":2,"column":89}},"13":{"start":{"line":2,"column":113},"end":{"line":2,"column":136}},"14":{"start":{"line":2,"column":149},"end":{"line":2,"column":192}},"15":{"start":{"line":2,"column":194},"end":{"line":2,"column":217}},"16":{"start":{"line":2,"column":217},"end":{"line":2,"column":253}},"17":{"start":{"line":2,"column":253},"end":{"line":2,"column":276}},"18":{"start":{"line":2,"column":276},"end":{"line":2,"column":336}},"19":{"start":{"line":3,"column":0},"end":{"line":3,"column":23}},"20":{"start":{"line":3,"column":23},"end":{"line":4,"column":97}},"21":{"start":{"line":3,"column":49},"end":{"line":3,"column":72}},"22":{"start":{"line":3,"column":72},"end":{"line":3,"column":95}},"23":{"start":{"line":4,"column":0},"end":{"line":4,"column":46}},"24":{"start":{"line":4,"column":46},"end":{"line":4,"column":69}},"25":{"start":{"line":4,"column":69},"end":{"line":4,"column":95}},"26":{"start":{"line":4,"column":97},"end":{"line":4,"column":120}},"27":{"start":{"line":4,"column":120},"end":{"line":4,"column":135}},"28":{"start":{"line":6,"column":37},"end":{"line":6,"column":60}},"29":{"start":{"line":6,"column":60},"end":{"line":6,"column":83}},"30":{"start":{"line":6,"column":83},"end":{"line":6,"column":159}},"31":{"start":{"line":8,"column":0},"end":{"line":8,"column":23}},"32":{"start":{"line":8,"column":23},"end":{"line":8,"column":121}},"33":{"start":{"line":8,"column":121},"end":{"line":8,"column":144}},"34":{"start":{"line":8,"column":144},"end":{"line":8,"column":193}},"35":{"start":{"line":8,"column":193},"end":{"line":8,"column":217}},"36":{"start":{"line":8,"column":217},"end":{"line":17,"column":141}},"37":{"start":{"line":8,"column":228},"end":{"line":8,"column":253}},"38":{"start":{"line":8,"column":282},"end":{"line":8,"column":306}},"39":{"start":{"line":8,"column":306},"end":{"line":17,"column":140}},"40":{"start":{"line":8,"column":381},"end":{"line":8,"column":407}},"41":{"start":{"line":8,"column":407},"end":{"line":8,"column":431}},"42":{"start":{"line":8,"column":431},"end":{"line":8,"column":452}},"43":{"start":{"line":8,"column":452},"end":{"line":8,"column":476}},"44":{"start":{"line":8,"column":476},"end":{"line":8,"column":505}},"45":{"start":{"line":8,"column":505},"end":{"line":8,"column":529}},"46":{"start":{"line":8,"column":529},"end":{"line":8,"column":569}},"47":{"start":{"line":8,"column":569},"end":{"line":8,"column":593}},"48":{"start":{"line":8,"column":593},"end":{"line":8,"column":642}},"49":{"start":{"line":8,"column":642},"end":{"line":8,"column":666}},"50":{"start":{"line":8,"column":666},"end":{"line":8,"column":674}},"51":{"start":{"line":8,"column":684},"end":{"line":15,"column":31}},"52":{"start":{"line":15,"column":33},"end":{"line":15,"column":57}},"53":{"start":{"line":15,"column":57},"end":{"line":15,"column":128}},"54":{"start":{"line":15,"column":138},"end":{"line":15,"column":164}},"55":{"start":{"line":15,"column":166},"end":{"line":15,"column":190}},"56":{"start":{"line":15,"column":190},"end":{"line":15,"column":382}},"57":{"start":{"line":15,"column":201},"end":{"line":15,"column":226}},"58":{"start":{"line":15,"column":258},"end":{"line":15,"column":282}},"59":{"start":{"line":15,"column":282},"end":{"line":15,"column":297}},"60":{"start":{"line":15,"column":297},"end":{"line":15,"column":321}},"61":{"start":{"line":15,"column":321},"end":{"line":15,"column":381}},"62":{"start":{"line":17,"column":0},"end":{"line":17,"column":24}},"63":{"start":{"line":17,"column":24},"end":{"line":17,"column":107}},"64":{"start":{"line":17,"column":113},"end":{"line":17,"column":139}},"65":{"start":{"line":17,"column":163},"end":{"line":17,"column":186}},"66":{"start":{"line":17,"column":186},"end":{"line":17,"column":210}},"67":{"start":{"line":18,"column":0},"end":{"line":18,"column":9}},"68":{"start":{"line":18,"column":9},"end":{"line":18,"column":33}},"69":{"start":{"line":18,"column":33},"end":{"line":18,"column":82}},"70":{"start":{"line":19,"column":21},"end":{"line":19,"column":44}},"71":{"start":{"line":19,"column":56},"end":{"line":19,"column":92}},"72":{"start":{"line":19,"column":94},"end":{"line":19,"column":118}},"73":{"start":{"line":19,"column":118},"end":{"line":19,"column":186}},"74":{"start":{"line":19,"column":186},"end":{"line":19,"column":210}},"75":{"start":{"line":19,"column":210},"end":{"line":19,"column":230}},"76":{"start":{"line":19,"column":230},"end":{"line":19,"column":254}},"77":{"start":{"line":19,"column":254},"end":{"line":19,"column":313}},"78":{"start":{"line":19,"column":313},"end":{"line":19,"column":337}},"79":{"start":{"line":19,"column":337},"end":{"line":19,"column":397}},"80":{"start":{"line":19,"column":397},"end":{"line":19,"column":421}},"81":{"start":{"line":19,"column":421},"end":{"line":19,"column":485}},"82":{"start":{"line":20,"column":0},"end":{"line":20,"column":24}},"83":{"start":{"line":20,"column":24},"end":{"line":20,"column":45}},"84":{"start":{"line":20,"column":45},"end":{"line":20,"column":69}},"85":{"start":{"line":20,"column":69},"end":{"line":20,"column":89}},"86":{"start":{"line":20,"column":105},"end":{"line":20,"column":149}},"87":{"start":{"line":21,"column":0},"end":{"line":21,"column":24}},"88":{"start":{"line":21,"column":24},"end":{"line":21,"column":64}},"89":{"start":{"line":21,"column":64},"end":{"line":21,"column":88}},"90":{"start":{"line":21,"column":88},"end":{"line":21,"column":151}},"91":{"start":{"line":21,"column":151},"end":{"line":21,"column":175}},"92":{"start":{"line":21,"column":175},"end":{"line":21,"column":323}},"93":{"start":{"line":21,"column":204},"end":{"line":21,"column":227}},"94":{"start":{"line":21,"column":227},"end":{"line":21,"column":251}},"95":{"start":{"line":21,"column":251},"end":{"line":21,"column":282}},"96":{"start":{"line":21,"column":282},"end":{"line":21,"column":306}},"97":{"start":{"line":21,"column":306},"end":{"line":21,"column":321}},"98":{"start":{"line":21,"column":323},"end":{"line":21,"column":347}},"99":{"start":{"line":21,"column":347},"end":{"line":21,"column":387}},"100":{"start":{"line":23,"column":25},"end":{"line":23,"column":48}},"101":{"start":{"line":23,"column":57},"end":{"line":23,"column":110}},"102":{"start":{"line":23,"column":127},"end":{"line":23,"column":180}},"103":{"start":{"line":23,"column":196},"end":{"line":23,"column":262}},"104":{"start":{"line":23,"column":281},"end":{"line":23,"column":318}},"105":{"start":{"line":25,"column":0},"end":{"line":25,"column":24}},"106":{"start":{"line":25,"column":24},"end":{"line":25,"column":130}},"107":{"start":{"line":25,"column":53},"end":{"line":25,"column":77}},"108":{"start":{"line":25,"column":77},"end":{"line":25,"column":129}},"109":{"start":{"line":25,"column":130},"end":{"line":25,"column":154}},"110":{"start":{"line":25,"column":154},"end":{"line":25,"column":190}},"111":{"start":{"line":27,"column":45},"end":{"line":27,"column":68}},"112":{"start":{"line":27,"column":68},"end":{"line":27,"column":92}},"113":{"start":{"line":27,"column":92},"end":{"line":27,"column":2316}},"114":{"start":{"line":27,"column":117},"end":{"line":27,"column":143}},"115":{"start":{"line":27,"column":143},"end":{"line":27,"column":167}},"116":{"start":{"line":27,"column":167},"end":{"line":27,"column":258}},"117":{"start":{"line":27,"column":258},"end":{"line":27,"column":282}},"118":{"start":{"line":27,"column":282},"end":{"line":27,"column":291}},"119":{"start":{"line":27,"column":291},"end":{"line":27,"column":315}},"120":{"start":{"line":27,"column":315},"end":{"line":27,"column":321}},"121":{"start":{"line":27,"column":328},"end":{"line":27,"column":354}},"122":{"start":{"line":27,"column":354},"end":{"line":27,"column":378}},"123":{"start":{"line":27,"column":378},"end":{"line":27,"column":469}},"124":{"start":{"line":27,"column":469},"end":{"line":27,"column":493}},"125":{"start":{"line":27,"column":493},"end":{"line":27,"column":584}},"126":{"start":{"line":27,"column":584},"end":{"line":27,"column":608}},"127":{"start":{"line":27,"column":608},"end":{"line":27,"column":617}},"128":{"start":{"line":27,"column":617},"end":{"line":27,"column":641}},"129":{"start":{"line":27,"column":641},"end":{"line":27,"column":647}},"130":{"start":{"line":27,"column":654},"end":{"line":27,"column":680}},"131":{"start":{"line":27,"column":680},"end":{"line":27,"column":704}},"132":{"start":{"line":27,"column":704},"end":{"line":27,"column":795}},"133":{"start":{"line":27,"column":795},"end":{"line":27,"column":819}},"134":{"start":{"line":27,"column":819},"end":{"line":27,"column":910}},"135":{"start":{"line":27,"column":910},"end":{"line":27,"column":934}},"136":{"start":{"line":27,"column":934},"end":{"line":27,"column":1025}},"137":{"start":{"line":27,"column":1025},"end":{"line":27,"column":1049}},"138":{"start":{"line":27,"column":1049},"end":{"line":27,"column":1058}},"139":{"start":{"line":27,"column":1058},"end":{"line":27,"column":1082}},"140":{"start":{"line":27,"column":1082},"end":{"line":27,"column":1088}},"141":{"start":{"line":27,"column":1095},"end":{"line":27,"column":1121}},"142":{"start":{"line":27,"column":1121},"end":{"line":27,"column":1145}},"143":{"start":{"line":27,"column":1145},"end":{"line":27,"column":1236}},"144":{"start":{"line":27,"column":1236},"end":{"line":27,"column":1260}},"145
[...]
\\rest-booking\\restaurant-booking\\utils\\CommentUtil.js","statementMap":{"0":{"start":{"line":1,"column":32},"end":{"line":1,"column":53}},"1":{"start":{"line":2,"column":20},"end":{"line":2,"column":48}},"2":{"start":{"line":4,"column":2},"end":{"line":9,"column":3}},"3":{"start":{"line":5,"column":24},"end":{"line":5,"column":63}},"4":{"start":{"line":6,"column":4},"end":{"line":6,"column":45}},"5":{"start":{"line":8,"column":4},"end":{"line":8,"column":60}},"6":{"start":{"line":11,"column":0},"end":{"line":13,"column":2}}},"fnMap":{"0":{"name":"viewComment","decl":{"start":{"line":3,"column":15},"end":{"line":3,"column":26}},"loc":{"start":{"line":3,"column":37},"end":{"line":10,"column":1}},"line":3}},"branchMap":{},"s":{"0":0,"1":0,"2":0,"3":0,"4":0,"5":0,"6":0},"f":{"0":0},"b":{},"all":true},"C:\\Users\\65886\\Documents\\DVOPS_proj\\rest-booking\\restaurant-booking\\utils\\DeleteBookingUtil.js":{"path":"C:\\Users\\65886\\Documents\\DVOPS_proj\\rest-booking\\restaurant-booking\\utils\\DeleteBookingUtil.js","statementMap":{"0":{"start":{"line":1,"column":32},"end":{"line":1,"column":53}},"1":{"start":{"line":2,"column":20},"end":{"line":2,"column":48}},"2":{"start":{"line":3,"column":11},"end":{"line":3,"column":33}},"3":{"start":{"line":6,"column":2},"end":{"line":31,"column":3}},"4":{"start":{"line":7,"column":15},"end":{"line":7,"column":28}},"5":{"start":{"line":8,"column":24},"end":{"line":8,"column":62}},"6":{"start":{"line":9,"column":16},"end":{"line":9,"column":18}},"7":{"start":{"line":10,"column":4},"end":{"line":13,"column":5}},"8":{"start":{"line":10,"column":17},"end":{"line":10,"column":18}},"9":{"start":{"line":11,"column":27},"end":{"line":11,"column":41}},"10":{"start":{"line":12,"column":6},"end":{"line":12,"column":45}},"11":{"start":{"line":12,"column":35},"end":{"line":12,"column":45}},"12":{"start":{"line":14,"column":4},"end":{"line":28,"column":5}},"13":{"start":{"line":15,"column":6},"end":{"line":15,"column":35}},"14":{"start":{"line":16,"column":6},"end":{"line":20,"column":8}},"15":{"start":{"line":21,"column":6},"end":{"line":23,"column":61}},"16":{"start":{"line":25,"column":6},"end":{"line":27,"column":64}},"17":{"start":{"line":30,"column":4},"end":{"line":30,"column":60}},"18":{"start":{"line":34,"column":0},"end":{"line":36,"column":2}}},"fnMap":{"0":{"name":"deleteBooking","decl":{"start":{"line":5,"column":15},"end":{"line":5,"column":28}},"loc":{"start":{"line":5,"column":39},"end":{"line":32,"column":1}},"line":5}},"branchMap":{"0":{"loc":{"start":{"line":12,"column":6},"end":{"line":12,"column":45}},"type":"if","locations":[{"start":{"line":12,"column":6},"end":{"line":12,"column":45}},{"start":{"line":12,"column":6},"end":{"line":12,"column":45}}],"line":12},"1":{"loc":{"start":{"line":14,"column":4},"end":{"line":28,"column":5}},"type":"if","locations":[{"start":{"line":14,"column":4},"end":{"line":28,"column":5}},{"start":{"line":14,"column":4},"end":{"line":28,"column":5}}],"line":14}},"s":{"0":0,"1":0,"2":0,"3":0,"4":0,"5":0,"6":0,"7":0,"8":0,"9":0,"10":0,"11":0,"12":0,"13":0,"14":0,"15":0,"16":0,"17":0,"18":0},"f":{"0":0},"b":{"0":[0,0],"1":[0,0]},"all":true},"C:\\Users\\65886\\Documents\\DVOPS_proj\\rest-booking\\restaurant-booking\\utils\\LoginUtil.js":{"path":"C:\\Users\\65886\\Documents\\DVOPS_proj\\rest-booking\\restaurant-booking\\utils\\LoginUtil.js","statementMap":{"0":{"start":{"line":1,"column":17},"end":{"line":1,"column":42}},"1":{"start":{"line":2,"column":11},"end":{"line":2,"column":33}},"2":{"start":{"line":5,"column":2},"end":{"line":11,"column":3}},"3":{"start":{"line":6,"column":17},"end":{"line":6,"column":52}},"4":{"start":{"line":7,"column":4},"end":{"line":7,"column":28}},"5":{"start":{"line":9,"column":4},"end":{"line":9,"column":23}},"6":{"start":{"line":10,"column":4},"end":{"line":10,"column":14}},"7":{"start":{"line":15,"column":2},"end":{"line":42,"column":3}},"8":{"start":{"line":16,"column":18},"end":{"line":16,"column":32}},"9":{"start":{"line":17,"column":21},"end":{"line":17,"column":38}},"10":{"start":{"line":18,"column":21},"end":{"line":18,"column":57}},"11":{"start":{"line":20,"column":4},"end":{"line":22,"column":5}},"12":{"start":{"line":21,"column":6},"end":{"line":21,"column":71}},"13":{"start":{"line":24,"column":27},"end":{"line":24,"column":32}},"14":{"start":{"line":25,"column":4},"end":{"line":33,"column":5}},"15":{"start":{"line":25,"column":17},"end":{"line":25,"column":18}},"16":{"start":{"line":26,"column":21},"end":{"line":26,"column":32}},"17":{"start":{"line":28,"column":6},"end":{"line":32,"column":32}},"18":{"start":{"line":32,"column":8},"end":{"line":32,"column":32}},"19":{"start":{"line":35,"column":4},"end":{"line":39,"column":5}},"20":{"start":{"line":36,"column":6},"end":{"line":36,"column":68}},"21":{"start":{"line":38,"column":6},"end":{"line":38,"column":71}},"22":{"start":{"line":41,"column":4},"end":{"line":41,"column":60}},"23":{"start":{"line":45,"column":0},"end":{"line":48,"column":2}}},"fnMap":{"0":{"name":"readJSON","decl":{"start":{"line":4,"column":15},"end":{"line":4,"column":23}},"loc":{"start":{"line":4,"column":34},"end":{"line":12,"column":1}},"line":4},"1":{"name":"login","decl":{"start":{"line":14,"column":15},"end":{"line":14,"column":20}},"loc":{"start":{"line":14,"column":31},"end":{"line":43,"column":1}},"line":14}},"branchMap":{"0":{"loc":{"start":{"line":20,"column":4},"end":{"line":22,"column":5}},"type":"if","locations":[{"start":{"line":20,"column":4},"end":{"line":22,"column":5}},{"start":{"line":20,"column":4},"end":{"line":22,"column":5}}],"line":20},"1":{"loc":{"start":{"line":20,"column":8},"end":{"line":20,"column":27}},"type":"binary-expr","locations":[{"start":{"line":20,"column":8},"end":{"line":20,"column":14}},{"start":{"line":20,"column":18},"end":{"line":20,"column":27}}],"line":20},"2":{"loc":{"start":{"line":28,"column":6},"end":{"line":32,"column":32}},"type":"if","locations":[{"start":{"line":28,"column":6},"end":{"line":32,"column":32}},{"start":{"line":28,"column":6},"end":{"line":32,"column":32}}],"line":28},"3":{"loc":{"start":{"line":29,"column":8},"end":{"line":30,"column":65}},"type":"binary-expr","locations":[{"start":{"line":29,"column":8},"end":{"line":29,"column":31}},{"start":{"line":30,"column":8},"end":{"line":30,"column":65}}],"line":29},"4":{"loc":{"start":{"line":35,"column":4},"end":{"line":39,"column":5}},"type":"if","locations":[{"start":{"line":35,"column":4},"end":{"line":39,"column":5}},{"start":{"line":35,"column":4},"end":{"line":39,"column":5}}],"line":35}},"s":{"0":0,"1":0,"2":0,"3":0,"4":0,"5":0,"6":0,"7":0,"8":0,"9":0,"10":0,"11":0,"12":0,"13":0,"14":0,"15":0,"16":0,"17":0,"18":0,"19":0,"20":0,"21":0,"22":0,"23":0},"f":{"0":0,"1":0},"b":{"0":[0,0],"1":[0,0],"2":[0,0],"3":[0,0],"4":[0,0]},"all":true},"C:\\Users\\65886\\Documents\\DVOPS_proj\\rest-booking\\restaurant-booking\\utils\\RestaurantUtil.js":{"path":"C:\\Users\\65886\\Documents\\DVOPS_proj\\rest-booking\\restaurant-booking\\utils\\RestaurantUtil.js","statementMap":{"0":{"start":{"line":1,"column":32},"end":{"line":1,"column":53}},"1":{"start":{"line":2,"column":23},"end":{"line":2,"column":54}},"2":{"start":{"line":7,"column":2},"end":{"line":12,"column":3}},"3":{"start":{"line":8,"column":29},"end":{"line":8,"column":71}},"4":{"start":{"line":9,"column":6},"end":{"line":9,"column":50}},"5":{"start":{"line":11,"column":6},"end":{"line":11,"column":62}},"6":{"start":{"line":15,"column":2},"end":{"line":39,"column":3}},"7":{"start":{"line":16,"column":27},"end":{"line":16,"column":69}},"8":{"start":{"line":17,"column":17},"end":{"line":17,"column":32}},"9":{"start":{"line":20,"column":4},"end":{"line":24,"column":5}},"10":{"start":{"line":21,"column":6},"end":{"line":23,"column":80}},"11":{"start":{"line":27,"column":28},"end":{"line":29,"column":5}},"12":{"start":{"line":28,"column":15},"end":{"line":28,"column":42}},"13":{"start":{"line":30,"column":4},"end":{"line":32,"column":5}},"14":{"start":{"line":31,"column":6},"end":{"line":31,"column":51}},"15":{"start":{"line":35,"column":4},"end":{"line":35,"column":69}},"16":{"start":{"line":38,"column":4},"end":{"line":38,"column":60}},"17":{"start":{"line":41,"column":0},"end":{"line":43,"column":2}}},"fnMap":{"0":{"name":"viewRestaurant","decl":{"start":{"line":6,"column":15},"end":{"line":6,"column":29}},"loc":{"start":{"line":6,"column":40},"end":{"line":13,"column":1}},"line":6},"1":{"name":"viewRestaurantByName","decl":{"start":{"line":14,"column":15},"end":{"line":14,"column":35}},"loc":{"start":{"line":14,"column":46},"end":{"line":40,"column":1}},"line":14},"2":{"name":"(anonymous_2)","decl":{"start":{"line":28,"column":6},"end":{"line":28,"column":7}},"loc":{"start":{"line":28,"column":15},"end":{"line":28,"column":42}},"line":28}},"branchMap":{"0":{"loc":{"start":{"line":20,"column":4},"end":{"line":24,"column":5}},"type":"if","locations":[{"start":{"line":20,"column":4},"end":{"line":24,"column":5}},{"start":{"line":20,"column":4},"end":{"line":24,"column":5}}],"line":20},"1":{"loc":{"start":{"line":30,"column":4},"end":{"line":32,"column":5}},"type":"if","locations":[{"start":{"line":30,"column":4},"end":{"line":32,"column":5}},{"start":{"line":30,"column":4},"end":{"line":32,"column":5}}],"line":30}},"s":{"0":0,"1":0,"2":0,"3":0,"4":0,"5":0,"6":0,"7":0,"8":0,"9":0,"10":0,"11":0,"12":0,"13":0,"14":0,"15":0,"16":0,"17":0},"f":{"0":0,"1":0,"2":0},"b":{"0":[0,0],"1":[0,0]},"all":true},"C:\\Users\\65886\\Documents\\DVOPS_proj\\rest-booking\\restaurant-booking\\utils\\UserUtil.js":{"path":"C:\\Users\\65886\\Documents\\DVOPS_proj\\rest-booking\\restaurant-booking\\utils\\UserUtil.js","statementMap":{"0":{"start":{"line":1,"column":17},"end":{"line":1,"column":42}},"1":{"start":{"line":2,"column":11},"end":{"line":2,"column":33}},"2":{"start":{"line":5,"column":2},"end":{"line":11,"column":3}},"3":{"start":{"line":6,"column":17},"end":{"line":6,"column":52}},"4":{"start":{"line":7,"column":4},"end":{"line":7,"column":28}},"5":{"start":{"line":9,"column":4},"end":{"line":9,"column":23}},"6":{"start":{"line":10,"column":4},"end":{"line":10,"column":14}},"7":{"start":{"line":15,"column":2},"end":{"line":23,"column":3}},"8":{"start":{"line":16,"column":23},"end":{"line":16,"column":47}},"9":{"start":{"line":17,"column":4},"end":{"line":17,"column":28}},"10":{"start":{"line":18,"column":4},"end":{"line":18,"column":69}},"11":{"start":{"line":19,"column":4},"end":{"line":19,"column":22}},"12":{"start":{"line":21,"column":4},"end":{"line":21,"column":23}},"13":{"start":{"line":22,"column":4},"end":{"line":22,"column":14}},"14":{"start":{"line":28,"column":2},"end":{"line":28,"column":34}},"15":{"start":{"line":32,"column":20},"end":{"line":32,"column":38}},"16":{"start":{"line":33,"column":22},"end":{"line":33,"column":32}},"17":{"start":{"line":34,"column":14},"end":{"line":34,"column":65}},"18":{"start":{"line":37,"column":2},"end":{"line":43,"column":3}},"19":{"start":{"line":42,"column":4},"end":{"line":42,"column":10}},"20":{"start":{"line":45,"column":2},"end":{"line":45,"column":13}},"21":{"start":{"line":50,"column":2},"end":{"line":53,"column":4}},"22":{"start":{"line":58,"column":19},"end":{"line":58,"column":36}},"23":{"start":{"line":59,"column":2},"end":{"line":59,"column":28}},"24":{"start":{"line":63,"column":21},"end":{"line":63,"column":41}},"25":{"start":{"line":65,"column":2},"end":{"line":69,"column":4}},"26":{"start":{"line":73,"column":2},"end":{"line":146,"column":3}},"27":{"start":{"line":74,"column":18},"end":{"line":74,"column":32}},"28":{"start":{"line":75,"column":21},"end":{"line":75,"column":38}},"29":{"start":{"line":76,"column":21},"end":{"line":76,"column":38}},"30":{"start":{"line":77,"column":23},"end":{"line":77,"column":42}},"31":{"start":{"line":78,"column":22},"end":{"line":78,"column":40}},"32":{"start":{"line":79,"column":25},"end":{"line":79,"column":46}},"33":{"start":{"line":80,"column":28},"end":{"line":80,"column":52}},"34":{"start":{"line":81,"column":21},"end":{"line":81,"column":38}},"35":{"start":{"line":84,"column":22},"end":{"line":84,"column":40}},"36":{"start":{"line":85,"column":24},"end":{"line":85,"column":34}},"37":{"start":{"line":86,"column":16},"end":{"line":86,"column":38}},"38":{"start":{"line":88,"column":4},"end":{"line":143,"column":5}},"39":{"start":{"line":89,"column":6},"end":{"line":91,"column":74}},"40":{"start":{"line":92,"column":11},"end":{"line":143,"column":5}},"41":{"start":{"line":93,"column":6},"end":{"line":96,"column":9}},"42":{"start":{"line":97,"column":11},"end":{"line":143,"column":5}},"43":{"start":{"line":99,"column":6},"end":{"line":101,"column":9}},"44":{"start":{"line":102,"column":11},"end":{"line":143,"column":5}},"45":{"start":{"line":103,"column":6},"end":{"line":106,"column":9}},"46":{"start":{"line":109,"column":11},"end":{"line":143,"column":5}},"47":{"start":{"line":110,"column":6},"end":{"line":112,"column":9}},"48":{"start":{"line":113,"column":11},"end":{"line":143,"column":5}},"49":{"start":{"line":114,"column":6},"end":{"line":117,"column":9}},"50":{"start":{"line":118,"column":11},"end":{"line":143,"column":5}},"51":{"start":{"line":123,"column":6},"end":{"line":126,"column":9}},"52":{"start":{"line":129,"column":22},"end":{"line":138,"column":7}},"53":{"start":{"line":141,"column":27},"end":{"line":141,"column":71}},"54":{"start":{"line":142,"column":6},"end":{"line":142,"column":48}},"55":{"start":{"line":145,"column":4},"end":{"line":145,"column":60}},"56":{"start":{"line":149,"column":0},"end":{"line":153,"column":2}}},"fnMap":{"0":{"name":"readJSON","decl":{"start":{"line":4,"column":15},"end":{"line":4,"column":23}},"loc":{"start":{"line":4,"column":34},"end":{"line":12,"column":1}},"line":4},"1":{"name":"writeJSON","decl":{"start":{"line":14,"column":15},"end":{"line":14,"column":24}},"loc":{"start":{"line":14,"column":43},"end":{"line":24,"column":1}},"line":14},"2":{"name":"isValidName","decl":{"start":{"line":26,"column":9},"end":{"line":26,"column":20}},"loc":{"start":{"line":26,"column":27},"end":{"line":29,"column":1}},"line":26},"3":{"name":"calculateAge","decl":{"start":{"line":31,"column":9},"end":{"line":31,"column":21}},"loc":{"start":{"line":31,"column":32},"end":{"line":46,"column":1}},"line":31},"4":{"name":"isValidPassword","decl":{"start":{"line":48,"column":9},"end":{"line":48,"column":24}},"loc":{"start":{"line":48,"column":35},"end":{"line":54,"column":1}},"line":48},"5":{"name":"isValidURL","decl":{"start":{"line":56,"column":9},"end":{"line":56,"column":19}},"loc":{"start":{"line":56,"column":25},"end":{"line":60,"column":1}},"line":56},"6":{"name":"isValidDate","decl":{"start":{"line":62,"column":9},"end":{"line":62,"column":20}},"loc":{"start":{"line":62,"column":33},"end":{"line":70,"column":1}},"line":62},"7":{"name":"register","decl":{"start":{"line":72,"column":15},"end":{"line":72,"column":23}},"loc":{"start":{"line":72,"column":34},"end":{"line":147,"column":1}},"line":72}},"branchMap":{"0":{"loc":{"start":{"line":37,"column":2},"end":{"line":43,"column":3}},"type":"if","locations":[{"start":{"line":37,"column":2},"end":{"line":43,"column":3}},{"start":{"line":37,"column":2},"end":{"line":43,"column":3}}],"line":37},"1":{"loc":{"start":{"line":38,"column":4},"end":{"line":40,"column":50}},"type":"binary-expr","locations":[{"start":{"line":38,"column":4},"end":{"line":38,"column":49}},{"start":{"line":39,"column":5},"end":{"line":39,"column":52}},{"start":{"line":40,"column":6},"end":{"line":40,"column":49}}],"line":38},"2":{"loc":{"start":{"line":51,"column":4},"end":{"line":52,"column":55}},"type":"binary-expr","locations":[{"start":{"line":51,"column":4},"end":{"line":51,"column":26}},{"start":{"line":52,"column":4},"end":{"line":52,"column":55}}],"line":51},"3":{"loc":{"start":{"line":66,"column":4},"end":{"line":68,"column":57}},"type":"binary-expr","locations":[{"start":{"line":66,"column":4},"end":{"line":66,"column":30}},{"start":{"line":67,"column":4},"end":{"line":67,"column":22}},{"start":{"line":68,"column":4},"end":{"line":68,"column":57}}],"line":66},"4":{"loc":{"start":{"line":88,"column":4},"end":{"line":143,"column":5}},"type":"if","locations":[{"start":{"line":88,"column":4},"end":{"line":143,"column":5}},{"start":{"line":88,"column":4},"end":{"line":143,"column":5}}],"line":88},"5":{"loc":{"start":{"line":88,"column":8},"end":{"line":88,"column":75}},"type":"binary-expr","locations":[{"start":{"line":88,"column":8},"end":{"line":88,"column":28}},{"start":{"line":88,"column":32},"end":{"line":88,"column":52}},{"start":{"line":88,"column":56},"end":{"line":88,"column":75}}],"line":88},"6":{"loc":{"start":{"line":92,"column":11},"end":{"line":143,"column":5}},"type":"if","locations":[{"start":{"line":92,"column":11},"end":{"line":143,"column":5}},{"start":{"line":92,"column":11},"end":{"line":143,"column":5}}],"line":92},"7":{"loc":{"start":{"line":97,"column":11},"end":{"line":143,"column":5}},"type":"if","locations":[{"start":{"line":97,"column":11},"end":{"line":143,"column":5}},{"start":{"line":97,"column":11},"end":{"line":143,"column":5}}],"line":97},"8":{"loc":{"start":{"line":102,"column":11},"end":{"line":143,"column":5}},"type":"if","locations":[{"start":{"line":102,"column":11},"end":{"line":143,"column":5}},{"start":{"line":102,"column":11},"end":{"line":143,"column":5}}],"line":102},"9":{"loc":{"start":{"line":109,"column":11},"end":{"line":143,"column":5}},"type":"if","locations":[{"start":{"line":109,"column":11},"end":{"line":143,"column":5}},{"start":{"line":109,"column":11},"end":{"line":143,"column":5}}],"line":109},"10":{"loc":{"start":{"line":113,"column":11},"end":{"line":143,"column":5}},"type":"if","locations":[{"start":{"line":113,"column":11},"end":{"line":143,"column":5}},{"start":{"line":113,"column":11},"end":{"line":143,"column":5}}],"line":113},"11":{"loc":{"start":{"line":118,"column":11},"end":{"line":143,"column":5}},"type":"if","locations":[{"start":{"line":118,"column":11},"end":{"line":143,"column":5}},{"start":{"line":118,"column":11},"end":{"line":143,"column":5}}],"line":118},"12":{"loc":{"start":{"line":119,"column":6},"end":{"line":121,"column":15}},"type":"binary-expr","locations":[{"start":{"line":119,"column":6},"end":{"line":119,"column":28}},{"start":{"line":120,"column":6},"end":{"line":120,"column":29}},{"start":{"line":121,"column":6},"end":{"line":121,"column":15}}],"line":119}},"s":{"0":0,"1":0,"2":0,"3":0,"4":0,"5":0,"6":0,"7":0,"8":0,"9":0,"10":0,"11":0,"12":0,"13":0,"14":0,"15":0,"16":0,"17":0,"18":0,"19":0,"20":0,"21":0,"22":0,"23":0,"24":0,"25":0,"26":0,"27":0,"28":0,"29":0,"30":0,"31":0,"32":0,"33":0,"34":0,"35":0,"36":0,"37":0,"38":0,"39":0,"40":0,"41":0,"42":0,"43":0,"44":0,"45":0,"46":0,"47":0,"48":0,"49":0,"50":0,"51":0,"52":0,"53":0,"54":0,"55":0,"56":0},"f":{"0":0,"1":0,"2":0,"3":0,"4":0,"5":0,"6":0,"7":0},"b":{"0":[0,0],"1":[0,0,0],"2":[0,0],"3":[0,0,0],"4":[0,0],"5":[0,0,0],"6":[0,0],"7":[0,0],"8":[0,0],"9":[0,0],"10":[0,0],"11":[0,0],"12":[0,0,0]},"all":true},"C:\\Users\\65886\\Documents\\DVOPS_proj\\rest-booking\\restaurant-booking\\utils\\ViewBookingUtil.js":{"path":"C:\\Users\\65886\\Documents\\DVOPS_proj\\rest-booking\\restaurant-booking\\utils\\ViewBookingUtil.js","statementMap":{"0":{"start":{"line":1,"column":32},"end":{"line":1,"column":53}},"1":{"start":{"line":2,"column":20},"end":{"line":2,"column":48}},"2":{"start":{"line":4,"column":2},"end":{"line":9,"column":3}},"3":{"start":{"line":5,"column":24},"end":{"line":5,"column":62}},"4":{"start":{"line":6,"column":4},"end":{"line":6,"column":45}},"5":{"start":{"line":8,"column":4},"end":{"line":8,"column":60}},"6":{"start":{"line":11,"column":0},"end":{"line":13,"column":2}}},"fnMap":{"0":{"name":"viewBooking","decl":{"start":{"line":3,"column":15},"end":{"line":3,"column":26}},"loc":{"start":{"line":3,"column":37},"end":{"line":10,"column":1}},"line":3}},"branchMap":{},"s":{"0":0,"1":0,"2":0,"3":0,"4":0,"5":0,"6":0},"f":{"0":0},"b":{},"all":true}}