{"C:\\Users\\demon\\Documents\\DVOPS_Projects\\draft7\\restaurant-booking\\index.js":{"path":"C:\\Users\\demon\\Documents\\DVOPS_Projects\\draft7\\restaurant-booking\\index.js","statementMap":{"0":{"start":{"line":1,"column":14},"end":{"line":1,"column":32}},"1":{"start":{"line":2,"column":17},"end":{"line":2,"column":39}},"2":{"start":{"line":3,"column":10},"end":{"line":3,"column":19}},"3":{"start":{"line":5,"column":13},"end":{"line":5,"column":37}},"4":{"start":{"line":6,"column":16},"end":{"line":6,"column":28}},"5":{"start":{"line":8,"column":0},"end":{"line":8,"column":51}},"6":{"start":{"line":9,"column":0},"end":{"line":9,"column":27}},"7":{"start":{"line":10,"column":0},"end":{"line":10,"column":36}},"8":{"start":{"line":12,"column":24},"end":{"line":12,"column":54}},"9":{"start":{"line":13,"column":23},"end":{"line":13,"column":56}},"10":{"start":{"line":14,"column":34},"end":{"line":14,"column":67}},"11":{"start":{"line":15,"column":28},"end":{"line":15,"column":61}},"12":{"start":{"line":16,"column":21},"end":{"line":16,"column":48}},"13":{"start":{"line":17,"column":18},"end":{"line":17,"column":46}},"14":{"start":{"line":18,"column":24},"end":{"line":18,"column":58}},"15":{"start":{"line":19,"column":22},"end":{"line":19,"column":55}},"16":{"start":{"line":20,"column":26},"end":{"line":20,"column":62}},"17":{"start":{"line":23,"column":0},"end":{"line":23,"column":33}},"18":{"start":{"line":24,"column":0},"end":{"line":24,"column":34}},"19":{"start":{"line":26,"column":0},"end":{"line":26,"column":61}},"20":{"start":{"line":28,"column":0},"end":{"line":28,"column":39}},"21":{"start":{"line":30,"column":0},"end":{"line":30,"column":32}},"22":{"start":{"line":32,"column":0},"end":{"line":32,"column":26}},"23":{"start":{"line":34,"column":0},"end":{"line":34,"column":38}},"24":{"start":{"line":35,"column":0},"end":{"line":35,"column":37}},"25":{"start":{"line":37,"column":0},"end":{"line":37,"column":49}},"26":{"start":{"line":39,"column":0},"end":{"line":41,"column":3}},"27":{"start":{"line":40,"column":2},"end":{"line":40,"column":51}},"28":{"start":{"line":43,"column":15},"end":{"line":44,"column":46}},"29":{"start":{"line":44,"column":2},"end":{"line":44,"column":43}},"30":{"start":{"line":46,"column":0},"end":{"line":46,"column":32}}},"fnMap":{"0":{"name":"(anonymous_0)","decl":{"start":{"line":39,"column":13},"end":{"line":39,"column":14}},"loc":{"start":{"line":39,"column":27},"end":{"line":41,"column":1}},"line":39},"1":{"name":"(anonymous_1)","decl":{"start":{"line":43,"column":32},"end":{"line":43,"column":33}},"loc":{"start":{"line":43,"column":44},"end":{"line":44,"column":45}},"line":43}},"branchMap":{"0":{"loc":{"start":{"line":5,"column":13},"end":{"line":5,"column":37}},"type":"binary-expr","locations":[{"start":{"line":5,"column":13},"end":{"line":5,"column":29}},{"start":{"line":5,"column":33},"end":{"line":5,"column":37}}],"line":5}},"s":{"0":0,"1":0,"2":0,"3":0,"4":0,"5":0,"6":0,"7":0,"8":0,"9":0,"10":0,"11":0,"12":0,"13":0,"14":0,"15":0,"16":0,"17":0,"18":0,"19":0,"20":0,"21":0,"22":0,"23":0,"24":0,"25":0,"26":0,"27":0,"28":0,"29":0,"30":0},"f":{"0":0,"1":0},"b":{"0":[0,0]},"all":true},"C:\\Users\\demon\\Documents\\DVOPS_Projects\\draft7\\restaurant-booking\\public\\instrumented\\js\\account.js":{"path":"C:\\Users\\demon\\Documents\\DVOPS_Projects\\draft7\\restaurant-booking\\public\\instrumented\\js\\account.js","statementMap":{"0":{"start":{"line":2,"column":15},"end":{"line":2,"column":112}},"1":{"start":{"line":2,"column":125},"end":{"line":2,"column":167}},"2":{"start":{"line":2,"column":182},"end":{"line":2,"column":211}},"3":{"start":{"line":2,"column":223},"end":{"line":2,"column":237}},"4":{"start":{"line":2,"column":258},"end":{"line":2,"column":2720}},"5":{"start":{"line":2,"column":2737},"end":{"line":2,"column":2770}},"6":{"start":{"line":2,"column":2772},"end":{"line":2,"column":2859}},"7":{"start":{"line":2,"column":2827},"end":{"line":2,"column":2857}},"8":{"start":{"line":2,"column":2881},"end":{"line":2,"column":2895}},"9":{"start":{"line":3,"column":8},"end":{"line":3,"column":63}},"10":{"start":{"line":3,"column":38},"end":{"line":3,"column":60}},"11":{"start":{"line":4,"column":6},"end":{"line":4,"column":28}},"12":{"start":{"line":5,"column":2},"end":{"line":5,"column":18}},"13":{"start":{"line":5,"column":19},"end":{"line":5,"column":42}},"14":{"start":{"line":5,"column":43},"end":{"line":5,"column":227}},"15":{"start":{"line":5,"column":75},"end":{"line":5,"column":98}},"16":{"start":{"line":5,"column":99},"end":{"line":5,"column":122}},"17":{"start":{"line":5,"column":123},"end":{"line":5,"column":154}},"18":{"start":{"line":5,"column":155},"end":{"line":5,"column":178}},"19":{"start":{"line":5,"column":179},"end":{"line":5,"column":223}},"20":{"start":{"line":5,"column":228},"end":{"line":5,"column":251}},"21":{"start":{"line":5,"column":252},"end":{"line":5,"column":1265}},"22":{"start":{"line":5,"column":321},"end":{"line":5,"column":344}},"23":{"start":{"line":5,"column":345},"end":{"line":5,"column":368}},"24":{"start":{"line":5,"column":369},"end":{"line":5,"column":1261}},"25":{"start":{"line":5,"column":412},"end":{"line":5,"column":438}},"26":{"start":{"line":5,"column":439},"end":{"line":5,"column":462}},"27":{"start":{"line":5,"column":463},"end":{"line":5,"column":497}},"28":{"start":{"line":5,"column":498},"end":{"line":5,"column":521}},"29":{"start":{"line":5,"column":522},"end":{"line":5,"column":552}},"30":{"start":{"line":5,"column":553},"end":{"line":5,"column":576}},"31":{"start":{"line":5,"column":577},"end":{"line":5,"column":617}},"32":{"start":{"line":5,"column":618},"end":{"line":5,"column":641}},"33":{"start":{"line":5,"column":642},"end":{"line":5,"column":689}},"34":{"start":{"line":5,"column":690},"end":{"line":5,"column":713}},"35":{"start":{"line":5,"column":714},"end":{"line":5,"column":761}},"36":{"start":{"line":5,"column":771},"end":{"line":5,"column":797}},"37":{"start":{"line":5,"column":798},"end":{"line":5,"column":822}},"38":{"start":{"line":5,"column":823},"end":{"line":5,"column":1259}},"39":{"start":{"line":5,"column":864},"end":{"line":5,"column":890}},"40":{"start":{"line":5,"column":891},"end":{"line":5,"column":915}},"41":{"start":{"line":5,"column":916},"end":{"line":5,"column":949}},"42":{"start":{"line":5,"column":950},"end":{"line":5,"column":974}},"43":{"start":{"line":5,"column":975},"end":{"line":5,"column":1006}},"44":{"start":{"line":5,"column":1007},"end":{"line":5,"column":1031}},"45":{"start":{"line":5,"column":1032},"end":{"line":5,"column":1075}},"46":{"start":{"line":5,"column":1076},"end":{"line":5,"column":1100}},"47":{"start":{"line":5,"column":1101},"end":{"line":5,"column":1145}},"48":{"start":{"line":5,"column":1146},"end":{"line":5,"column":1170}},"49":{"start":{"line":5,"column":1171},"end":{"line":5,"column":1221}},"50":{"start":{"line":5,"column":1231},"end":{"line":5,"column":1257}}},"fnMap":{"0":{"name":"cov_rvie1276e","decl":{"start":{"line":1,"column":9},"end":{"line":1,"column":22}},"loc":{"start":{"line":1,"column":25},"end":{"line":5,"column":1}},"line":1},"1":{"name":"(anonymous_1)","decl":{"start":{"line":3,"column":24},"end":{"line":3,"column":25}},"loc":{"start":{"line":3,"column":36},"end":{"line":3,"column":62}},"line":3},"2":{"name":"(anonymous_2)","decl":{"start":{"line":5,"column":61},"end":{"line":5,"column":62}},"loc":{"start":{"line":5,"column":73},"end":{"line":5,"column":225}},"line":5},"3":{"name":"(anonymous_3)","decl":{"start":{"line":5,"column":307},"end":{"line":5,"column":308}},"loc":{"start":{"line":5,"column":319},"end":{"line":5,"column":1263}},"line":5}},"branchMap":{"0":{"loc":{"start":{"line":2,"column":2737},"end":{"line":2,"column":2770}},"type":"binary-expr","locations":[{"start":{"line":2,"column":2737},"end":{"line":2,"column":2748}},{"start":{"line":2,"column":2753},"end":{"line":2,"column":2769}}],"line":2},"1":{"loc":{"start":{"line":2,"column":2772},"end":{"line":2,"column":2859}},"type":"if","locations":[{"start":{"line":2,"column":2772},"end":{"line":2,"column":2859}},{"start":{"line":2,"column":2772},"end":{"line":2,"column":2859}}],"line":2},"2":{"loc":{"start":{"line":2,"column":2776},"end":{"line":2,"column":2823}},"type":"binary-expr","locations":[{"start":{"line":2,"column":2776},"end":{"line":2,"column":2791}},{"start":{"line":2,"column":2795},"end":{"line":2,"column":2823}}],"line":2},"3":{"loc":{"start":{"line":5,"column":369},"end":{"line":5,"column":1261}},"type":"if","locations":[{"start":{"line":5,"column":369},"end":{"line":5,"column":1261}},{"start":{"line":5,"column":369},"end":{"line":5,"column":1261}}],"line":5},"4":{"loc":{"start":{"line":5,"column":823},"end":{"line":5,"column":1259}},"type":"if","locations":[{"start":{"line":5,"column":823},"end":{"line":5,"column":1259}},{"start":{"line":5,"column":823},"end":{"line":5,"column":1259}}],"line":5}},"s":{"0":0,"1":0,"2":0,"3":0,"4":0,"5":0,"6":0,"7":0,"8":0,"9":0,"10":0,"11":0,"12":0,"13":0,"14":0,"15":0,"16":0,"17":0,"18":0,"19":0,"20":0,"21":0,"22":0,"23":0,"24":0,"25":0,"26":0,"27":0,"28":0,"29":0,"30":0,"31":0,"32":0,"33":0,"34":0,"35":0,"36":0,"37":0,"38":0,"39":0,"40":0,"41":0,"42":0,"43":0,"44":0,"45":0,"46":0,"47":0,"48":0,"49":0,"50":0},"f":{"0":0,"1":0,"2":0,"3":0},"b":{"0":[0,0],"1":[0,0],"2":[0,0],"3":[0,0],"4":[0,0]},"inputSourceMap":{"version":3,"names":["cov_rvie1276e","actualCoverage","s","$","document","ready","f","fadeOut","addClass","on","is","b","fadeIn","removeClass"],"sources":["account.js"],"sourcesContent":["\r\n$(document).ready(function(){\r\n    $('.login-info-box').fadeOut();\r\n    $('.login-show').addClass('show-log-panel');\r\n});\r\n\r\n\r\n$('.login-reg-panel input[type=\"radio\"]').on('change', function() {\r\n    if($('#log-login-show').is(':checked')) {\r\n        $('.register-info-box').fadeOut(); \r\n        $('.login-info-box').fadeIn();\r\n        \r\n        $('.white-panel').addClass('right-log');\r\n        $('.register-show').addClass('show-log-panel');\r\n        $('.login-show').removeClass('show-log-panel');\r\n        \r\n    }\r\n    else if($('#log-reg-show').is(':checked')) {\r\n        $('.register-info-box').fadeIn();\r\n        $('.login-info-box').fadeOut();\r\n        \r\n        $('.white-panel').removeClass('right-log');\r\n        \r\n        $('.login-show').addClass('show-log-panel');\r\n        $('.register-show').removeClass('show-log-panel');\r\n    }\r\n});"],"mappings":"4yEAeY;AAAAA,aAAA,SAAAA,CAAA,SAAAC,cAAA,WAAAA,cAAA,EAAAD,aAAA,GAAAA,aAAA,GAAAE,CAAA,MAdZC,CAAC,CAACC,QAAQ,CAAC,CAACC,KAAK,CAAC,UAAU,CAAAL,aAAA,GAAAM,CAAA,MAAAN,aAAA,GAAAE,CAAA,MACxBC,CAAC,CAAC,iBAAiB,CAAC,CAACI,OAAO,CAAC,CAAC,CAACP,aAAA,GAAAE,CAAA,MAC/BC,CAAC,CAAC,aAAa,CAAC,CAACK,QAAQ,CAAC,gBAAgB,CAAC,CAC/C,CAAC,CAAC,CAACR,aAAA,GAAAE,CAAA,MAGHC,CAAC,CAAC,sCAAsC,CAAC,CAACM,EAAE,CAAC,QAAQ,CAAE,UAAW,CAAAT,aAAA,GAAAM,CAAA,MAAAN,aAAA,GAAAE,CAAA,MAC9D,GAAGC,CAAC,CAAC,iBAAiB,CAAC,CAACO,EAAE,CAAC,UAAU,CAAC,CAAE,CAAAV,aAAA,GAAAW,CAAA,SAAAX,aAAA,GAAAE,CAAA,MACpCC,CAAC,CAAC,oBAAoB,CAAC,CAACI,OAAO,CAAC,CAAC,CAACP,aAAA,GAAAE,CAAA,MAClCC,CAAC,CAAC,iBAAiB,CAAC,CAACS,MAAM,CAAC,CAAC,CAACZ,aAAA,GAAAE,CAAA,MAE9BC,CAAC,CAAC,cAAc,CAAC,CAACK,QAAQ,CAAC,WAAW,CAAC,CAACR,aAAA,GAAAE,CAAA,MACxCC,CAAC,CAAC,gBAAgB,CAAC,CAACK,QAAQ,CAAC,gBAAgB,CAAC,CAACR,aAAA,GAAAE,CAAA,MAC/CC,CAAC,CAAC,aAAa,CAAC,CAACU,WAAW,CAAC,gBAAgB,CAAC,CAElD,CAAC,IACI,CAAAb,aAAA,GAAAW,CAAA,SAAAX,aAAA,GAAAE,CAAA,UAAGC,CAAC,CAAC,eAAe,CAAC,CAACO,EAAE,CAAC,UAAU,CAAC,CAAE,CAAAV,aAAA,GAAAW,CAAA,SAAAX,aAAA,GAAAE,CAAA,OACvCC,CAAC,CAAC,oBAAoB,CAAC,CAACS,MAAM,CAAC,CAAC,CAACZ,aAAA,GAAAE,CAAA,OACjCC,CAAC,CAAC,iBAAiB,CAAC,CAACI,OAAO,CAAC,CAAC,CAACP,aAAA,GAAAE,CAAA,OAE/BC,CAAC,CAAC,cAAc,CAAC,CAACU,WAAW,CAAC,WAAW,CAAC,CAACb,aAAA,GAAAE,CAAA,OAE3CC,CAAC,CAAC,aAAa,CAAC,CAACK,QAAQ,CAAC,gBAAgB,CAAC,CAACR,aAAA,GAAAE,CAAA,OAC5CC,CAAC,CAAC,gBAAgB,CAAC,CAACU,WAAW,CAAC,gBAAgB,CAAC,CACrD,CAAC,KAAAb,aAAA,GAAAW,CAAA,UAAD,CACJ,CAAC,CAAC"},"all":true},"C:\\Users\\demon\\Documents\\DVOPS_Projects\\draft7\\restaurant-booking\\public\\instrumented\\js\\booking.js":{"path":"C:\\Users\\demon\\Documents\\DVOPS_Projects\\draft7\\restaurant-booking\\public\\instrumented\\js\\booking.js","statementMap":{"0":{"start":{"line":2,"column":15},"end":{"line":2,"column":112}},"1":{"start":{"line":2,"column":125},"end":{"line":2,"column":167}},"2":{"start":{"line":2,"column":182},"end":{"line":2,"column":211}},"3":{"start":{"line":2,"column":223},"end":{"line":2,"column":237}},"4":{"start":{"line":2,"column":258},"end":{"line":2,"column":7195}},"5":{"start":{"line":2,"column":7212},"end":{"line":2,"column":7245}},"6":{"start":{"line":2,"column":7247},"end":{"line":2,"column":7334}},"7":{"start":{"line":2,"column":7302},"end":{"line":2,"column":7332}},"8":{"start":{"line":2,"column":7356},"end":{"line":2,"column":7370}},"9":{"start":{"line":3,"column":8},"end":{"line":3,"column":64}},"10":{"start":{"line":3,"column":39},"end":{"line":3,"column":61}},"11":{"start":{"line":4,"column":6},"end":{"line":4,"column":28}},"12":{"start":{"line":5,"column":2},"end":{"line":5,"column":19}},"13":{"start":{"line":5,"column":46},"end":{"line":5,"column":70}},"14":{"start":{"line":5,"column":87},"end":{"line":5,"column":114}},"15":{"start":{"line":5,"column":132},"end":{"line":5,"column":177}},"16":{"start":{"line":5,"column":180},"end":{"line":5,"column":204}},"17":{"start":{"line":5,"column":205},"end":{"line":5,"column":248}},"18":{"start":{"line":5,"column":249},"end":{"line":5,"column":273}},"19":{"start":{"line":5,"column":274},"end":{"line":5,"column":335}},"20":{"start":{"line":5,"column":336},"end":{"line":5,"column":360}},"21":{"start":{"line":5,"column":361},"end":{"line":5,"column":1130}},"22":{"start":{"line":5,"column":392},"end":{"line":5,"column":416}},"23":{"start":{"line":5,"column":417},"end":{"line":5,"column":441}},"24":{"start":{"line":5,"column":442},"end":{"line":5,"column":486}},"25":{"start":{"line":5,"column":499},"end":{"line":5,"column":526}},"26":{"start":{"line":5,"column":529},"end":{"line":5,"column":553}},"27":{"start":{"line":5,"column":554},"end":{"line":5,"column":1043}},"28":{"start":{"line":5,"column":568},"end":{"line":5,"column":594}},"29":{"start":{"line":5,"column":625},"end":{"line":5,"column":649}},"30":{"start":{"line":5,"column":650},"end":{"line":5,"column":1041}},"31":{"start":{"line":5,"column":1044},"end":{"line":5,"column":1069}},"32":{"start":{"line":5,"column":1070},"end":{"line":5,"column":1127}},"33":{"start":{"line":5,"column":1131},"end":{"line":5,"column":1156}},"34":{"start":{"line":5,"column":1157},"end":{"line":5,"column":1172}},"35":{"start":{"line":6,"column":4},"end":{"line":6,"column":28}},"36":{"start":{"line":6,"column":45},"end":{"line":6,"column":73}},"37":{"start":{"line":6,"column":92},"end":{"line":6,"column":130}},"38":{"start":{"line":6,"column":133},"end":{"line":6,"column":158}},"39":{"start":{"line":6,"column":159},"end":{"line":6,"column":221}},"40":{"start":{"line":6,"column":222},"end":{"line":6,"column":247}},"41":{"start":{"line":6,"column":248},"end":{"line":6,"column":302}},"42":{"start":{"line":6,"column":303},"end":{"line":6,"column":328}},"43":{"start":{"line":6,"column":329},"end":{"line":6,"column":389}},"44":{"start":{"line":6,"column":390},"end":{"line":6,"column":415}},"45":{"start":{"line":6,"column":416},"end":{"line":6,"column":474}},"46":{"start":{"line":6,"column":475},"end":{"line":6,"column":500}},"47":{"start":{"line":6,"column":501},"end":{"line":6,"column":565}},"48":{"start":{"line":7,"column":4},"end":{"line":7,"column":29}},"49":{"start":{"line":7,"column":30},"end":{"line":7,"column":613}},"50":{"start":{"line":7,"column":313},"end":{"line":7,"column":340}},"51":{"start":{"line":7,"column":341},"end":{"line":7,"column":366}},"52":{"start":{"line":7,"column":367},"end":{"line":7,"column":441}},"53":{"start":{"line":7,"column":442},"end":{"line":7,"column":467}},"54":{"start":{"line":7,"column":468},"end":{"line":7,"column":540}},"55":{"start":{"line":7,"column":541},"end":{"line":7,"column":566}},"56":{"start":{"line":7,"column":567},"end":{"line":7,"column":574}},"57":{"start":{"line":7,"column":584},"end":{"line":7,"column":611}},"58":{"start":{"line":7,"column":629},"end":{"line":7,"column":675}},"59":{"start":{"line":7,"column":678},"end":{"line":7,"column":703}},"60":{"start":{"line":7,"column":704},"end":{"line":7,"column":747}},"61":{"start":{"line":7,"column":748},"end":{"line":7,"column":773}},"62":{"start":{"line":7,"column":774},"end":{"line":7,"column":835}},"63":{"start":{"line":7,"column":836},"end":{"line":7,"column":861}},"64":{"start":{"line":7,"column":862},"end":{"line":7,"column":2119}},"65":{"start":{"line":7,"column":893},"end":{"line":7,"column":917}},"66":{"start":{"line":7,"column":918},"end":{"line":7,"column":943}},"67":{"start":{"line":7,"column":944},"end":{"line":7,"column":988}},"68":{"start":{"line":7,"column":989},"end":{"line":7,"column":1014}},"69":{"start":{"line":7,"column":1015},"end":{"line":7,"column":1037}},"70":{"start":{"line":7,"column":1038},"end":{"line":7,"column":1063}},"71":{"start":{"line":7,"column":1064},"end":{"line":7,"column":2116}},"72":{"start":{"line":7,"column":1101},"end":{"line":7,"column":1128}},"73":{"start":{"line":7,"column":1129},"end":{"line":7,"column":1154}},"74":{"start":{"line":7,"column":1155},"end":{"line":7,"column":1250}},"75":{"start":{"line":7,"column":1251},"end":{"line":7,"column":1276}},"76":{"start":{"line":7,"column":1277},"end":{"line":7,"column":1315}},"77":{"start":{"line":7,"column":1316},"end":{"line":7,"column":1341}},"78":{"start":{"line":7,"column":1342},"end":{"line":7,"column":1415}},"79":{"start":{"line":7,"column":1416},"end":{"line":7,"column":1441}},"80":{"start":{"line":7,"column":1442},"end":{"line":7,"column":1489}},"81":{"start":{"line":7,"column":1490},"end":{"line":7,"column":1515}},"82":{"start":{"line":7,"column":1516},"end":{"line":7,"column":1559}},"83":{"start":{"line":7,"column":1560},"end":{"line":7,"column":1585}},"84":{"start":{"line":7,"column":1586},"end":{"line":7,"column":1632}},"85":{"start":{"line":7,"column":1633},"end":{"line":7,"column":1658}},"86":{"start":{"line":7,"column":1659},"end":{"line":7,"column":1704}},"87":{"start":{"line":7,"column":1705},"end":{"line":7,"column":1730}},"88":{"start":{"line":7,"column":1731},"end":{"line":7,"column":1779}},"89":{"start":{"line":7,"column":1789},"end":{"line":7,"column":1816}},"90":{"start":{"line":7,"column":1817},"end":{"line":7,"column":1842}},"91":{"start":{"line":7,"column":1843},"end":{"line":7,"column":1916}},"92":{"start":{"line":7,"column":1917},"end":{"line":7,"column":1942}},"93":{"start":{"line":7,"column":1943},"end":{"line":7,"column":2015}},"94":{"start":{"line":7,"column":2016},"end":{"line":7,"column":2041}},"95":{"start":{"line":7,"column":2042},"end":{"line":7,"column":2114}},"96":{"start":{"line":7,"column":2120},"end":{"line":7,"column":2145}},"97":{"start":{"line":7,"column":2146},"end":{"line":7,"column":2185}},"98":{"start":{"line":8,"column":39},"end":{"line":8,"column":63}},"99":{"start":{"line":8,"column":80},"end":{"line":8,"column":108}},"100":{"start":{"line":8,"column":126},"end":{"line":8,"column":172}},"101":{"start":{"line":8,"column":175},"end":{"line":8,"column":200}},"102":{"start":{"line":8,"column":201},"end":{"line":8,"column":263}},"103":{"start":{"line":8,"column":264},"end":{"line":8,"column":289}},"104":{"start":{"line":8,"column":290},"end":{"line":8,"column":351}},"105":{"start":{"line":8,"column":352},"end":{"line":8,"column":377}},"106":{"start":{"line":8,"column":378},"end":{"line":8,"column":788}},"107":{"start":{"line":8,"column":409},"end":{"line":8,"column":433}},"108":{"start":{"line":8,"column":434},"end":{"line":8,"column":459}},"109":{"start":{"line":8,"column":460},"end":{"line":8,"column":504}},"110":{"start":{"line":8,"column":505},"end":{"line":8,"column":530}},"111":{"start":{"line":8,"column":531},"end":{"line":8,"column":785}},"112":{"start":{"line":8,"column":591},"end":{"line":8,"column":618}},"113":{"start":{"line":8,"column":619},"end":{"line":8,"column":644}},"114":{"start":{"line":8,"column":645},"end":{"line":8,"column":683}},"115":{"start":{"line":8,"column":693},"end":{"line":8,"column":720}},"116":{"start":{"line":8,"column":721},"end":{"line":8,"column":746}},"117":{"start":{"line":8,"column":747},"end":{"line":8,"column":783}},"118":{"start":{"line":8,"column":789},"end":{"line":8,"column":814}},"119":{"start":{"line":8,"column":815},"end":{"line":8,"column":830}}},"fnMap":{"0":{"name":"cov_29sm0ak1uq","decl":{"start":{"line":1,"column":9},"end":{"line":1,"column":23}},"loc":{"start":{"line":1,"column":26},"end":{"line":5,"column":1}},"line":1},"1":{"name":"(anonymous_1)","decl":{"start":{"line":3,"column":25},"end":{"line":3,"column":26}},"loc":{"start":{"line":3,"column":37},"end":{"line":3,"column":63}},"line":3},"2":{"name":"viewBookings","decl":{"start":{"line":5,"column":29},"end":{"line":5,"column":41}},"loc":{"start":{"line":5,"column":44},"end":{"line":5,"column":1174}},"line":5},"3":{"name":"(anonymous_3)","decl":{"start":{"line":5,"column":378},"end":{"line":5,"column":379}},"loc":{"start":{"line":5,"column":390},"end":{"line":5,"column":1129}},"line":5},"4":{"name":"addBooking","decl":{"start":{"line":5,"column":1184},"end":{"line":5,"column":1194}},"loc":{"start":{"line":5,"column":1197},"end":{"line":8,"column":1}},"line":5},"5":{"name":"(anonymous_5)","decl":{"start":{"line":7,"column":879},"end":{"line":7,"column":880}},"loc":{"start":{"line":7,"column":891},"end":{"line":7,"column":2118}},"line":7},"6":{"name":"deleteBooking","decl":{"start":{"line":8,"column":11},"end":{"line":8,"column":24}},"loc":{"start":{"line":8,"column":37},"end":{"line":8,"column":832}},"line":8},"7":{"name":"(anonymous_7)","decl":{"start":{"line":8,"column":395},"end":{"line":8,"column":396}},"loc":{"start":{"line":8,"column":407},"end":{"line":8,"column":787}},"line":8}},"branchMap":{"0":{"loc":{"start":{"line":2,"column":7212},"end":{"line":2,"column":7245}},"type":"binary-expr","locations":[{"start":{"line":2,"column":7212},"end":{"line":2,"column":7223}},{"start":{"line":2,"column":7228},"end":{"line":2,"column":7244}}],"line":2},"1":{"loc":{"start":{"line":2,"column":7247},"end":{"line":2,"column":7334}},"type":"if","locations":[{"start":{"line":2,"column":7247},"end":{"line":2,"column":7334}},{"start":{"line":2,"column":7247},"end":{"line":2,"column":7334}}],"line":2},"2":{"loc":{"start":{"line":2,"column":7251},"end":{"line":2,"column":7298}},"type":"binary-expr","locations":[{"start":{"line":2,"column":7251},"end":{"line":2,"column":7266}},{"start":{"line":2,"column":7270},"end":{"line":2,"column":7298}}],"line":2},"3":{"loc":{"start":{"line":7,"column":30},"end":{"line":7,"column":613}},"type":"if","locations":[{"start":{"line":7,"column":30},"end":{"line":7,"column":613}},{"start":{"line":7,"column":30},"end":{"line":7,"column":613}}],"line":7},"4":{"loc":{"start":{"line":7,"column":34},"end":{"line":7,"column":309}},"type":"binary-expr","locations":[{"start":{"line":7,"column":35},"end":{"line":7,"column":86}},{"start":{"line":7,"column":92},"end":{"line":7,"column":139}},{"start":{"line":7,"column":145},"end":{"line":7,"column":195}},{"start":{"line":7,"column":201},"end":{"line":7,"column":250}},{"start":{"line":7,"column":256},"end":{"line":7,"column":308}}],"line":7},"5":{"loc":{"start":{"line":7,"column":1064},"end":{"line":7,"column":2116}},"type":"if","locations":[{"start":{"line":7,"column":1064},"end":{"line":7,"column":2116}},{"start":{"line":7,"column":1064},"end":{"line":7,"column":2116}}],"line":7},"6":{"loc":{"start":{"line":8,"column":531},"end":{"line":8,"column":785}},"type":"if","locations":[{"start":{"line":8,"column":531},"end":{"line":8,"column":785}},{"start":{"line":8,"column":531},"end":{"line":8,"column":785}}],"line":8}},"s":{"0":0,"1":0,"2":0,"3":0,"4":0,"5":0,"6":0,"7":0,"8":0,"9":0,"10":0,"11":0,"12":0,"13":0,"14":0,"15":0,"16":0,"17":0,"18":0,"19":0,"20":0,"21":0,"22":0,"23":0,"24":0,"25":0,"26":0,"27":0,"28":0,"29":0,"30":0,"31":0,"32":0,"33":0,"34":0,"35":0,"36":0,"37":0,"38":0,"39":0,"40":0,"41":0,"42":0,"43":0,"44":0,"45":0,"46":0,"47":0,"48":0,"49":0,"50":0,"51":0,"52":0,"53":0,"54":0,"55":0,"56":0,"57":0,"58":0,"59":0,"60":0,"61":0,"62":0,"63":0,"64":0,"65":0,"66":0,"67":0,"68":0,"69":0,"70":0,"71":0,"72":0,"73":0,"74":0,"75":0,"76":0,"77":0,"78":0,"79":0,"80":0,"81":0,"82":0,"83":0,"84":0,"85":0,"86":0,"87":0,"88":0,"89":0,"90":0,"91":0,"92":0,"93":0,"94":0,"95":0,"96":0,"97":0,"98":0,"99":0,"100":0,"101":0,"102":0,"103":0,"104":0,"105":0,"106":0,"107":0,"108":0,"109":0,"110":0,"111":0,"112":0,"113":0,"114":0,"115":0,"116":0,"117":0,"118":0,"119":0},"f":{"0":0,"1":0,"2":0,"3":0,"4":0,"5":0,"6":0,"7":0},"b":{"0":[0,0],"1":[0,0],"2":[0,0],"3":[0,0],"4":[0,0,0,0,0],"5":[0,0],"6":[0,0]},"inputSourceMap":{"version":3,"names":["cov_29sm0ak1uq","actualCoverage","viewBookings","f","response","s","request","XMLHttpRequest","open","setRequestHeader","onload","JSON","parse","responseText","html","i","length","username","rest","contact","people","book_date","id","document","getElementById","innerHTML","send","addBooking","jsonData","Object","value","b","setAttribute","console","log","message","undefined","window","location","href","stringify","deleteBooking","selectedId","alert"],"sources":["booking.js"],"sourcesContent":["function viewBookings() {\r\n  var response = \"\";\r\n  var request = new XMLHttpRequest();\r\n  request.open(\"GET\", \"/view-booking\", true);\r\n  request.setRequestHeader(\"Content-Type\", \"application/json\");\r\n  request.onload = function () {\r\n    response = JSON.parse(request.responseText);\r\n    var html = \"\";\r\n    for (var i = 0; i < response.length; i++) {\r\n      html +=\r\n        \"<tr>\" +\r\n        \"<td>\" +\r\n        (i + 1) +\r\n        \"</td>\" +\r\n        \"<td>\" +\r\n        response[i].username +\r\n        \"</td>\" +\r\n        \"<td>\" +\r\n        response[i].rest +\r\n        \"</td>\" +\r\n        \"<td>\" +\r\n        response[i].contact +\r\n        \"</td>\" +\r\n        \"<td>\" +\r\n        response[i].people +\r\n        \"</td>\" +\r\n        \"<td>\" +\r\n        response[i].book_date +\r\n        \"</td>\" +\r\n        \"<td>\" +\r\n        '<button type=\"button\" class=\"btn btn-danger\" onclick=\"deleteBooking(' +\r\n        response[i].id +\r\n        ')\"> Delete</button>' +\r\n        \"</td>\" +\r\n        \"</tr>\";\r\n    }\r\n    document.getElementById(\"tableContent\").innerHTML = html;\r\n  };\r\n  request.send();\r\n}\r\nfunction addBooking() {\r\n  var response = \"\";\r\n  var jsonData = new Object();\r\n  jsonData.username = document.getElementById(\"username\").value;\r\n  jsonData.rest = document.getElementById(\"rest\").value;\r\n  jsonData.contact = document.getElementById(\"contact\").value;\r\n  jsonData.people = document.getElementById(\"people\").value;\r\n  jsonData.book_date = document.getElementById(\"book_date\").value;\r\n  //jsonData.owner = sessionStorage.getItem(\"email\");\r\n  if (\r\n    jsonData.username == \"\" ||\r\n    jsonData.rest == \"\" ||\r\n    jsonData.contact == \"\" ||\r\n    jsonData.people == \"\" ||\r\n    jsonData.book_date == \"\" \r\n  ) {\r\n    document.getElementById(\"message\").innerHTML = \"All fields are required!\";\r\n    document.getElementById(\"message\").setAttribute(\"class\", \"text-danger\");\r\n    return;\r\n  }\r\n  var request = new XMLHttpRequest();\r\n  request.open(\"POST\", \"/add-booking\", true);\r\n  request.setRequestHeader(\"Content-Type\", \"application/json\");\r\n  request.onload = function () {\r\n    response = JSON.parse(request.responseText);\r\n    console.log(response);\r\n    if (response.message == undefined) {\r\n      document.getElementById(\"message\").innerHTML =\r\n        \"Added a new Booking at \" + jsonData.rest + \"!\";\r\n        window.location.href = 'booking.html';\r\n      document.getElementById(\"message\").setAttribute(\"class\", \"text-success\");\r\n      document.getElementById(\"username\").value = \"\";\r\n      document.getElementById(\"rest\").value = \"\";\r\n      document.getElementById(\"contact\").value = \"\";\r\n      document.getElementById(\"people\").value = \"\";\r\n      document.getElementById(\"book_date\").value = \"\";\r\n    } else {\r\n      document.getElementById(\"message\").innerHTML = \"Unable to add resource!\";\r\n      document.getElementById(\"message\").setAttribute(\"class\", \"text-danger\");\r\n      document.getElementById(\"message\").setAttribute(\"class\", \"text-danger\");\r\n    }\r\n  };\r\n  request.send(JSON.stringify(jsonData));\r\n}\r\nfunction deleteBooking(selectedId) {\r\n    var response = \"\";\r\n    var request = new XMLHttpRequest();\r\n    request.open(\"DELETE\", \"/delete-booking/\" + selectedId, true);\r\n    request.setRequestHeader('Content-Type', 'application/json');\r\n    request.onload = function () {\r\n    response = JSON.parse(request.responseText);\r\n    if (response.message == \"Resource deleted successfully!\") {\r\n    window.location.href = 'booking.html';\r\n    }\r\n    else {\r\n    alert('Unable to delete resource!');\r\n    }\r\n    };\r\n    request.send();\r\n}\r\n"],"mappings":"qqLAeY;AAAAA,cAAA,SAAAA,CAAA,SAAAC,cAAA,WAAAA,cAAA,EAAAD,cAAA,GAfZ,QAAS,CAAAE,YAAYA,CAAA,CAAG,CAAAF,cAAA,GAAAG,CAAA,MACtB,GAAI,CAAAC,QAAQ,EAAAJ,cAAA,GAAAK,CAAA,MAAG,EAAE,EACjB,GAAI,CAAAC,OAAO,EAAAN,cAAA,GAAAK,CAAA,MAAG,GAAI,CAAAE,cAAc,CAAC,CAAC,EAACP,cAAA,GAAAK,CAAA,MACnCC,OAAO,CAACE,IAAI,CAAC,KAAK,CAAE,eAAe,CAAE,IAAI,CAAC,CAACR,cAAA,GAAAK,CAAA,MAC3CC,OAAO,CAACG,gBAAgB,CAAC,cAAc,CAAE,kBAAkB,CAAC,CAACT,cAAA,GAAAK,CAAA,MAC7DC,OAAO,CAACI,MAAM,CAAG,UAAY,CAAAV,cAAA,GAAAG,CAAA,MAAAH,cAAA,GAAAK,CAAA,MAC3BD,QAAQ,CAAGO,IAAI,CAACC,KAAK,CAACN,OAAO,CAACO,YAAY,CAAC,CAC3C,GAAI,CAAAC,IAAI,EAAAd,cAAA,GAAAK,CAAA,MAAG,EAAE,EAACL,cAAA,GAAAK,CAAA,MACd,IAAK,GAAI,CAAAU,CAAC,EAAAf,cAAA,GAAAK,CAAA,MAAG,CAAC,EAAEU,CAAC,CAAGX,QAAQ,CAACY,MAAM,CAAED,CAAC,EAAE,CAAE,CAAAf,cAAA,GAAAK,CAAA,MACxCS,IAAI,EACF,MAAM,CACN,MAAM,EACLC,CAAC,CAAG,CAAC,CAAC,CACP,OAAO,CACP,MAAM,CACNX,QAAQ,CAACW,CAAC,CAAC,CAACE,QAAQ,CACpB,OAAO,CACP,MAAM,CACNb,QAAQ,CAACW,CAAC,CAAC,CAACG,IAAI,CAChB,OAAO,CACP,MAAM,CACNd,QAAQ,CAACW,CAAC,CAAC,CAACI,OAAO,CACnB,OAAO,CACP,MAAM,CACNf,QAAQ,CAACW,CAAC,CAAC,CAACK,MAAM,CAClB,OAAO,CACP,MAAM,CACNhB,QAAQ,CAACW,CAAC,CAAC,CAACM,SAAS,CACrB,OAAO,CACP,MAAM,CACN,sEAAsE,CACtEjB,QAAQ,CAACW,CAAC,CAAC,CAACO,EAAE,CACd,qBAAqB,CACrB,OAAO,CACP,OAAO,CACX,CAACtB,cAAA,GAAAK,CAAA,OACDkB,QAAQ,CAACC,cAAc,CAAC,cAAc,CAAC,CAACC,SAAS,CAAGX,IAAI,CAC1D,CAAC,CAACd,cAAA,GAAAK,CAAA,OACFC,OAAO,CAACoB,IAAI,CAAC,CAAC,CAChB,CACA,QAAS,CAAAC,UAAUA,CAAA,CAAG,CAAA3B,cAAA,GAAAG,CAAA,MACpB,GAAI,CAAAC,QAAQ,EAAAJ,cAAA,GAAAK,CAAA,OAAG,EAAE,EACjB,GAAI,CAAAuB,QAAQ,EAAA5B,cAAA,GAAAK,CAAA,OAAG,GAAI,CAAAwB,MAAM,CAAC,CAAC,EAAC7B,cAAA,GAAAK,CAAA,OAC5BuB,QAAQ,CAACX,QAAQ,CAAGM,QAAQ,CAACC,cAAc,CAAC,UAAU,CAAC,CAACM,KAAK,CAAC9B,cAAA,GAAAK,CAAA,OAC9DuB,QAAQ,CAACV,IAAI,CAAGK,QAAQ,CAACC,cAAc,CAAC,MAAM,CAAC,CAACM,KAAK,CAAC9B,cAAA,GAAAK,CAAA,OACtDuB,QAAQ,CAACT,OAAO,CAAGI,QAAQ,CAACC,cAAc,CAAC,SAAS,CAAC,CAACM,KAAK,CAAC9B,cAAA,GAAAK,CAAA,OAC5DuB,QAAQ,CAACR,MAAM,CAAGG,QAAQ,CAACC,cAAc,CAAC,QAAQ,CAAC,CAACM,KAAK,CAAC9B,cAAA,GAAAK,CAAA,OAC1DuB,QAAQ,CAACP,SAAS,CAAGE,QAAQ,CAACC,cAAc,CAAC,WAAW,CAAC,CAACM,KAAK,CAC/D;AAAA9B,cAAA,GAAAK,CAAA,OACA,GACE,CAAAL,cAAA,GAAA+B,CAAA,SAAAH,QAAQ,CAACX,QAAQ,EAAI,EAAE,IAAAjB,cAAA,GAAA+B,CAAA,SACvBH,QAAQ,CAACV,IAAI,EAAI,EAAE,IAAAlB,cAAA,GAAA+B,CAAA,SACnBH,QAAQ,CAACT,OAAO,EAAI,EAAE,IAAAnB,cAAA,GAAA+B,CAAA,SACtBH,QAAQ,CAACR,MAAM,EAAI,EAAE,IAAApB,cAAA,GAAA+B,CAAA,SACrBH,QAAQ,CAACP,SAAS,EAAI,EAAE,EACxB,CAAArB,cAAA,GAAA+B,CAAA,SAAA/B,cAAA,GAAAK,CAAA,OACAkB,QAAQ,CAACC,cAAc,CAAC,SAAS,CAAC,CAACC,SAAS,CAAG,0BAA0B,CAACzB,cAAA,GAAAK,CAAA,OAC1EkB,QAAQ,CAACC,cAAc,CAAC,SAAS,CAAC,CAACQ,YAAY,CAAC,OAAO,CAAE,aAAa,CAAC,CAAChC,cAAA,GAAAK,CAAA,OACxE,OACF,CAAC,KAAAL,cAAA,GAAA+B,CAAA,UACD,GAAI,CAAAzB,OAAO,EAAAN,cAAA,GAAAK,CAAA,OAAG,GAAI,CAAAE,cAAc,CAAC,CAAC,EAACP,cAAA,GAAAK,CAAA,OACnCC,OAAO,CAACE,IAAI,CAAC,MAAM,CAAE,cAAc,CAAE,IAAI,CAAC,CAACR,cAAA,GAAAK,CAAA,OAC3CC,OAAO,CAACG,gBAAgB,CAAC,cAAc,CAAE,kBAAkB,CAAC,CAACT,cAAA,GAAAK,CAAA,OAC7DC,OAAO,CAACI,MAAM,CAAG,UAAY,CAAAV,cAAA,GAAAG,CAAA,MAAAH,cAAA,GAAAK,CAAA,OAC3BD,QAAQ,CAAGO,IAAI,CAACC,KAAK,CAACN,OAAO,CAACO,YAAY,CAAC,CAACb,cAAA,GAAAK,CAAA,OAC5C4B,OAAO,CAACC,GAAG,CAAC9B,QAAQ,CAAC,CAACJ,cAAA,GAAAK,CAAA,OACtB,GAAID,QAAQ,CAAC+B,OAAO,EAAIC,SAAS,CAAE,CAAApC,cAAA,GAAA+B,CAAA,SAAA/B,cAAA,GAAAK,CAAA,OACjCkB,QAAQ,CAACC,cAAc,CAAC,SAAS,CAAC,CAACC,SAAS,CAC1C,yBAAyB,CAAGG,QAAQ,CAACV,IAAI,CAAG,GAAG,CAAClB,cAAA,GAAAK,CAAA,OAChDgC,MAAM,CAACC,QAAQ,CAACC,IAAI,CAAG,cAAc,CAACvC,cAAA,GAAAK,CAAA,OACxCkB,QAAQ,CAACC,cAAc,CAAC,SAAS,CAAC,CAACQ,YAAY,CAAC,OAAO,CAAE,cAAc,CAAC,CAAChC,cAAA,GAAAK,CAAA,OACzEkB,QAAQ,CAACC,cAAc,CAAC,UAAU,CAAC,CAACM,KAAK,CAAG,EAAE,CAAC9B,cAAA,GAAAK,CAAA,OAC/CkB,QAAQ,CAACC,cAAc,CAAC,MAAM,CAAC,CAACM,KAAK,CAAG,EAAE,CAAC9B,cAAA,GAAAK,CAAA,OAC3CkB,QAAQ,CAACC,cAAc,CAAC,SAAS,CAAC,CAACM,KAAK,CAAG,EAAE,CAAC9B,cAAA,GAAAK,CAAA,OAC9CkB,QAAQ,CAACC,cAAc,CAAC,QAAQ,CAAC,CAACM,KAAK,CAAG,EAAE,CAAC9B,cAAA,GAAAK,CAAA,OAC7CkB,QAAQ,CAACC,cAAc,CAAC,WAAW,CAAC,CAACM,KAAK,CAAG,EAAE,CACjD,CAAC,IAAM,CAAA9B,cAAA,GAAA+B,CAAA,SAAA/B,cAAA,GAAAK,CAAA,OACLkB,QAAQ,CAACC,cAAc,CAAC,SAAS,CAAC,CAACC,SAAS,CAAG,yBAAyB,CAACzB,cAAA,GAAAK,CAAA,OACzEkB,QAAQ,CAACC,cAAc,CAAC,SAAS,CAAC,CAACQ,YAAY,CAAC,OAAO,CAAE,aAAa,CAAC,CAAChC,cAAA,GAAAK,CAAA,OACxEkB,QAAQ,CAACC,cAAc,CAAC,SAAS,CAAC,CAACQ,YAAY,CAAC,OAAO,CAAE,aAAa,CAAC,CACzE,CACF,CAAC,CAAChC,cAAA,GAAAK,CAAA,OACFC,OAAO,CAACoB,IAAI,CAACf,IAAI,CAAC6B,SAAS,CAACZ,QAAQ,CAAC,CAAC,CACxC,CACA,QAAS,CAAAa,aAAaA,CAACC,UAAU,CAAE,CAAA1C,cAAA,GAAAG,CAAA,MAC/B,GAAI,CAAAC,QAAQ,EAAAJ,cAAA,GAAAK,CAAA,OAAG,EAAE,EACjB,GAAI,CAAAC,OAAO,EAAAN,cAAA,GAAAK,CAAA,OAAG,GAAI,CAAAE,cAAc,CAAC,CAAC,EAACP,cAAA,GAAAK,CAAA,OACnCC,OAAO,CAACE,IAAI,CAAC,QAAQ,CAAE,kBAAkB,CAAGkC,UAAU,CAAE,IAAI,CAAC,CAAC1C,cAAA,GAAAK,CAAA,OAC9DC,OAAO,CAACG,gBAAgB,CAAC,cAAc,CAAE,kBAAkB,CAAC,CAACT,cAAA,GAAAK,CAAA,OAC7DC,OAAO,CAACI,MAAM,CAAG,UAAY,CAAAV,cAAA,GAAAG,CAAA,MAAAH,cAAA,GAAAK,CAAA,OAC7BD,QAAQ,CAAGO,IAAI,CAACC,KAAK,CAACN,OAAO,CAACO,YAAY,CAAC,CAACb,cAAA,GAAAK,CAAA,OAC5C,GAAID,QAAQ,CAAC+B,OAAO,EAAI,gCAAgC,CAAE,CAAAnC,cAAA,GAAA+B,CAAA,SAAA/B,cAAA,GAAAK,CAAA,OAC1DgC,MAAM,CAACC,QAAQ,CAACC,IAAI,CAAG,cAAc,CACrC,CAAC,IACI,CAAAvC,cAAA,GAAA+B,CAAA,SAAA/B,cAAA,GAAAK,CAAA,OACLsC,KAAK,CAAC,4BAA4B,CAAC,CACnC,CACA,CAAC,CAAC3C,cAAA,GAAAK,CAAA,OACFC,OAAO,CAACoB,IAAI,CAAC,CAAC,CAClB"},"all":true},"C:\\Users\\demon\\Documents\\DVOPS_Projects\\draft7\\restaurant-booking\\public\\instrumented\\js\\restaurant.js":{"path":"C:\\Users\\demon\\Documents\\DVOPS_Projects\\draft7\\restaurant-booking\\public\\instrumented\\js\\restaurant.js","statementMap":{"0":{"start":{"line":2,"column":15},"end":{"line":2,"column":115}},"1":{"start":{"line":2,"column":128},"end":{"line":2,"column":170}},"2":{"start":{"line":2,"column":185},"end":{"line":2,"column":214}},"3":{"start":{"line":2,"column":226},"end":{"line":2,"column":240}},"4":{"start":{"line":2,"column":261},"end":{"line":2,"column":6165}},"5":{"start":{"line":2,"column":6182},"end":{"line":2,"column":6215}},"6":{"start":{"line":2,"column":6217},"end":{"line":2,"column":6304}},"7":{"start":{"line":2,"column":6272},"end":{"line":2,"column":6302}},"8":{"start":{"line":2,"column":6326},"end":{"line":2,"column":6340}},"9":{"start":{"line":3,"column":8},"end":{"line":3,"column":64}},"10":{"start":{"line":3,"column":39},"end":{"line":3,"column":61}},"11":{"start":{"line":4,"column":6},"end":{"line":4,"column":28}},"12":{"start":{"line":5,"column":2},"end":{"line":5,"column":19}},"13":{"start":{"line":6,"column":4},"end":{"line":6,"column":28}},"14":{"start":{"line":6,"column":29},"end":{"line":6,"column":53}},"15":{"start":{"line":6,"column":54},"end":{"line":6,"column":74}},"16":{"start":{"line":6,"column":90},"end":{"line":6,"column":135}},"17":{"start":{"line":6,"column":138},"end":{"line":6,"column":162}},"18":{"start":{"line":6,"column":163},"end":{"line":6,"column":204}},"19":{"start":{"line":6,"column":205},"end":{"line":6,"column":229}},"20":{"start":{"line":6,"column":230},"end":{"line":6,"column":290}},"21":{"start":{"line":7,"column":4},"end":{"line":7,"column":28}},"22":{"start":{"line":7,"column":29},"end":{"line":16,"column":6}},"23":{"start":{"line":8,"column":8},"end":{"line":8,"column":32}},"24":{"start":{"line":8,"column":33},"end":{"line":8,"column":57}},"25":{"start":{"line":9,"column":8},"end":{"line":9,"column":60}},"26":{"start":{"line":11,"column":8},"end":{"line":11,"column":32}},"27":{"start":{"line":11,"column":33},"end":{"line":11,"column":63}},"28":{"start":{"line":15,"column":8},"end":{"line":15,"column":32}},"29":{"start":{"line":15,"column":33},"end":{"line":15,"column":54}},"30":{"start":{"line":17,"column":4},"end":{"line":17,"column":28}},"31":{"start":{"line":17,"column":29},"end":{"line":17,"column":44}},"32":{"start":{"line":19,"column":4},"end":{"line":19,"column":28}},"33":{"start":{"line":19,"column":42},"end":{"line":19,"column":113}},"34":{"start":{"line":19,"column":116},"end":{"line":19,"column":141}},"35":{"start":{"line":19,"column":142},"end":{"line":19,"column":163}},"36":{"start":{"line":19,"column":164},"end":{"line":19,"column":189}},"37":{"start":{"line":19,"column":190},"end":{"line":19,"column":233}},"38":{"start":{"line":19,"column":234},"end":{"line":19,"column":259}},"39":{"start":{"line":19,"column":260},"end":{"line":24,"column":5}},"40":{"start":{"line":19,"column":278},"end":{"line":19,"column":305}},"41":{"start":{"line":20,"column":25},"end":{"line":20,"column":80}},"42":{"start":{"line":20,"column":96},"end":{"line":20,"column":160}},"43":{"start":{"line":20,"column":180},"end":{"line":20,"column":239}},"44":{"start":{"line":20,"column":256},"end":{"line":20,"column":312}},"45":{"start":{"line":20,"column":335},"end":{"line":20,"column":390}},"46":{"start":{"line":22,"column":20},"end":{"line":22,"column":1067}},"47":{"start":{"line":23,"column":8},"end":{"line":23,"column":33}},"48":{"start":{"line":23,"column":34},"end":{"line":23,"column":78}},"49":{"start":{"line":25,"column":22},"end":{"line":25,"column":49}},"50":{"start":{"line":26,"column":4},"end":{"line":26,"column":28}},"51":{"start":{"line":26,"column":53},"end":{"line":26,"column":95}},"52":{"start":{"line":26,"column":98},"end":{"line":26,"column":123}},"53":{"start":{"line":26,"column":124},"end":{"line":26,"column":154}},"54":{"start":{"line":26,"column":155},"end":{"line":26,"column":180}},"55":{"start":{"line":26,"column":181},"end":{"line":26,"column":267}},"56":{"start":{"line":26,"column":268},"end":{"line":26,"column":293}},"57":{"start":{"line":26,"column":294},"end":{"line":26,"column":374}},"58":{"start":{"line":26,"column":375},"end":{"line":26,"column":400}},"59":{"start":{"line":26,"column":401},"end":{"line":26,"column":487}},"60":{"start":{"line":26,"column":488},"end":{"line":26,"column":513}},"61":{"start":{"line":26,"column":514},"end":{"line":26,"column":584}},"62":{"start":{"line":26,"column":585},"end":{"line":26,"column":610}},"63":{"start":{"line":26,"column":611},"end":{"line":26,"column":673}},"64":{"start":{"line":27,"column":4},"end":{"line":27,"column":29}},"65":{"start":{"line":27,"column":30},"end":{"line":27,"column":106}},"66":{"start":{"line":27,"column":107},"end":{"line":27,"column":132}},"67":{"start":{"line":27,"column":133},"end":{"line":27,"column":209}},"68":{"start":{"line":27,"column":210},"end":{"line":27,"column":235}},"69":{"start":{"line":27,"column":236},"end":{"line":27,"column":272}},"70":{"start":{"line":27,"column":273},"end":{"line":27,"column":298}},"71":{"start":{"line":27,"column":299},"end":{"line":27,"column":334}},"72":{"start":{"line":27,"column":335},"end":{"line":27,"column":360}},"73":{"start":{"line":27,"column":361},"end":{"line":27,"column":398}},"74":{"start":{"line":29,"column":4},"end":{"line":29,"column":28}},"75":{"start":{"line":30,"column":19},"end":{"line":30,"column":65}},"76":{"start":{"line":30,"column":68},"end":{"line":30,"column":93}},"77":{"start":{"line":30,"column":94},"end":{"line":30,"column":132}},"78":{"start":{"line":30,"column":133},"end":{"line":30,"column":158}},"79":{"start":{"line":30,"column":159},"end":{"line":30,"column":218}},"80":{"start":{"line":30,"column":219},"end":{"line":30,"column":244}},"81":{"start":{"line":30,"column":245},"end":{"line":30,"column":1405}},"82":{"start":{"line":30,"column":276},"end":{"line":30,"column":300}},"83":{"start":{"line":30,"column":301},"end":{"line":30,"column":326}},"84":{"start":{"line":30,"column":327},"end":{"line":30,"column":1402}},"85":{"start":{"line":30,"column":357},"end":{"line":30,"column":384}},"86":{"start":{"line":30,"column":401},"end":{"line":30,"column":459}},"87":{"start":{"line":30,"column":462},"end":{"line":30,"column":487}},"88":{"start":{"line":30,"column":488},"end":{"line":30,"column":510}},"89":{"start":{"line":30,"column":511},"end":{"line":30,"column":536}},"90":{"start":{"line":30,"column":537},"end":{"line":30,"column":615}},"91":{"start":{"line":30,"column":616},"end":{"line":30,"column":641}},"92":{"start":{"line":30,"column":642},"end":{"line":30,"column":714}},"93":{"start":{"line":30,"column":715},"end":{"line":30,"column":740}},"94":{"start":{"line":30,"column":741},"end":{"line":30,"column":819}},"95":{"start":{"line":30,"column":820},"end":{"line":30,"column":845}},"96":{"start":{"line":30,"column":846},"end":{"line":30,"column":908}},"97":{"start":{"line":30,"column":909},"end":{"line":30,"column":934}},"98":{"start":{"line":30,"column":935},"end":{"line":30,"column":995}},"99":{"start":{"line":30,"column":996},"end":{"line":30,"column":1021}},"100":{"start":{"line":30,"column":1022},"end":{"line":30,"column":1084}},"101":{"start":{"line":30,"column":1085},"end":{"line":30,"column":1110}},"102":{"start":{"line":30,"column":1111},"end":{"line":30,"column":1179}},"103":{"start":{"line":30,"column":1180},"end":{"line":30,"column":1205}},"104":{"start":{"line":30,"column":1206},"end":{"line":30,"column":1274}},"105":{"start":{"line":30,"column":1275},"end":{"line":30,"column":1300}},"106":{"start":{"line":30,"column":1301},"end":{"line":30,"column":1363}},"107":{"start":{"line":30,"column":1373},"end":{"line":30,"column":1400}},"108":{"start":{"line":30,"column":1406},"end":{"line":30,"column":1431}},"109":{"start":{"line":30,"column":1432},"end":{"line":30,"column":1447}}},"fnMap":{"0":{"name":"cov_2pcty1vmn0","decl":{"start":{"line":1,"column":9},"end":{"line":1,"column":23}},"loc":{"start":{"line":1,"column":26},"end":{"line":5,"column":1}},"line":1},"1":{"name":"(anonymous_1)","decl":{"start":{"line":3,"column":25},"end":{"line":3,"column":26}},"loc":{"start":{"line":3,"column":37},"end":{"line":3,"column":63}},"line":3},"2":{"name":"getRestaurantData","decl":{"start":{"line":5,"column":29},"end":{"line":5,"column":46}},"loc":{"start":{"line":5,"column":49},"end":{"line":18,"column":1}},"line":5},"3":{"name":"(anonymous_3)","decl":{"start":{"line":7,"column":46},"end":{"line":7,"column":47}},"loc":{"start":{"line":7,"column":58},"end":{"line":16,"column":5}},"line":7},"4":{"name":"displayRestaurants","decl":{"start":{"line":18,"column":11},"end":{"line":18,"column":29}},"loc":{"start":{"line":18,"column":32},"end":{"line":25,"column":1}},"line":18},"5":{"name":"viewOneRest","decl":{"start":{"line":25,"column":61},"end":{"line":25,"column":72}},"loc":{"start":{"line":25,"column":79},"end":{"line":28,"column":1}},"line":25},"6":{"name":"getRestaurantsByName","decl":{"start":{"line":28,"column":11},"end":{"line":28,"column":31}},"loc":{"start":{"line":28,"column":48},"end":{"line":31,"column":1}},"line":28},"7":{"name":"(anonymous_7)","decl":{"start":{"line":30,"column":262},"end":{"line":30,"column":263}},"loc":{"start":{"line":30,"column":274},"end":{"line":30,"column":1404}},"line":30}},"branchMap":{"0":{"loc":{"start":{"line":2,"column":6182},"end":{"line":2,"column":6215}},"type":"binary-expr","locations":[{"start":{"line":2,"column":6182},"end":{"line":2,"column":6193}},{"start":{"line":2,"column":6198},"end":{"line":2,"column":6214}}],"line":2},"1":{"loc":{"start":{"line":2,"column":6217},"end":{"line":2,"column":6304}},"type":"if","locations":[{"start":{"line":2,"column":6217},"end":{"line":2,"column":6304}},{"start":{"line":2,"column":6217},"end":{"line":2,"column":6304}}],"line":2},"2":{"loc":{"start":{"line":2,"column":6221},"end":{"line":2,"column":6268}},"type":"binary-expr","locations":[{"start":{"line":2,"column":6221},"end":{"line":2,"column":6236}},{"start":{"line":2,"column":6240},"end":{"line":2,"column":6268}}],"line":2},"3":{"loc":{"start":{"line":30,"column":327},"end":{"line":30,"column":1402}},"type":"if","locations":[{"start":{"line":30,"column":327},"end":{"line":30,"column":1402}},{"start":{"line":30,"column":327},"end":{"line":30,"column":1402}}],"line":30}},"s":{"0":0,"1":0,"2":0,"3":0,"4":0,"5":0,"6":0,"7":0,"8":0,"9":0,"10":0,"11":0,"12":0,"13":0,"14":0,"15":0,"16":0,"17":0,"18":0,"19":0,"20":0,"21":0,"22":0,"23":0,"24":0,"25":0,"26":0,"27":0,"28":0,"29":0,"30":0,"31":0,"32":0,"33":0,"34":0,"35":0,"36":0,"37":0,"38":0,"39":0,"40":0,"41":0,"42":0,"43":0,"44":0,"45":0,"46":0,"47":0,"48":0,"49":0,"50":0,"51":0,"52":0,"53":0,"54":0,"55":0,"56":0,"57":0,"58":0,"59":0,"60":0,"61":0,"62":0,"63":0,"64":0,"65":0,"66":0,"67":0,"68":0,"69":0,"70":0,"71":0,"72":0,"73":0,"74":0,"75":0,"76":0,"77":0,"78":0,"79":0,"80":0,"81":0,"82":0,"83":0,"84":0,"85":0,"86":0,"87":0,"88":0,"89":0,"90":0,"91":0,"92":0,"93":0,"94":0,"95":0,"96":0,"97":0,"98":0,"99":0,"100":0,"101":0,"102":0,"103":0,"104":0,"105":0,"106":0,"107":0,"108":0,"109":0},"f":{"0":0,"1":0,"2":0,"3":0,"4":0,"5":0,"6":0,"7":0},"b":{"0":[0,0],"1":[0,0],"2":[0,0],"3":[0,0]},"inputSourceMap":{"version":3,"names":["cov_2pcty1vmn0","actualCoverage","getRestaurantData","f","s","console","log","request","XMLHttpRequest","open","setRequestHeader","onload","restaurant_array","JSON","parse","responseText","displayRestaurants","send","table","document","getElementById","innerHTML","totalRestaurants","length","count","thumbnail","image","title","restaurantName","locations","rating","ratingNumber","parseFloat","toFixed","cell","stringify","replaceAll","insertAdjacentHTML","currentIndex","viewOneRest","data","selectedResource","description","operatingHours","src","contactNo","_id","$","modal","getRestaurantsByName","status","b","response","review"],"sources":["restaurant.js"],"sourcesContent":["\r\n\r\nfunction getRestaurantData() {\r\n    console.log(\"aaaa\")\r\n    var request = new XMLHttpRequest();\r\n    request.open('GET', \"/restaurant\", true);\r\n    request.setRequestHeader('Content-Type', 'restaurant/json');\r\n    //This function will be called when data returns from the web api    \r\n    request.onload = function () {\r\n        //get all the movies records into our movie array        \r\n        restaurant_array = JSON.parse(request.responseText);\r\n        //Fetch the comments as well        \r\n        //fetchReviews();\r\n        console.log(restaurant_array) // output to console        \r\n        //call the function so as to display all movies tiles for \"Now Showing\"\r\n        //fetchReservations();\r\n        //fetchReviews();\r\n        displayRestaurants();\r\n    };\r\n\r\n    //This command starts the calling of the movies web api  \r\n    request.send();\r\n}\r\n\r\nfunction displayRestaurants() {\r\n    var table = document.getElementById(\"restaurants-details\");\r\n    table.innerHTML = \"\";\r\n    totalRestaurants = restaurant_array.length;\r\n    for (var count = 0; count < totalRestaurants; count++) {\r\n        var thumbnail = restaurant_array[count].image;\r\n        var title = restaurant_array[count].restaurantName;\r\n        var locations = restaurant_array[count].locations;\r\n        var rating = restaurant_array[count].rating;\r\n        var ratingNumber = parseFloat(rating).toFixed(1); // Convert and round the rating to one decimal place\r\n\r\n        // Updated image size\r\n        var cell = '<div class=\"card\" item=\"' + count + '\" style=\"width: 18%; height: 100%; display: flex; flex-direction: column; box-shadow: 0 4px 8px 0 rgba(0, 0, 0, 0.2); border-radius: 8px; margin: 10px; margin-left: 40px; margin-right: 20px; overflow: hidden;\">' +\r\n        '<img class=\"card-img-top\" src=\"' + thumbnail + '\" alt=\"Card image cap\" style=\"width: 100%; height: 150px; object-fit: cover;\">' +\r\n        '<div class=\"rating-pill\" style=\"align-self: flex-end; padding: 5px 10px; background-color: #FFD700; color: #000; border-radius: 5px; font-weight: bold;\">' + ratingNumber + '</div>' +\r\n        '<div class=\"card-body\" style=\"margin-bottom: 10px;\">' +\r\n            '<h5 style=\"cursor: pointer; color: #333; font-weight: bold; margin: 0;\" class=\"card-title\" id=\"viewclick'+count+'\" onclick=\"viewOneRest(\\'' + (JSON.stringify(restaurant_array[count]).replaceAll('\\\"', '&quot;')).replaceAll('\\'', '&apos;')  + '\\'); showRestaurantReviews(' + count + ');\">' + title + '</h5>' +\r\n            '<p class=\"card-text\" style=\"color: #777;\">' + locations + '</p>' +\r\n        '</div>' +\r\n    '</div>';\r\n\r\n\r\n\r\n\r\n        //console.log(cell);\r\n        table.insertAdjacentHTML('beforeend', cell);\r\n    }\r\n}\r\n\r\nvar currentIndex = 0;\r\nfunction viewOneRest(data) {\r\n    var selectedResource = JSON.parse(data);\r\n    console.log(selectedResource)\r\n    document.getElementById(\"restaurantName\").innerHTML = selectedResource.restaurantName;\r\n    document.getElementById(\"description\").innerHTML = selectedResource.description;\r\n    document.getElementById(\"operatingHours\").innerHTML = selectedResource.operatingHours;\r\n    document.getElementById(\"rating\").innerHTML = selectedResource.rating;\r\n    document.getElementById(\"image\").src= selectedResource.image;\r\n    //document.getElementById(\"review\").innerHTML = selectedResource.review;\r\n\r\n    document.getElementById(\"locations\").innerHTML = selectedResource.locations;\r\n    document.getElementById(\"contactNo\").innerHTML = selectedResource.contactNo;\r\n\r\n\r\n    currentIndex = selectedResource._id;\r\n    console.log(\"....\" + currentIndex)\r\n    \r\n\r\n\r\n    $('#restaurantsModal').modal('show');\r\n    }\r\n\r\n\r\n\r\nfunction getRestaurantsByName(restaurantName) {\r\n    //var restaurantName = JSON.parse(sessionStorage.getItem(\"restaurant\"));\r\n    var request = new XMLHttpRequest();\r\n    console.log(\"xxxxx\" + restaurantName);\r\n    request.open(\"GET\", \"/restaurant/\" + restaurantName, true);\r\n  \r\n  \r\n    request.onload = function () {\r\n      if (request.status === 200) {\r\n        var response = JSON.parse(request.responseText);\r\n        console.log(response)\r\n        \r\n          document.getElementById(\"restaurantName\").innerHTML = response.restaurantName;\r\n          document.getElementById(\"description\").innerHTML = response.description;\r\n          document.getElementById(\"operatingHours\").innerHTML = response.operatingHours;\r\n          document.getElementById(\"rating\").innerHTML = response.rating;\r\n          document.getElementById(\"image\").innerHTML = response.image;\r\n          document.getElementById(\"rating\").innerHTML = response.rating;\r\n          document.getElementById(\"locations\").innerHTML = response.locations;\r\n          document.getElementById(\"contactNo\").innerHTML = response.contactNo;\r\n          document.getElementById(\"review\").innerHTML = response.review;\r\n         \r\n          \r\n          \r\n      \r\n      }\r\n    };\r\n  \r\n    request.send();\r\n  }\r\n\r\n"],"mappings":"y5JAeY;AAAAA,cAAA,SAAAA,CAAA,SAAAC,cAAA,WAAAA,cAAA,EAAAD,cAAA,GAbZ,QAAS,CAAAE,iBAAiBA,CAAA,CAAG,CAAAF,cAAA,GAAAG,CAAA,MAAAH,cAAA,GAAAI,CAAA,MACzBC,OAAO,CAACC,GAAG,CAAC,MAAM,CAAC,CACnB,GAAI,CAAAC,OAAO,EAAAP,cAAA,GAAAI,CAAA,MAAG,GAAI,CAAAI,cAAc,CAAC,CAAC,EAACR,cAAA,GAAAI,CAAA,MACnCG,OAAO,CAACE,IAAI,CAAC,KAAK,CAAE,aAAa,CAAE,IAAI,CAAC,CAACT,cAAA,GAAAI,CAAA,MACzCG,OAAO,CAACG,gBAAgB,CAAC,cAAc,CAAE,iBAAiB,CAAC,CAC3D;AAAAV,cAAA,GAAAI,CAAA,MACAG,OAAO,CAACI,MAAM,CAAG,UAAY,CAAAX,cAAA,GAAAG,CAAA,MAAAH,cAAA,GAAAI,CAAA,MACzB;AACAQ,gBAAgB,CAAGC,IAAI,CAACC,KAAK,CAACP,OAAO,CAACQ,YAAY,CAAC,CACnD;AACA;AAAAf,cAAA,GAAAI,CAAA,MACAC,OAAO,CAACC,GAAG,CAACM,gBAAgB,CAAC,CAAC;AAC9B;AACA;AACA;AAAAZ,cAAA,GAAAI,CAAA,MACAY,kBAAkB,CAAC,CAAC,CACxB,CAAC,CAED;AAAAhB,cAAA,GAAAI,CAAA,MACAG,OAAO,CAACU,IAAI,CAAC,CAAC,CAClB,CAEA,QAAS,CAAAD,kBAAkBA,CAAA,CAAG,CAAAhB,cAAA,GAAAG,CAAA,MAC1B,GAAI,CAAAe,KAAK,EAAAlB,cAAA,GAAAI,CAAA,MAAGe,QAAQ,CAACC,cAAc,CAAC,qBAAqB,CAAC,EAACpB,cAAA,GAAAI,CAAA,OAC3Dc,KAAK,CAACG,SAAS,CAAG,EAAE,CAACrB,cAAA,GAAAI,CAAA,OACrBkB,gBAAgB,CAAGV,gBAAgB,CAACW,MAAM,CAACvB,cAAA,GAAAI,CAAA,OAC3C,IAAK,GAAI,CAAAoB,KAAK,EAAAxB,cAAA,GAAAI,CAAA,OAAG,CAAC,EAAEoB,KAAK,CAAGF,gBAAgB,CAAEE,KAAK,EAAE,CAAE,CACnD,GAAI,CAAAC,SAAS,EAAAzB,cAAA,GAAAI,CAAA,OAAGQ,gBAAgB,CAACY,KAAK,CAAC,CAACE,KAAK,EAC7C,GAAI,CAAAC,KAAK,EAAA3B,cAAA,GAAAI,CAAA,OAAGQ,gBAAgB,CAACY,KAAK,CAAC,CAACI,cAAc,EAClD,GAAI,CAAAC,SAAS,EAAA7B,cAAA,GAAAI,CAAA,OAAGQ,gBAAgB,CAACY,KAAK,CAAC,CAACK,SAAS,EACjD,GAAI,CAAAC,MAAM,EAAA9B,cAAA,GAAAI,CAAA,OAAGQ,gBAAgB,CAACY,KAAK,CAAC,CAACM,MAAM,EAC3C,GAAI,CAAAC,YAAY,EAAA/B,cAAA,GAAAI,CAAA,OAAG4B,UAAU,CAACF,MAAM,CAAC,CAACG,OAAO,CAAC,CAAC,CAAC,EAAE;AAElD;AACA,GAAI,CAAAC,IAAI,EAAAlC,cAAA,GAAAI,CAAA,OAAG,0BAA0B,CAAGoB,KAAK,CAAG,oNAAoN,CACpQ,iCAAiC,CAAGC,SAAS,CAAG,gFAAgF,CAChI,2JAA2J,CAAGM,YAAY,CAAG,QAAQ,CACrL,sDAAsD,CAClD,0GAA0G,CAACP,KAAK,CAAC,2BAA2B,CAAIX,IAAI,CAACsB,SAAS,CAACvB,gBAAgB,CAACY,KAAK,CAAC,CAAC,CAACY,UAAU,CAAC,IAAI,CAAE,QAAQ,CAAC,CAAEA,UAAU,CAAC,IAAI,CAAE,QAAQ,CAAC,CAAI,6BAA6B,CAAGZ,KAAK,CAAG,MAAM,CAAGG,KAAK,CAAG,OAAO,CAClT,4CAA4C,CAAGE,SAAS,CAAG,MAAM,CACrE,QAAQ,CACZ,QAAQ,EAKJ;AAAA7B,cAAA,GAAAI,CAAA,OACAc,KAAK,CAACmB,kBAAkB,CAAC,WAAW,CAAEH,IAAI,CAAC,CAC/C,CACJ,CAEA,GAAI,CAAAI,YAAY,EAAAtC,cAAA,GAAAI,CAAA,OAAG,CAAC,EACpB,QAAS,CAAAmC,WAAWA,CAACC,IAAI,CAAE,CAAAxC,cAAA,GAAAG,CAAA,MACvB,GAAI,CAAAsC,gBAAgB,EAAAzC,cAAA,GAAAI,CAAA,OAAGS,IAAI,CAACC,KAAK,CAAC0B,IAAI,CAAC,EAACxC,cAAA,GAAAI,CAAA,OACxCC,OAAO,CAACC,GAAG,CAACmC,gBAAgB,CAAC,CAAAzC,cAAA,GAAAI,CAAA,OAC7Be,QAAQ,CAACC,cAAc,CAAC,gBAAgB,CAAC,CAACC,SAAS,CAAGoB,gBAAgB,CAACb,cAAc,CAAC5B,cAAA,GAAAI,CAAA,OACtFe,QAAQ,CAACC,cAAc,CAAC,aAAa,CAAC,CAACC,SAAS,CAAGoB,gBAAgB,CAACC,WAAW,CAAC1C,cAAA,GAAAI,CAAA,OAChFe,QAAQ,CAACC,cAAc,CAAC,gBAAgB,CAAC,CAACC,SAAS,CAAGoB,gBAAgB,CAACE,cAAc,CAAC3C,cAAA,GAAAI,CAAA,OACtFe,QAAQ,CAACC,cAAc,CAAC,QAAQ,CAAC,CAACC,SAAS,CAAGoB,gBAAgB,CAACX,MAAM,CAAC9B,cAAA,GAAAI,CAAA,OACtEe,QAAQ,CAACC,cAAc,CAAC,OAAO,CAAC,CAACwB,GAAG,CAAEH,gBAAgB,CAACf,KAAK,CAC5D;AAAA1B,cAAA,GAAAI,CAAA,OAEAe,QAAQ,CAACC,cAAc,CAAC,WAAW,CAAC,CAACC,SAAS,CAAGoB,gBAAgB,CAACZ,SAAS,CAAC7B,cAAA,GAAAI,CAAA,OAC5Ee,QAAQ,CAACC,cAAc,CAAC,WAAW,CAAC,CAACC,SAAS,CAAGoB,gBAAgB,CAACI,SAAS,CAAC7C,cAAA,GAAAI,CAAA,OAG5EkC,YAAY,CAAGG,gBAAgB,CAACK,GAAG,CAAC9C,cAAA,GAAAI,CAAA,OACpCC,OAAO,CAACC,GAAG,CAAC,MAAM,CAAGgC,YAAY,CAAC,CAAAtC,cAAA,GAAAI,CAAA,OAIlC2C,CAAC,CAAC,mBAAmB,CAAC,CAACC,KAAK,CAAC,MAAM,CAAC,CACpC,CAIJ,QAAS,CAAAC,oBAAoBA,CAACrB,cAAc,CAAE,CAAA5B,cAAA,GAAAG,CAAA,MAC1C;AACA,GAAI,CAAAI,OAAO,EAAAP,cAAA,GAAAI,CAAA,OAAG,GAAI,CAAAI,cAAc,CAAC,CAAC,EAACR,cAAA,GAAAI,CAAA,OACnCC,OAAO,CAACC,GAAG,CAAC,OAAO,CAAGsB,cAAc,CAAC,CAAC5B,cAAA,GAAAI,CAAA,OACtCG,OAAO,CAACE,IAAI,CAAC,KAAK,CAAE,cAAc,CAAGmB,cAAc,CAAE,IAAI,CAAC,CAAC5B,cAAA,GAAAI,CAAA,OAG3DG,OAAO,CAACI,MAAM,CAAG,UAAY,CAAAX,cAAA,GAAAG,CAAA,MAAAH,cAAA,GAAAI,CAAA,OAC3B,GAAIG,OAAO,CAAC2C,MAAM,GAAK,GAAG,CAAE,CAAAlD,cAAA,GAAAmD,CAAA,SAC1B,GAAI,CAAAC,QAAQ,EAAApD,cAAA,GAAAI,CAAA,OAAGS,IAAI,CAACC,KAAK,CAACP,OAAO,CAACQ,YAAY,CAAC,EAACf,cAAA,GAAAI,CAAA,OAChDC,OAAO,CAACC,GAAG,CAAC8C,QAAQ,CAAC,CAAApD,cAAA,GAAAI,CAAA,OAEnBe,QAAQ,CAACC,cAAc,CAAC,gBAAgB,CAAC,CAACC,SAAS,CAAG+B,QAAQ,CAACxB,cAAc,CAAC5B,cAAA,GAAAI,CAAA,OAC9Ee,QAAQ,CAACC,cAAc,CAAC,aAAa,CAAC,CAACC,SAAS,CAAG+B,QAAQ,CAACV,WAAW,CAAC1C,cAAA,GAAAI,CAAA,OACxEe,QAAQ,CAACC,cAAc,CAAC,gBAAgB,CAAC,CAACC,SAAS,CAAG+B,QAAQ,CAACT,cAAc,CAAC3C,cAAA,GAAAI,CAAA,OAC9Ee,QAAQ,CAACC,cAAc,CAAC,QAAQ,CAAC,CAACC,SAAS,CAAG+B,QAAQ,CAACtB,MAAM,CAAC9B,cAAA,GAAAI,CAAA,OAC9De,QAAQ,CAACC,cAAc,CAAC,OAAO,CAAC,CAACC,SAAS,CAAG+B,QAAQ,CAAC1B,KAAK,CAAC1B,cAAA,GAAAI,CAAA,OAC5De,QAAQ,CAACC,cAAc,CAAC,QAAQ,CAAC,CAACC,SAAS,CAAG+B,QAAQ,CAACtB,MAAM,CAAC9B,cAAA,GAAAI,CAAA,OAC9De,QAAQ,CAACC,cAAc,CAAC,WAAW,CAAC,CAACC,SAAS,CAAG+B,QAAQ,CAACvB,SAAS,CAAC7B,cAAA,GAAAI,CAAA,OACpEe,QAAQ,CAACC,cAAc,CAAC,WAAW,CAAC,CAACC,SAAS,CAAG+B,QAAQ,CAACP,SAAS,CAAC7C,cAAA,GAAAI,CAAA,OACpEe,QAAQ,CAACC,cAAc,CAAC,QAAQ,CAAC,CAACC,SAAS,CAAG+B,QAAQ,CAACC,MAAM,CAKjE,CAAC,KAAArD,cAAA,GAAAmD,CAAA,UACH,CAAC,CAACnD,cAAA,GAAAI,CAAA,OAEFG,OAAO,CAACU,IAAI,CAAC,CAAC,CAChB"},"all":true},"C:\\Users\\demon\\Documents\\DVOPS_Projects\\draft7\\restaurant-booking\\public\\instrumented\\js\\review.js":{"path":"C:\\Users\\demon\\Documents\\DVOPS_Projects\\draft7\\restaurant-booking\\public\\instrumented\\js\\review.js","statementMap":{"0":{"start":{"line":2,"column":15},"end":{"line":2,"column":111}},"1":{"start":{"line":2,"column":124},"end":{"line":2,"column":166}},"2":{"start":{"line":2,"column":181},"end":{"line":2,"column":210}},"3":{"start":{"line":2,"column":222},"end":{"line":2,"column":236}},"4":{"start":{"line":2,"column":257},"end":{"line":2,"column":9787}},"5":{"start":{"line":2,"column":9804},"end":{"line":2,"column":9837}},"6":{"start":{"line":2,"column":9839},"end":{"line":2,"column":9926}},"7":{"start":{"line":2,"column":9894},"end":{"line":2,"column":9924}},"8":{"start":{"line":2,"column":9948},"end":{"line":2,"column":9962}},"9":{"start":{"line":3,"column":8},"end":{"line":3,"column":64}},"10":{"start":{"line":3,"column":39},"end":{"line":3,"column":61}},"11":{"start":{"line":4,"column":6},"end":{"line":4,"column":28}},"12":{"start":{"line":5,"column":2},"end":{"line":5,"column":19}},"13":{"start":{"line":6,"column":4},"end":{"line":6,"column":28}},"14":{"start":{"line":6,"column":44},"end":{"line":6,"column":89}},"15":{"start":{"line":6,"column":92},"end":{"line":6,"column":116}},"16":{"start":{"line":6,"column":117},"end":{"line":6,"column":155}},"17":{"start":{"line":6,"column":156},"end":{"line":6,"column":180}},"18":{"start":{"line":6,"column":181},"end":{"line":6,"column":242}},"19":{"start":{"line":7,"column":4},"end":{"line":7,"column":28}},"20":{"start":{"line":7,"column":29},"end":{"line":10,"column":6}},"21":{"start":{"line":8,"column":8},"end":{"line":8,"column":32}},"22":{"start":{"line":8,"column":33},"end":{"line":8,"column":57}},"23":{"start":{"line":9,"column":8},"end":{"line":9,"column":56}},"24":{"start":{"line":9,"column":57},"end":{"line":9,"column":81}},"25":{"start":{"line":9,"column":82},"end":{"line":9,"column":108}},"26":{"start":{"line":10,"column":7},"end":{"line":10,"column":31}},"27":{"start":{"line":10,"column":32},"end":{"line":10,"column":47}},"28":{"start":{"line":14,"column":4},"end":{"line":14,"column":28}},"29":{"start":{"line":14,"column":29},"end":{"line":14,"column":53}},"30":{"start":{"line":14,"column":54},"end":{"line":14,"column":132}},"31":{"start":{"line":16,"column":4},"end":{"line":16,"column":28}},"32":{"start":{"line":16,"column":29},"end":{"line":16,"column":131}},"33":{"start":{"line":16,"column":132},"end":{"line":16,"column":156}},"34":{"start":{"line":16,"column":157},"end":{"line":16,"column":208}},"35":{"start":{"line":16,"column":209},"end":{"line":16,"column":234}},"36":{"start":{"line":16,"column":235},"end":{"line":29,"column":5}},"37":{"start":{"line":16,"column":249},"end":{"line":16,"column":276}},"38":{"start":{"line":17,"column":8},"end":{"line":17,"column":33}},"39":{"start":{"line":17,"column":34},"end":{"line":28,"column":46}},"40":{"start":{"line":18,"column":12},"end":{"line":18,"column":39}},"41":{"start":{"line":18,"column":40},"end":{"line":18,"column":65}},"42":{"start":{"line":18,"column":66},"end":{"line":18,"column":87}},"43":{"start":{"line":18,"column":88},"end":{"line":18,"column":113}},"44":{"start":{"line":18,"column":114},"end":{"line":18,"column":143}},"45":{"start":{"line":18,"column":144},"end":{"line":18,"column":169}},"46":{"start":{"line":18,"column":170},"end":{"line":18,"column":210}},"47":{"start":{"line":18,"column":211},"end":{"line":18,"column":236}},"48":{"start":{"line":18,"column":237},"end":{"line":18,"column":288}},"49":{"start":{"line":18,"column":289},"end":{"line":18,"column":314}},"50":{"start":{"line":18,"column":315},"end":{"line":18,"column":325}},"51":{"start":{"line":18,"column":338},"end":{"line":25,"column":31}},"52":{"start":{"line":25,"column":34},"end":{"line":25,"column":59}},"53":{"start":{"line":25,"column":60},"end":{"line":25,"column":132}},"54":{"start":{"line":25,"column":145},"end":{"line":25,"column":173}},"55":{"start":{"line":25,"column":176},"end":{"line":25,"column":201}},"56":{"start":{"line":25,"column":202},"end":{"line":25,"column":413}},"57":{"start":{"line":25,"column":216},"end":{"line":25,"column":243}},"58":{"start":{"line":25,"column":281},"end":{"line":25,"column":306}},"59":{"start":{"line":25,"column":307},"end":{"line":25,"column":322}},"60":{"start":{"line":25,"column":323},"end":{"line":25,"column":348}},"61":{"start":{"line":25,"column":349},"end":{"line":25,"column":411}},"62":{"start":{"line":27,"column":12},"end":{"line":27,"column":37}},"63":{"start":{"line":27,"column":38},"end":{"line":27,"column":126}},"64":{"start":{"line":28,"column":17},"end":{"line":28,"column":44}},"65":{"start":{"line":31,"column":4},"end":{"line":31,"column":28}},"66":{"start":{"line":31,"column":29},"end":{"line":31,"column":54}},"67":{"start":{"line":32,"column":4},"end":{"line":32,"column":15}},"68":{"start":{"line":32,"column":16},"end":{"line":32,"column":41}},"69":{"start":{"line":32,"column":42},"end":{"line":32,"column":93}},"70":{"start":{"line":35,"column":4},"end":{"line":35,"column":28}},"71":{"start":{"line":35,"column":43},"end":{"line":35,"column":81}},"72":{"start":{"line":35,"column":84},"end":{"line":35,"column":109}},"73":{"start":{"line":35,"column":110},"end":{"line":35,"column":180}},"74":{"start":{"line":35,"column":181},"end":{"line":35,"column":206}},"75":{"start":{"line":35,"column":207},"end":{"line":35,"column":227}},"76":{"start":{"line":35,"column":228},"end":{"line":35,"column":253}},"77":{"start":{"line":35,"column":254},"end":{"line":35,"column":315}},"78":{"start":{"line":35,"column":316},"end":{"line":35,"column":341}},"79":{"start":{"line":35,"column":342},"end":{"line":35,"column":404}},"80":{"start":{"line":35,"column":405},"end":{"line":35,"column":430}},"81":{"start":{"line":35,"column":431},"end":{"line":35,"column":497}},"82":{"start":{"line":36,"column":4},"end":{"line":36,"column":29}},"83":{"start":{"line":36,"column":30},"end":{"line":36,"column":53}},"84":{"start":{"line":36,"column":54},"end":{"line":36,"column":79}},"85":{"start":{"line":36,"column":80},"end":{"line":36,"column":100}},"86":{"start":{"line":36,"column":119},"end":{"line":36,"column":165}},"87":{"start":{"line":37,"column":4},"end":{"line":37,"column":29}},"88":{"start":{"line":37,"column":30},"end":{"line":37,"column":72}},"89":{"start":{"line":37,"column":73},"end":{"line":37,"column":98}},"90":{"start":{"line":37,"column":99},"end":{"line":37,"column":163}},"91":{"start":{"line":37,"column":164},"end":{"line":37,"column":189}},"92":{"start":{"line":37,"column":190},"end":{"line":37,"column":351}},"93":{"start":{"line":37,"column":224},"end":{"line":37,"column":248}},"94":{"start":{"line":37,"column":249},"end":{"line":37,"column":274}},"95":{"start":{"line":37,"column":275},"end":{"line":37,"column":306}},"96":{"start":{"line":37,"column":307},"end":{"line":37,"column":332}},"97":{"start":{"line":37,"column":333},"end":{"line":37,"column":348}},"98":{"start":{"line":37,"column":352},"end":{"line":37,"column":377}},"99":{"start":{"line":37,"column":378},"end":{"line":37,"column":418}},"100":{"start":{"line":41,"column":4},"end":{"line":41,"column":28}},"101":{"start":{"line":41,"column":40},"end":{"line":41,"column":95}},"102":{"start":{"line":41,"column":115},"end":{"line":41,"column":170}},"103":{"start":{"line":41,"column":189},"end":{"line":41,"column":257}},"104":{"start":{"line":41,"column":279},"end":{"line":41,"column":320}},"105":{"start":{"line":43,"column":4},"end":{"line":43,"column":29}},"106":{"start":{"line":43,"column":30},"end":{"line":43,"column":143}},"107":{"start":{"line":43,"column":62},"end":{"line":43,"column":87}},"108":{"start":{"line":43,"column":88},"end":{"line":43,"column":141}},"109":{"start":{"line":43,"column":144},"end":{"line":43,"column":169}},"110":{"start":{"line":43,"column":170},"end":{"line":43,"column":207}},"111":{"start":{"line":46,"column":48},"end":{"line":46,"column":72}},"112":{"start":{"line":46,"column":73},"end":{"line":46,"column":98}},"113":{"start":{"line":46,"column":99},"end":{"line":46,"column":2471}},"114":{"start":{"line":46,"column":128},"end":{"line":46,"column":155}},"115":{"start":{"line":46,"column":156},"end":{"line":46,"column":181}},"116":{"start":{"line":46,"column":182},"end":{"line":46,"column":276}},"117":{"start":{"line":46,"column":277},"end":{"line":46,"column":302}},"118":{"start":{"line":46,"column":303},"end":{"line":46,"column":314}},"119":{"start":{"line":46,"column":315},"end":{"line":46,"column":340}},"120":{"start":{"line":46,"column":341},"end":{"line":46,"column":347}},"121":{"start":{"line":46,"column":356},"end":{"line":46,"column":383}},"122":{"start":{"line":46,"column":384},"end":{"line":46,"column":409}},"123":{"start":{"line":46,"column":410},"end":{"line":46,"column":504}},"124":{"start":{"line":46,"column":505},"end":{"line":46,"column":530}},"125":{"start":{"line":46,"column":531},"end":{"line":46,"column":625}},"126":{"start":{"line":46,"column":626},"end":{"line":46,"column":651}},"127":{"start":{"line":46,"column":652},"end":{"line":46,"column":663}},"128":{"start":{"line":46,"column":664},"end":{"line":46,"column":689}},"129":{"start":{"line":46,"column":690},"end":{"line":46,"column":696}},"130":{"start":{"line":46,"column":705},"end":{"line":46,"column":732}},"131":{"start":{"line":46,"column":733},"end":{"line":46,"column":758}},"132":{"start":{"line":46,"column":759},"end":{"line":46,"column":853}},"133":{"start":{"line":46,"column":854},"end":{"line":46,"column":879}},"134":{"start":{"line":46,"column":880},"end":{"line":46,"column":974}},"135":{"start":{"line":46,"column":975},"end":{"line":46,"column":1000}},"136":{"start":{"line":46,"column":1001},"end":{"line":46,"column":1095}},"137":{"start":{"line":46,"column":1096},"end":{"line":46,"column":1121}},"138":{"start":{"line":46,"column":1122},"end":{"line":46,"column":1133}},"139":{"start":{"line":46,"column":1134},"end":{"line":46,"column":1159}},"140":{"start":{"line":46,"column":1160},"end":{"line":46,"column":1166}},"141":{"start":{"line":46,"column":1175},"end":{"line":46,"column":1202}},"142":{"start":{"line":46,"column":1203},"end":{"line":46,"column":1228}},"143":{"start":{"line":46,"column":1229},"end":{"line":46,"column":1323}},"144":{"start":{"line":46,"column":1324},"end":{"line":46,"column":1349}},"145":{"start":{"line":46,"column":1350},"end":{"line":46,"column":1444}},"146":{"start":{"line":46,"column":1445},"end":{"line":46,"column":1470}},"147":{"start":{"line":46,"column":1471},"end":{"line":46,"column":1565}},"148":{"start":{"line":46,"column":1566},"end":{"line":46,"column":1591}},"149":{"start":{"line":46,"column":1592},"end":{"line":46,"column":1686}},"150":{"start":{"line":46,"column":1687},"end":{"line":46,"column":1712}},"151":{"start":{"line":46,"column":1713},"end":{"line":46,"column":1724}},"152":{"start":{"line":46,"column":1725},"end":{"line":46,"column":1750}},"153":{"start":{"line":46,"column":1751},"end":{"line":46,"column":1757}},"154":{"start":{"line":46,"column":1766},"end":{"line":46,"column":1793}},"155":{"start":{"line":46,"column":1794},"end":{"line":46,"column":1819}},"156":{"start":{"line":46,"column":1820},"end":{"line":46,"column":1914}},"157":{"start":{"line":46,"column":1915},"end":{"line":46,"column":1940}},"158":{"start":{"line":46,"column":1941},"end":{"line":46,"column":2035}},"159":{"start":{"line":46,"column":2036},"end":{"line":46,"column":2061}},"160":{"start":{"line":46,"column":2062},"end":{"line":46,"column":2156}},"161":{"start":{"line":46,"column":2157},"end":{"line":46,"column":2182}},"162":{"start":{"line":46,"column":2183},"end":{"line":46,"column":2277}},"163":{"start":{"line":46,"column":2278},"end":{"line":46,"column":2303}},"164":{"start":{"line":46,"column":2304},"end":{"line":46,"column":2398}},"165":{"start":{"line":46,"column":2399},"end":{"line":46,"column":2424}},"166":{"start":{"line":46,"column":2425},"end":{"line":46,"column":2436}},"167":{"start":{"line":46,"column":2437},"end":{"line":46,"column":2462}},"168":{"start":{"line":46,"column":2463},"end":{"line":46,"column":2469}},"169":{"start":{"line":50,"column":47},"end":{"line":50,"column":71}},"170":{"start":{"line":50,"column":83},"end":{"line":50,"column":151}},"171":{"start":{"line":50,"column":173},"end":{"line":50,"column":214}},"172":{"start":{"line":50,"column":217},"end":{"line":50,"column":242}},"173":{"start":{"line":50,"column":243},"end":{"line":50,"column":330}},"174":{"start":{"line":50,"column":264},"end":{"line":50,"column":289}},"175":{"start":{"line":50,"column":290},"end":{"line":50,"column":328}},"176":{"start":{"line":50,"column":331},"end":{"line":50,"column":356}},"177":{"start":{"line":50,"column":357},"end":{"line":50,"column":394}}},"fnMap":{"0":{"name":"cov_2i552i8136","decl":{"start":{"line":1,"column":9},"end":{"line":1,"column":23}},"loc":{"start":{"line":1,"column":26},"end":{"line":5,"column":1}},"line":1},"1":{"name":"(anonymous_1)","decl":{"start":{"line":3,"column":25},"end":{"line":3,"column":26}},"loc":{"start":{"line":3,"column":37},"end":{"line":3,"column":63}},"line":3},"2":{"name":"fetchReviews","decl":{"start":{"line":5,"column":29},"end":{"line":5,"column":41}},"loc":{"start":{"line":5,"column":44},"end":{"line":11,"column":1}},"line":5},"3":{"name":"(anonymous_3)","decl":{"start":{"line":7,"column":46},"end":{"line":7,"column":47}},"loc":{"start":{"line":7,"column":58},"end":{"line":10,"column":5}},"line":7},"4":{"name":"showRestaurantReviews","decl":{"start":{"line":13,"column":9},"end":{"line":13,"column":30}},"loc":{"start":{"line":13,"column":37},"end":{"line":30,"column":1}},"line":13},"5":{"name":"newReview","decl":{"start":{"line":30,"column":11},"end":{"line":30,"column":20}},"loc":{"start":{"line":30,"column":23},"end":{"line":33,"column":1}},"line":30},"6":{"name":"addReview","decl":{"start":{"line":34,"column":9},"end":{"line":34,"column":18}},"loc":{"start":{"line":34,"column":21},"end":{"line":38,"column":1}},"line":34},"7":{"name":"(anonymous_7)","decl":{"start":{"line":37,"column":210},"end":{"line":37,"column":211}},"loc":{"start":{"line":37,"column":222},"end":{"line":37,"column":350}},"line":37},"8":{"name":"rateIt","decl":{"start":{"line":40,"column":9},"end":{"line":40,"column":15}},"loc":{"start":{"line":40,"column":25},"end":{"line":44,"column":1}},"line":40},"9":{"name":"changePopcornImage","decl":{"start":{"line":46,"column":9},"end":{"line":46,"column":27}},"loc":{"start":{"line":46,"column":46},"end":{"line":46,"column":2473}},"line":46},"10":{"name":"displayColorPopcorn","decl":{"start":{"line":50,"column":9},"end":{"line":50,"column":28}},"loc":{"start":{"line":50,"column":45},"end":{"line":50,"column":396}},"line":50}},"branchMap":{"0":{"loc":{"start":{"line":2,"column":9804},"end":{"line":2,"column":9837}},"type":"binary-expr","locations":[{"start":{"line":2,"column":9804},"end":{"line":2,"column":9815}},{"start":{"line":2,"column":9820},"end":{"line":2,"column":9836}}],"line":2},"1":{"loc":{"start":{"line":2,"column":9839},"end":{"line":2,"column":9926}},"type":"if","locations":[{"start":{"line":2,"column":9839},"end":{"line":2,"column":9926}},{"start":{"line":2,"column":9839},"end":{"line":2,"column":9926}}],"line":2},"2":{"loc":{"start":{"line":2,"column":9843},"end":{"line":2,"column":9890}},"type":"binary-expr","locations":[{"start":{"line":2,"column":9843},"end":{"line":2,"column":9858}},{"start":{"line":2,"column":9862},"end":{"line":2,"column":9890}}],"line":2},"3":{"loc":{"start":{"line":17,"column":34},"end":{"line":28,"column":46}},"type":"if","locations":[{"start":{"line":17,"column":34},"end":{"line":28,"column":46}},{"start":{"line":17,"column":34},"end":{"line":28,"column":46}}],"line":17},"4":{"loc":{"start":{"line":46,"column":99},"end":{"line":46,"column":2471}},"type":"switch","locations":[{"start":{"line":46,"column":120},"end":{"line":46,"column":347}},{"start":{"line":46,"column":348},"end":{"line":46,"column":696}},{"start":{"line":46,"column":697},"end":{"line":46,"column":1166}},{"start":{"line":46,"column":1167},"end":{"line":46,"column":1757}},{"start":{"line":46,"column":1758},"end":{"line":46,"column":2469}}],"line":46}},"s":{"0":0,"1":0,"2":0,"3":0,"4":0,"5":0,"6":0,"7":0,"8":0,"9":0,"10":0,"11":0,"12":0,"13":0,"14":0,"15":0,"16":0,"17":0,"18":0,"19":0,"20":0,"21":0,"22":0,"23":0,"24":0,"25":0,"26":0,"27":0,"28":0,"29":0,"30":0,"31":0,"32":0,"33":0,"34":0,"35":0,"36":0,"37":0,"38":0,"39":0,"40":0,"41":0,"42":0,"43":0,"44":0,"45":0,"46":0,"47":0,"48":0,"49":0,"50":0,"51":0,"52":0,"53":0,"54":0,"55":0,"56":0,"57":0,"58":0,"59":0,"60":0,"61":0,"62":0,"63":0,"64":0,"65":0,"66":0,"67":0,"68":0,"69":0,"70":0,"71":0,"72":0,"73":0,"74":0,"75":0,"76":0,"77":0,"78":0,"79":0,"80":0,"81":0,"82":0,"83":0,"84":0,"85":0,"86":0,"87":0,"88":0,"89":0,"90":0,"91":0,"92":0,"93":0,"94":0,"95":0,"96":0,"97":0,"98":0,"99":0,"100":0,"101":0,"102":0,"103":0,"104":0,"105":0,"106":0,"107":0,"108":0,"109":0,"110":0,"111":0,"112":0,"113":0,"114":0,"115":0,"116":0,"117":0,"118":0,"119":0,"120":0,"121":0,"122":0,"123":0,"124":0,"125":0,"126":0,"127":0,"128":0,"129":0,"130":0,"131":0,"132":0,"133":0,"134":0,"135":0,"136":0,"137":0,"138":0,"139":0,"140":0,"141":0,"142":0,"143":0,"144":0,"145":0,"146":0,"147":0,"148":0,"149":0,"150":0,"151":0,"152":0,"153":0,"154":0,"155":0,"156":0,"157":0,"158":0,"159":0,"160":0,"161":0,"162":0,"163":0,"164":0,"165":0,"166":0,"167":0,"168":0,"169":0,"170":0,"171":0,"172":0,"173":0,"174":0,"175":0,"176":0,"177":0},"f":{"0":0,"1":0,"2":0,"3":0,"4":0,"5":0,"6":0,"7":0,"8":0,"9":0,"10":0},"b":{"0":[0,0],"1":[0,0],"2":[0,0],"3":[0,0],"4":[0,0,0,0,0]},"inputSourceMap":{"version":3,"names":["cov_2i552i8136","actualCoverage","fetchReviews","f","request","s","XMLHttpRequest","open","setRequestHeader","onload","review_array","JSON","parse","responseText","console","log","send","showRestaurantReviews","item","document","getElementById","innerHTML","textContent","restaurant_array","restaurantName","i","length","b","_id","selectedRestaurant_id","star","html","review","username","dateOfVisit","insertAdjacentHTML","j","rating","newReview","value","addReview","Object","currentIndex","postReview","stringify","rateIt","element","num","getAttribute","classname","popcorns","getElementsByClassName","classTarget","popcorn","setAttribute","changePopcornImage","eval","querySelector","displayColorPopcorn","pop","p","popcornBWImage"],"sources":["review.js"],"sourcesContent":["function fetchReviews() {\r\n    var request = new XMLHttpRequest();\r\n\r\n    request.open('GET', \"/comment\", true);\r\n    request.setRequestHeader('Content-Type', 'application/json');\r\n    //This command starts the calling of the comments api\r\n    request.onload = function () {\r\n        //get all the comments records into our comments array\r\n        review_array = JSON.parse(request.responseText);\r\n        console.log(review_array);\r\n    };\r\n\r\n    request.send();\r\n}\r\n\r\n//This function is to display all the comments of that movie\r\n//whenever the user click on the \"comment\" button\r\nfunction showRestaurantReviews(item) {\r\n    document.getElementById(\"review\").innerHTML = \"No review yet. Create one now\";\r\n    // var item = element.getAttribute(\"item\");\r\n    // currentIndex = item;\r\n    document.getElementById(\"review\").textContent = \"Review for \" + restaurant_array[item].restaurantName;\r\n    document.getElementById(\"review\").textContent = \"\";\r\n\r\n    for (var i = 0; i < review_array.length; i++) {\r\n        if (review_array[i].restaurantName === restaurant_array[item].restaurantName) {\r\n            console.log(\"found\")\r\nconsole.log(review_array[i])\r\nconsole.log(restaurant_array[item]._id)\r\n\r\n            selectedRestaurant_id = restaurant_array[item]._id;\r\n            star = \"\";\r\n            var html = '<div class=\"text-center\" style=\"width:100%;\">                                                           \\\r\n                            <div class=\"card\">                                                                                  \\\r\n                                <div class=\"card-body\">                                                                         \\\r\n                                    <p class=\"card-text\" id=\"rating' + i + '\">' + review_array[i].review + \"</p>               \\\r\n                                    <small>by \" + review_array[i].username + \" @ \" + review_array[i].dateOfVisit + \"</small>   \\\r\n                                </div>                                                                                          \\\r\n                            </div>                                                                                              \\\r\n                        </div>\";\r\n            document.getElementById(\"review\").insertAdjacentHTML('beforeend', html);\r\n\r\n            var star = \"\";\r\n            for (var j = 0; j < review_array[i].rating; j++) {\r\n                console.log(i);\r\n                star += \"<img src='images/popcorn.png' style='width:50px' />\";\r\n            }\r\n            // star += \"<i class='far fa-trash-alt fa-2x edit' data-dismiss='modal' item='\" + i + \"' onClick='deleteReview(this)' ></i>\";\r\n            // star += \"<i class='far fa-edit fa-2x edit' data-toggle='modal' data-target='#editReviewModal' data-dismiss='modal' item='\" + i + \"' onClick='editReview(this)' ></i>\";\r\n            document.getElementById(\"rating\" + i).insertAdjacentHTML('beforebegin', star + \"<br/>\");\r\n        }\r\n    }\r\n}\r\n\r\nfunction newReview() {\r\n    //Initialise each HTML input elements in the modal window with default value.\r\n    rating = 0;\r\n    document.getElementById(\"userComments\").value = \"\";\r\n}\r\n\r\n// Submit or send the new comment to the server to be added.\r\nfunction addReview() {\r\n    var review = new Object();\r\n    review.restaurantName = restaurant_array[currentIndex].restaurantName;\r\n\r\n    console.log(review);\r\n    review.username = document.getElementById(\"username1\").value;\r\n    review.review = document.getElementById(\"userComments\").value;\r\n    review.dateOfVisit = document.getElementById(\"dateOfVisit\").value;\r\n\r\n    //review.timestamp = document.getElementById(\"timestamp\").value;\r\n    review.rating = rating;\r\n\r\n    console.log(review)\r\n    \r\n    var postReview = new XMLHttpRequest(); // new HttpRequest instance to send comment\r\n\r\n    postReview.open(\"POST\", \"/comment\", true);\r\n\r\n    postReview.setRequestHeader(\"Content-Type\", \"application/json\");\r\n    postReview.onload = function () {\r\n        console.log(\"new review sent\");\r\n        fetchReviews();\r\n    };\r\n\r\n    postReview.send(JSON.stringify(review));\r\n}\r\n\r\n//This function allows the user to mouse hover the black and white popcorn\r\n//so that it will turn to a colored version when hovered\r\nfunction rateIt(element) {\r\n    var num = element.getAttribute(\"value\");\r\n    var classname = element.getAttribute(\"class\");\r\n    var popcorns = document.getElementsByClassName(classname);\r\n  
[...]
,"line":87}},"s":{"0":0,"1":0,"2":0,"3":0,"4":0,"5":0,"6":0,"7":0,"8":0,"9":0,"10":0,"11":0,"12":0,"13":0,"14":0,"15":0,"16":0,"17":0,"18":0,"19":0,"20":0,"21":0,"22":0,"23":0,"24":0,"25":0,"26":0,"27":0,"28":0,"29":0,"30":0,"31":0,"32":0,"33":0,"34":0,"35":0,"36":0,"37":0,"38":0,"39":0,"40":0,"41":0,"42":0,"43":0,"44":0,"45":0,"46":0,"47":0,"48":0,"49":0,"50":0},"f":{"0":0,"1":0,"2":0,"3":0,"4":0,"5":0},"b":{"0":[0,0]},"all":true},"C:\\Users\\demon\\Documents\\DVOPS_Projects\\draft7\\restaurant-booking\\public\\js\\review.js":{"path":"C:\\Users\\demon\\Documents\\DVOPS_Projects\\draft7\\restaurant-booking\\public\\js\\review.js","statementMap":{"0":{"start":{"line":2,"column":18},"end":{"line":2,"column":38}},"1":{"start":{"line":4,"column":4},"end":{"line":4,"column":42}},"2":{"start":{"line":5,"column":4},"end":{"line":5,"column":65}},"3":{"start":{"line":7,"column":4},"end":{"line":11,"column":6}},"4":{"start":{"line":9,"column":8},"end":{"line":9,"column":56}},"5":{"start":{"line":10,"column":8},"end":{"line":10,"column":34}},"6":{"start":{"line":13,"column":4},"end":{"line":13,"column":19}},"7":{"start":{"line":19,"column":4},"end":{"line":19,"column":82}},"8":{"start":{"line":22,"column":4},"end":{"line":22,"column":106}},"9":{"start":{"line":23,"column":4},"end":{"line":23,"column":55}},"10":{"start":{"line":25,"column":4},"end":{"line":52,"column":5}},"11":{"start":{"line":25,"column":17},"end":{"line":25,"column":18}},"12":{"start":{"line":26,"column":8},"end":{"line":51,"column":9}},"13":{"start":{"line":27,"column":12},"end":{"line":27,"column":32}},"14":{"start":{"line":28,"column":12},"end":{"line":28,"column":40}},"15":{"start":{"line":29,"column":12},"end":{"line":29,"column":51}},"16":{"start":{"line":31,"column":12},"end":{"line":31,"column":63}},"17":{"start":{"line":32,"column":12},"end":{"line":32,"column":22}},"18":{"start":{"line":33,"column":23},"end":{"line":40,"column":31}},"19":{"start":{"line":41,"column":12},"end":{"line":41,"column":84}},"20":{"start":{"line":43,"column":23},"end":{"line":43,"column":25}},"21":{"start":{"line":44,"column":12},"end":{"line":47,"column":13}},"22":{"start":{"line":44,"column":25},"end":{"line":44,"column":26}},"23":{"start":{"line":45,"column":16},"end":{"line":45,"column":31}},"24":{"start":{"line":46,"column":16},"end":{"line":46,"column":78}},"25":{"start":{"line":50,"column":12},"end":{"line":50,"column":100}},"26":{"start":{"line":57,"column":4},"end":{"line":57,"column":15}},"27":{"start":{"line":58,"column":4},"end":{"line":58,"column":55}},"28":{"start":{"line":63,"column":17},"end":{"line":63,"column":29}},"29":{"start":{"line":64,"column":4},"end":{"line":64,"column":74}},"30":{"start":{"line":66,"column":4},"end":{"line":66,"column":24}},"31":{"start":{"line":67,"column":4},"end":{"line":67,"column":65}},"32":{"start":{"line":68,"column":4},"end":{"line":68,"column":66}},"33":{"start":{"line":69,"column":4},"end":{"line":69,"column":70}},"34":{"start":{"line":72,"column":4},"end":{"line":72,"column":27}},"35":{"start":{"line":74,"column":4},"end":{"line":74,"column":23}},"36":{"start":{"line":76,"column":21},"end":{"line":76,"column":41}},"37":{"start":{"line":78,"column":4},"end":{"line":78,"column":46}},"38":{"start":{"line":80,"column":4},"end":{"line":80,"column":68}},"39":{"start":{"line":81,"column":4},"end":{"line":90,"column":6}},"40":{"start":{"line":82,"column":8},"end":{"line":82,"column":39}},"41":{"start":{"line":85,"column":8},"end":{"line":85,"column":53}},"42":{"start":{"line":86,"column":8},"end":{"line":86,"column":60}},"43":{"start":{"line":89,"column":8},"end":{"line":89,"column":23}},"44":{"start":{"line":92,"column":4},"end":{"line":92,"column":44}},"45":{"start":{"line":98,"column":14},"end":{"line":98,"column":43}},"46":{"start":{"line":99,"column":20},"end":{"line":99,"column":49}},"47":{"start":{"line":100,"column":19},"end":{"line":100,"column":61}},"48":{"start":{"line":101,"column":22},"end":{"line":101,"column":37}},"49":{"start":{"line":105,"column":4},"end":{"line":107,"column":5}},"50":{"start":{"line":106,"column":8},"end":{"line":106,"column":61}},"51":{"start":{"line":108,"column":4},"end":{"line":108,"column":41}},"52":{"start":{"line":114,"column":4},"end":{"line":145,"column":5}},"53":{"start":{"line":116,"column":12},"end":{"line":116,"column":106}},"54":{"start":{"line":117,"column":12},"end":{"line":117,"column":23}},"55":{"start":{"line":118,"column":12},"end":{"line":118,"column":18}},"56":{"start":{"line":120,"column":12},"end":{"line":120,"column":106}},"57":{"start":{"line":121,"column":12},"end":{"line":121,"column":106}},"58":{"start":{"line":122,"column":12},"end":{"line":122,"column":23}},"59":{"start":{"line":123,"column":12},"end":{"line":123,"column":18}},"60":{"start":{"line":125,"column":12},"end":{"line":125,"column":106}},"61":{"start":{"line":126,"column":12},"end":{"line":126,"column":106}},"62":{"start":{"line":127,"column":12},"end":{"line":127,"column":106}},"63":{"start":{"line":128,"column":12},"end":{"line":128,"column":23}},"64":{"start":{"line":129,"column":12},"end":{"line":129,"column":18}},"65":{"start":{"line":131,"column":12},"end":{"line":131,"column":106}},"66":{"start":{"line":132,"column":12},"end":{"line":132,"column":106}},"67":{"start":{"line":133,"column":12},"end":{"line":133,"column":106}},"68":{"start":{"line":134,"column":12},"end":{"line":134,"column":106}},"69":{"start":{"line":135,"column":12},"end":{"line":135,"column":23}},"70":{"start":{"line":136,"column":12},"end":{"line":136,"column":18}},"71":{"start":{"line":138,"column":12},"end":{"line":138,"column":106}},"72":{"start":{"line":139,"column":12},"end":{"line":139,"column":106}},"73":{"start":{"line":140,"column":12},"end":{"line":140,"column":106}},"74":{"start":{"line":141,"column":12},"end":{"line":141,"column":106}},"75":{"start":{"line":142,"column":12},"end":{"line":142,"column":106}},"76":{"start":{"line":143,"column":12},"end":{"line":143,"column":23}},"77":{"start":{"line":144,"column":12},"end":{"line":144,"column":18}},"78":{"start":{"line":156,"column":14},"end":{"line":156,"column":56}},"79":{"start":{"line":157,"column":22},"end":{"line":157,"column":37}},"80":{"start":{"line":158,"column":4},"end":{"line":160,"column":5}},"81":{"start":{"line":159,"column":8},"end":{"line":159,"column":46}},"82":{"start":{"line":161,"column":4},"end":{"line":161,"column":41}}},"fnMap":{"0":{"name":"fetchReviews","decl":{"start":{"line":1,"column":9},"end":{"line":1,"column":21}},"loc":{"start":{"line":1,"column":24},"end":{"line":14,"column":1}},"line":1},"1":{"name":"(anonymous_1)","decl":{"start":{"line":7,"column":21},"end":{"line":7,"column":22}},"loc":{"start":{"line":7,"column":33},"end":{"line":11,"column":5}},"line":7},"2":{"name":"showRestaurantReviews","decl":{"start":{"line":18,"column":9},"end":{"line":18,"column":30}},"loc":{"start":{"line":18,"column":37},"end":{"line":53,"column":1}},"line":18},"3":{"name":"newReview","decl":{"start":{"line":55,"column":9},"end":{"line":55,"column":18}},"loc":{"start":{"line":55,"column":21},"end":{"line":59,"column":1}},"line":55},"4":{"name":"addReview","decl":{"start":{"line":62,"column":9},"end":{"line":62,"column":18}},"loc":{"start":{"line":62,"column":21},"end":{"line":93,"column":1}},"line":62},"5":{"name":"(anonymous_5)","decl":{"start":{"line":81,"column":24},"end":{"line":81,"column":25}},"loc":{"start":{"line":81,"column":36},"end":{"line":90,"column":5}},"line":81},"6":{"name":"rateIt","decl":{"start":{"line":97,"column":9},"end":{"line":97,"column":15}},"loc":{"start":{"line":97,"column":25},"end":{"line":109,"column":1}},"line":97},"7":{"name":"changePopcornImage","decl":{"start":{"line":113,"column":9},"end":{"line":113,"column":27}},"loc":{"start":{"line":113,"column":46},"end":{"line":146,"column":1}},"line":113},"8":{"name":"displayColorPopcorn","decl":{"start":{"line":155,"column":9},"end":{"line":155,"column":28}},"loc":{"start":{"line":155,"column":45},"end":{"line":162,"column":1}},"line":155}},"branchMap":{"0":{"loc":{"start":{"line":26,"column":8},"end":{"line":51,"column":9}},"type":"if","locations":[{"start":{"line":26,"column":8},"end":{"line":51,"column":9}},{"start":{"line":26,"column":8},"end":{"line":51,"column":9}}],"line":26},"1":{"loc":{"start":{"line":114,"column":4},"end":{"line":145,"column":5}},"type":"switch","locations":[{"start":{"line":115,"column":8},"end":{"line":118,"column":18}},{"start":{"line":119,"column":8},"end":{"line":123,"column":18}},{"start":{"line":124,"column":8},"end":{"line":129,"column":18}},{"start":{"line":130,"column":8},"end":{"line":136,"column":18}},{"start":{"line":137,"column":8},"end":{"line":144,"column":18}}],"line":114}},"s":{"0":0,"1":0,"2":0,"3":0,"4":0,"5":0,"6":0,"7":0,"8":0,"9":0,"10":0,"11":0,"12":0,"13":0,"14":0,"15":0,"16":0,"17":0,"18":0,"19":0,"20":0,"21":0,"22":0,"23":0,"24":0,"25":0,"26":0,"27":0,"28":0,"29":0,"30":0,"31":0,"32":0,"33":0,"34":0,"35":0,"36":0,"37":0,"38":0,"39":0,"40":0,"41":0,"42":0,"43":0,"44":0,"45":0,"46":0,"47":0,"48":0,"49":0,"50":0,"51":0,"52":0,"53":0,"54":0,"55":0,"56":0,"57":0,"58":0,"59":0,"60":0,"61":0,"62":0,"63":0,"64":0,"65":0,"66":0,"67":0,"68":0,"69":0,"70":0,"71":0,"72":0,"73":0,"74":0,"75":0,"76":0,"77":0,"78":0,"79":0,"80":0,"81":0,"82":0},"f":{"0":0,"1":0,"2":0,"3":0,"4":0,"5":0,"6":0,"7":0,"8":0},"b":{"0":[0,0],"1":[0,0,0,0,0]},"all":true},"C:\\Users\\demon\\Documents\\DVOPS_Projects\\draft7\\restaurant-booking\\public\\js\\search.js":{"path":"C:\\Users\\demon\\Documents\\DVOPS_Projects\\draft7\\restaurant-booking\\public\\js\\search.js","statementMap":{"0":{"start":{"line":1,"column":0},"end":{"line":29,"column":3}},"1":{"start":{"line":2,"column":2},"end":{"line":2,"column":25}},"2":{"start":{"line":3,"column":14},"end":{"line":3,"column":72}},"3":{"start":{"line":4,"column":2},"end":{"line":4,"column":21}},"4":{"start":{"line":5,"column":14},"end":{"line":5,"column":60}},"5":{"start":{"line":6,"column":2},"end":{"line":6,"column":23}},"6":{"start":{"line":8,"column":2},"end":{"line":28,"column":3}},"7":{"start":{"line":8,"column":19},"end":{"line":8,"column":20}},"8":{"start":{"line":9,"column":18},"end":{"line":9,"column":70}},"9":{"start":{"line":10,"column":6},"end":{"line":27,"column":7}},"10":{"start":{"line":11,"column":24},"end":{"line":11,"column":53}},"11":{"start":{"line":12,"column":20},"end":{"line":12,"column":58}},"12":{"start":{"line":13,"column":24},"end":{"line":13,"column":57}},"13":{"start":{"line":14,"column":21},"end":{"line":14,"column":51}},"14":{"start":{"line":15,"column":27},"end":{"line":15,"column":56}},"15":{"start":{"line":18,"column":19},"end":{"line":25,"column":12}},"16":{"start":{"line":26,"column":10},"end":{"line":26,"column":54}}},"fnMap":{"0":{"name":"(anonymous_0)","decl":{"start":{"line":1,"column":65},"end":{"line":1,"column":66}},"loc":{"start":{"line":1,"column":82},"end":{"line":29,"column":1}},"line":1}},"branchMap":{"0":{"loc":{"start":{"line":10,"column":6},"end":{"line":27,"column":7}},"type":"if","locations":[{"start":{"line":10,"column":6},"end":{"line":27,"column":7}},{"start":{"line":10,"column":6},"end":{"line":27,"column":7}}],"line":10}},"s":{"0":0,"1":0,"2":0,"3":0,"4":0,"5":0,"6":0,"7":0,"8":0,"9":0,"10":0,"11":0,"12":0,"13":0,"14":0,"15":0,"16":0},"f":{"0":0},"b":{"0":[0,0]},"all":true},"C:\\Users\\demon\\Documents\\DVOPS_Projects\\draft7\\restaurant-booking\\public\\js\\togglebutton.js":{"path":"C:\\Users\\demon\\Documents\\DVOPS_Projects\\draft7\\restaurant-booking\\public\\js\\togglebutton.js","statementMap":{"0":{"start":{"line":1,"column":0},"end":{"line":12,"column":3}},"1":{"start":{"line":2,"column":4},"end":{"line":2,"column":24}},"2":{"start":{"line":5,"column":4},"end":{"line":7,"column":7}},"3":{"start":{"line":6,"column":8},"end":{"line":6,"column":37}},"4":{"start":{"line":9,"column":4},"end":{"line":11,"column":7}},"5":{"start":{"line":10,"column":8},"end":{"line":10,"column":32}},"6":{"start":{"line":15,"column":18},"end":{"line":15,"column":65}},"7":{"start":{"line":16,"column":4},"end":{"line":16,"column":39}},"8":{"start":{"line":17,"column":4},"end":{"line":17,"column":24}},"9":{"start":{"line":18,"column":4},"end":{"line":18,"column":38}},"10":{"start":{"line":19,"column":4},"end":{"line":21,"column":6}},"11":{"start":{"line":20,"column":8},"end":{"line":20,"column":35}},"12":{"start":{"line":22,"column":4},"end":{"line":26,"column":5}},"13":{"start":{"line":23,"column":8},"end":{"line":23,"column":40}},"14":{"start":{"line":25,"column":8},"end":{"line":25,"column":39}}},"fnMap":{"0":{"name":"(anonymous_0)","decl":{"start":{"line":1,"column":46},"end":{"line":1,"column":47}},"loc":{"start":{"line":1,"column":58},"end":{"line":12,"column":1}},"line":1},"1":{"name":"(anonymous_1)","decl":{"start":{"line":5,"column":76},"end":{"line":5,"column":77}},"loc":{"start":{"line":5,"column":88},"end":{"line":7,"column":5}},"line":5},"2":{"name":"(anonymous_2)","decl":{"start":{"line":9,"column":71},"end":{"line":9,"column":72}},"loc":{"start":{"line":9,"column":83},"end":{"line":11,"column":5}},"line":9},"3":{"name":"toggleSection","decl":{"start":{"line":14,"column":9},"end":{"line":14,"column":22}},"loc":{"start":{"line":14,"column":34},"end":{"line":27,"column":1}},"line":14},"4":{"name":"(anonymous_4)","decl":{"start":{"line":19,"column":57},"end":{"line":19,"column":58}},"loc":{"start":{"line":19,"column":65},"end":{"line":21,"column":5}},"line":19}},"branchMap":{"0":{"loc":{"start":{"line":22,"column":4},"end":{"line":26,"column":5}},"type":"if","locations":[{"start":{"line":22,"column":4},"end":{"line":26,"column":5}},{"start":{"line":22,"column":4},"end":{"line":26,"column":5}}],"line":22},"1":{"loc":{"start":{"line":22,"column":8},"end":{"line":22,"column":72}},"type":"binary-expr","locations":[{"start":{"line":22,"column":8},"end":{"line":22,"column":40}},{"start":{"line":22,"column":44},"end":{"line":22,"column":72}}],"line":22}},"s":{"0":0,"1":0,"2":0,"3":0,"4":0,"5":0,"6":0,"7":0,"8":0,"9":0,"10":0,"11":0,"12":0,"13":0,"14":0},"f":{"0":0,"1":0,"2":0,"3":0,"4":0},"b":{"0":[0,0],"1":[0,0]},"all":true},"C:\\Users\\demon\\Documents\\DVOPS_Projects\\draft7\\restaurant-booking\\utils\\AddCommentUtil.js":{"path":"C:\\Users\\demon\\Documents\\DVOPS_Projects\\draft7\\restaurant-booking\\utils\\AddCommentUtil.js","statementMap":{"0":{"start":{"line":1,"column":32},"end":{"line":1,"column":53}},"1":{"start":{"line":2,"column":20},"end":{"line":2,"column":48}},"2":{"start":{"line":5,"column":2},"end":{"line":23,"column":3}},"3":{"start":{"line":6,"column":21},"end":{"line":6,"column":38}},"4":{"start":{"line":7,"column":27},"end":{"line":7,"column":50}},"5":{"start":{"line":8,"column":19},"end":{"line":8,"column":34}},"6":{"start":{"line":9,"column":19},"end":{"line":9,"column":34}},"7":{"start":{"line":10,"column":24},"end":{"line":10,"column":44}},"8":{"start":{"line":11,"column":4},"end":{"line":11,"column":110}},"9":{"start":{"line":11,"column":76},"end":{"line":11,"column":110}},"10":{"start":{"line":12,"column":22},"end":{"line":18,"column":5}},"11":{"start":{"line":19,"column":26},"end":{"line":19,"column":77}},"12":{"start":{"line":20,"column":4},"end":{"line":20,"column":47}},"13":{"start":{"line":22,"column":4},"end":{"line":22,"column":60}},"14":{"start":{"line":25,"column":0},"end":{"line":27,"column":2}}},"fnMap":{"0":{"name":"addComment","decl":{"start":{"line":4,"column":15},"end":{"line":4,"column":25}},"loc":{"start":{"line":4,"column":36},"end":{"line":24,"column":1}},"line":4}},"branchMap":{"0":{"loc":{"start":{"line":11,"column":4},"end":{"line":11,"column":110}},"type":"if","locations":[{"start":{"line":11,"column":4},"end":{"line":11,"column":110}},{"start":{"line":11,"column":4},"end":{"line":11,"column":110}}],"line":11},"1":{"loc":{"start":{"line":11,"column":8},"end":{"line":11,"column":74}},"type":"binary-expr","locations":[{"start":{"line":11,"column":8},"end":{"line":11,"column":17}},{"start":{"line":11,"column":21},"end":{"line":11,"column":36}},{"start":{"line":11,"column":40},"end":{"line":11,"column":47}},{"start":{"line":11,"column":51},"end":{"line":11,"column":58}},{"start":{"line":11,"column":62},"end":{"line":11,"column":74}}],"line":11}},"s":{"0":0,"1":0,"2":0,"3":0,"4":0,"5":0,"6":0,"7":0,"8":0,"9":0,"10":0,"11":0,"12":0,"13":0,"14":0},"f":{"0":0},"b":{"0":[0,0],"1":[0,0,0,0,0]},"all":true},"C:\\Users\\demon\\Documents\\DVOPS_Projects\\draft7\\restaurant-booking\\utils\\CommentUtil.js":{"path":"C:\\Users\\demon\\Documents\\DVOPS_Projects\\draft7\\restaurant-booking\\utils\\CommentUtil.js","statementMap":{"0":{"start":{"line":1,"column":32},"end":{"line":1,"column":53}},"1":{"start":{"line":2,"column":20},"end":{"line":2,"column":48}},"2":{"start":{"line":4,"column":2},"end":{"line":9,"column":3}},"3":{"start":{"line":5,"column":24},"end":{"line":5,"column":63}},"4":{"start":{"line":6,"column":4},"end":{"line":6,"column":45}},"5":{"start":{"line":8,"column":4},"end":{"line":8,"column":60}},"6":{"start":{"line":11,"column":0},"end":{"line":13,"column":2}}},"fnMap":{"0":{"name":"viewComment","decl":{"start":{"line":3,"column":15},"end":{"line":3,"column":26}},"loc":{"start":{"line":3,"column":37},"end":{"line":10,"column":1}},"line":3}},"branchMap":{},"s":{"0":0,"1":0,"2":0,"3":0,"4":0,"5":0,"6":0},"f":{"0":0},"b":{},"all":true},"C:\\Users\\demon\\Documents\\DVOPS_Projects\\draft7\\restaurant-booking\\utils\\RestaurantUtil.js":{"path":"C:\\Users\\demon\\Documents\\DVOPS_Projects\\draft7\\restaurant-booking\\utils\\RestaurantUtil.js","statementMap":{"0":{"start":{"line":1,"column":32},"end":{"line":1,"column":53}},"1":{"start":{"line":2,"column":23},"end":{"line":2,"column":54}},"2":{"start":{"line":7,"column":2},"end":{"line":12,"column":3}},"3":{"start":{"line":8,"column":29},"end":{"line":8,"column":71}},"4":{"start":{"line":9,"column":6},"end":{"line":9,"column":50}},"5":{"start":{"line":11,"column":6},"end":{"line":11,"column":62}},"6":{"start":{"line":15,"column":2},"end":{"line":39,"column":3}},"7":{"start":{"line":16,"column":27},"end":{"line":16,"column":69}},"8":{"start":{"line":17,"column":17},"end":{"line":17,"column":32}},"9":{"start":{"line":20,"column":4},"end":{"line":24,"column":5}},"10":{"start":{"line":21,"column":6},"end":{"line":23,"column":80}},"11":{"start":{"line":27,"column":28},"end":{"line":29,"column":5}},"12":{"start":{"line":28,"column":15},"end":{"line":28,"column":42}},"13":{"start":{"line":30,"column":4},"end":{"line":32,"column":5}},"14":{"start":{"line":31,"column":6},"end":{"line":31,"column":51}},"15":{"start":{"line":35,"column":4},"end":{"line":35,"column":69}},"16":{"start":{"line":38,"column":4},"end":{"line":38,"column":60}},"17":{"start":{"line":41,"column":0},"end":{"line":43,"column":2}}},"fnMap":{"0":{"name":"viewRestaurant","decl":{"start":{"line":6,"column":15},"end":{"line":6,"column":29}},"loc":{"start":{"line":6,"column":40},"end":{"line":13,"column":1}},"line":6},"1":{"name":"viewRestaurantByName","decl":{"start":{"line":14,"column":15},"end":{"line":14,"column":35}},"loc":{"start":{"line":14,"column":46},"end":{"line":40,"column":1}},"line":14},"2":{"name":"(anonymous_2)","decl":{"start":{"line":28,"column":6},"end":{"line":28,"column":7}},"loc":{"start":{"line":28,"column":15},"end":{"line":28,"column":42}},"line":28}},"branchMap":{"0":{"loc":{"start":{"line":20,"column":4},"end":{"line":24,"column":5}},"type":"if","locations":[{"start":{"line":20,"column":4},"end":{"line":24,"column":5}},{"start":{"line":20,"column":4},"end":{"line":24,"column":5}}],"line":20},"1":{"loc":{"start":{"line":30,"column":4},"end":{"line":32,"column":5}},"type":"if","locations":[{"start":{"line":30,"column":4},"end":{"line":32,"column":5}},{"start":{"line":30,"column":4},"end":{"line":32,"column":5}}],"line":30}},"s":{"0":0,"1":0,"2":0,"3":0,"4":0,"5":0,"6":0,"7":0,"8":0,"9":0,"10":0,"11":0,"12":0,"13":0,"14":0,"15":0,"16":0,"17":0},"f":{"0":0,"1":0,"2":0},"b":{"0":[0,0],"1":[0,0]},"all":true}}